#
# A fatal error has been detected by the Java Runtime Environment:
#
#  SIGSEGV (0xb) at pc=0x00007fcfe91917e1, pid=827, tid=855
#
# JRE version: OpenJDK Runtime Environment (17.0.5+8) (build 17.0.5+8-Ubuntu-2ubuntu120.04)
# Java VM: OpenJDK 64-Bit Server VM (17.0.5+8-Ubuntu-2ubuntu120.04, mixed mode, sharing, tiered, compressed oops, compressed class ptrs, parallel gc, linux-amd64)
# Problematic frame:
# v  ~RuntimeStub::resolve_opt_virtual_call
#
# No core dump will be written. Core dumps have been disabled. To enable core dumping, try "ulimit -c unlimited" before starting Java again
#
# If you would like to submit a bug report, please visit:
#   Unknown
#

---------------  S U M M A R Y ------------

Command Line: --add-modules=ALL-SYSTEM --add-opens=java.base/java.util=ALL-UNNAMED --add-opens=java.base/java.lang=ALL-UNNAMED --add-opens=java.base/sun.nio.fs=ALL-UNNAMED -Declipse.application=org.eclipse.jdt.ls.core.id1 -Dosgi.bundles.defaultStartLevel=4 -Declipse.product=org.eclipse.jdt.ls.core.product -Djava.import.generatesMetadataFilesAtProjectRoot=false -Dfile.encoding=utf8 -XX:+UseParallelGC -XX:GCTimeRatio=4 -XX:AdaptiveSizePolicyWeight=90 -Dsun.zip.disableMemoryMapping=true -Xmx1G -Xms100m -Xlog:disable -javaagent:/home/aarav/.vscode-server/extensions/redhat.java-1.14.0-linux-x64/lombok/lombok-1.18.24.jar -XX:+HeapDumpOnOutOfMemoryError -XX:HeapDumpPath=/home/aarav/.vscode-server/data/User/workspaceStorage/dc847fc27a6d2243d3dbbbd772239ca1/redhat.java /home/aarav/.vscode-server/extensions/redhat.java-1.14.0-linux-x64/server/plugins/org.eclipse.equinox.launcher_1.6.400.v20210924-0641.jar -configuration /home/aarav/.vscode-server/data/User/globalStorage/redhat.java/1.14.0/config_linux -data /home/aarav/.vscode-server/data/User/workspaceStorage/dc847fc27a6d2243d3dbbbd772239ca1/redhat.java/jdt_ws

Host: Intel(R) Core(TM) i7-8550U CPU @ 1.80GHz, 8 cores, 12G, Ubuntu 20.04.5 LTS
Time: Fri Feb  3 10:33:36 2023 PST elapsed time: 1.698900 seconds (0d 0h 0m 1s)

---------------  T H R E A D  ---------------

Current thread (0x00007fd0004786b0):  JavaThread "Start Level: Equinox Container: 3731b845-9ae6-4493-972c-5185344850f0" daemon [_thread_in_Java, id=855, stack(0x00007fcfe24ea000,0x00007fcfe25eb000)]

Stack: [0x00007fcfe24ea000,0x00007fcfe25eb000],  sp=0x00007fcfe25d9f58,  free space=959k
Native frames: (J=compiled Java code, j=interpreted, Vv=VM code, C=native code)
v  ~RuntimeStub::resolve_opt_virtual_call
J 2725 c1 org.objectweb.asm.ClassReader.readMethod(Lorg/objectweb/asm/ClassVisitor;Lorg/objectweb/asm/Context;I)I (1066 bytes) @ 0x00007fcfe9bf6d9c [0x00007fcfe9bf6ce0+0x00000000000000bc]

[error occurred during error reporting (printing native stack), id 0xb, SIGSEGV (0xb) at pc=0x00007fd008e3c444]


siginfo: si_signo: 11 (SIGSEGV), si_code: 128 (SI_KERNEL), si_addr: 0x0000000000000000

Register to memory mapping:

RAX=0x00007fcfe086c000 is pointing into metadata
RBX=0x00000000eb67d288 is an oop: org.objectweb.asm.ClassReader 
{0x00000000eb67d288} - klass: 'org/objectweb/asm/ClassReader'
 - ---- fields (total size 6 words):
 - public final 'header' 'I' @12  84006 (14826)
 - private final 'maxStringLength' 'I' @16  208 (d0)
 - public final 'b' '[B' @20  [B{0x00000000eb689a30} (eb689a30)
 - final 'classFileBuffer' '[B' @24  [B{0x00000000eb689a30} (eb689a30)
 - private final 'cpInfoOffsets' '[I' @28  [I{0x00000000eb67d2b8} (eb67d2b8)
 - private final 'constantUtf8Values' '[Ljava/lang/String;' @32  a 'java/lang/String'[5331] {0x00000000eb682618} (eb682618)
 - private final 'constantDynamicValues' '[Lorg/objectweb/asm/ConstantDynamic;' @36  NULL (0)
 - private final 'bootstrapMethodOffsets' '[I' @40  [I{0x00000000eb687b98} (eb687b98)
RCX=0x00000000eb7672b8 is an oop: org.objectweb.asm.Context 
{0x00000000eb7672b8} - klass: 'org/objectweb/asm/Context'
 - ---- fields (total size 11 words):
 - 'parsingOptions' 'I' @12  0
 - 'currentMethodAccessFlags' 'I' @16  0
 - 'currentTypeAnnotationTarget' 'I' @20  0
 - 'currentFrameOffset' 'I' @24  0
 - 'currentFrameType' 'I' @28  0
 - 'currentFrameLocalCount' 'I' @32  0
 - 'currentFrameLocalCountDelta' 'I' @36  0
 - 'currentFrameStackCount' 'I' @40  0
 - 'attributePrototypes' '[Lorg/objectweb/asm/Attribute;' @44  a 'org/objectweb/asm/Attribute'[0] {0x00000000eb7672a8} (eb7672a8)
 - 'charBuffer' '[C' @48  [C{0x00000000eb767310} (eb767310)
 - 'currentMethodName' 'Ljava/lang/String;' @52  NULL (0)
 - 'currentMethodDescriptor' 'Ljava/lang/String;' @56  NULL (0)
 - 'currentMethodLabels' '[Lorg/objectweb/asm/Label;' @60  NULL (0)
 - 'currentTypeAnnotationTargetPath' 'Lorg/objectweb/asm/TypePath;' @64  NULL (0)
 - 'currentLocalVariableAnnotationRangeStarts' '[Lorg/objectweb/asm/Label;' @68  NULL (0)
 - 'currentLocalVariableAnnotationRangeEnds' '[Lorg/objectweb/asm/Label;' @72  NULL (0)
 - 'currentLocalVariableAnnotationRangeIndices' '[I' @76  NULL (0)
 - 'currentFrameLocalTypes' '[Ljava/lang/Object;' @80  NULL (0)
 - 'currentFrameStackTypes' '[Ljava/lang/Object;' @84  NULL (0)
RDX=0x0000000000014e94 is an unknown value
RSP=0x00007fcfe25d9f58 is pointing into the stack for thread: 0x00007fd0004786b0
RBP=0x00007fcfe25daa68 is pointing into the stack for thread: 0x00007fd0004786b0
RSI=0x00007fcfe086c000 is pointing into metadata
RDI=0x00000000eb767310 is an oop: [C 
{0x00000000eb767310} - klass: {type array char}
 - length: 208
R8 =0x0000000000014e94 is an unknown value
R9 =0x00000000eb6e66d8 is an oop: java.lang.String 
{0x00000000eb6e66d8} - klass: 'java/lang/String'
 - string: "[I"
R10=0x0000000800c08bb8 is a pointer to class: 
org.objectweb.asm.ClassReader {0x0000000800c08bb8}
 - instance size:     6
 - klass size:        86
 - access:            public synchronized 
 - state:             fully_initialized
 - name:              'org/objectweb/asm/ClassReader'
 - super:             'java/lang/Object'
 - sub:               
 - arrays:            NULL
 - methods:           Array<T>(0x00007fcfe383ae90)
 - method ordering:   Array<T>(0x000000080092fd50)
 - default_methods:   Array<T>(0x0000000000000000)
 - local interfaces:  Array<T>(0x00000008005de880)
 - trans. interfaces: Array<T>(0x00000008005de880)
 - constants:         constant pool [1049] {0x00007fcfe39a4000} for 'org/objectweb/asm/ClassReader' cache=0x00007fcfe39acc80
 - class loader data:  loader data: 0x00007fd000256a00 for instance a 'lombok/launch/ShadowClassLoader'{0x00000000c0005a08}
 - source file:       'ClassReader.java'
 - class annotations:       Array<T>(0x0000000000000000)
 - class type annotations:  Array<T>(0x0000000000000000)
 - field annotations:       Array<T>(0x00007fcfe39a6120)
 - field type annotations:  Array<T>(0x0000000000000000)
 - inner classes:     Array<T>(0x00000008005de810)
 - nest members:     Array<T>(0x00000008005de810)
 - permitted subclasses:     Array<T>(0x00000008005de810)
 - java mirror:       a 'java/lang/Class'{0x00000000c043b098} = 'org/objectweb/asm/ClassReader'
 - vtable length      25  (start addr: 0x0000000800c08d88)
 - itable length      2 (start addr: 0x0000000800c08e50)
 - ---- static fields (4 words):
 - public static final 'SKIP_CODE' 'I' @112 
 - public static final 'SKIP_DEBUG' 'I' @116 
 - public static final 'SKIP_FRAMES' 'I' @120 
 - public static final 'EXPAND_FRAMES' 'I' @124 
 - static final 'EXPAND_ASM_INSNS' 'I' @128 
 - private static final 'MAX_BUFFER_SIZE' 'I' @132 
 - private static final 'INPUT_STREAM_DATA_CHUNK_SIZE' 'I' @136 
 - ---- non-static fields (8 words):
 - public final 'header' 'I' @12 
 - private final 'maxStringLength' 'I' @16 
 - public final 'b' '[B' @20 
 - final 'classFileBuffer' '[B' @24 
 - private final 'cpInfoOffsets' '[I' @28 
 - private final 'constantUtf8Values' '[Ljava/lang/String;' @32 
 - private final 'constantDynamicValues' '[Lorg/objectweb/asm/ConstantDynamic;' @36 
 - private final 'bootstrapMethodOffsets' '[I' @40 
 - non-static oop maps: 20-40 
R11=0x00007fcfe9bf6d00 is at entry_point+32 in (nmethod*)0x00007fcfe9bf6590
R12=0x0 is NULL
R13=0x00007fcfe25dac88 is pointing into the stack for thread: 0x00007fd0004786b0
R14=0x00007fcfe25dae00 is pointing into the stack for thread: 0x00007fd0004786b0
R15=0x00007fd0004786b0 is a thread


Registers:
RAX=0x00007fcfe086c000, RBX=0x00000000eb67d288, RCX=0x00000000eb7672b8, RDX=0x0000000000014e94
RSP=0x00007fcfe25d9f58, RBP=0x00007fcfe25daa68, RSI=0x00007fcfe086c000, RDI=0x00000000eb767310
R8 =0x0000000000014e94, R9 =0x00000000eb6e66d8, R10=0x0000000800c08bb8, R11=0x00007fcfe9bf6d00
R12=0x0000000000000000, R13=0x00007fcfe25dac88, R14=0x00007fcfe25dae00, R15=0x00007fd0004786b0
RIP=0x00007fcfe91917e1, EFLAGS=0x0000000000010202, CSGSFS=0x002b000000000033, ERR=0x0000000000000000
  TRAPNO=0x000000000000000d

Top of Stack: (sp=0x00007fcfe25d9f58)
0x00007fcfe25d9f58:   00007fcfb815b6f8 0000000000000011
0x00007fcfe25d9f68:   00007fcf7c6b7e70 00007fcfe25da1f0
0x00007fcfe25d9f78:   00007fcfe25da1f0 00007fcf7c2000b0
0x00007fcfe25d9f88:   00007fcf7c6bb550 00007fd000478958 

Instructions: (pc=0x00007fcfe91917e1)
0x00007fcfe91916e1:   00 00 00 00 00 00 00 00 00 00 00 00 00 00 00 00
0x00007fcfe91916f1:   00 00 00 00 00 00 00 00 00 00 00 00 00 00 00 06
0x00007fcfe9191701:   00 00 00 00 00 00 00 01 00 00 00 00 00 00 00 20
0x00007fcfe9191711:   ed 4e 09 d0 7f 00 00 00 00 00 00 18 02 00 00 68
0x00007fcfe9191721:   00 00 00 69 00 00 00 18 02 00 00 64 01 00 00 80
0x00007fcfe9191731:   17 19 e9 cf 7f 00 00 28 19 19 e9 cf 7f 00 00 80
0x00007fcfe9191741:   17 19 e9 cf 7f 00 00 28 19 19 e9 cf 7f 00 00 78
0x00007fcfe9191751:   17 19 e9 cf 7f 00 00 80 17 19 e9 cf 7f 00 00 e0
0x00007fcfe9191761:   bd 03 00 d0 7f 00 00 01 00 00 00 00 00 00 00 a2
0x00007fcfe9191771:   f4 2e 09 d0 7f 00 00 76 64 2b 65 00 00 00 00 55
0x00007fcfe9191781:   48 8b ec 9c 48 83 ec 08 48 81 ec 80 00 00 00 48
0x00007fcfe9191791:   89 44 24 78 48 89 4c 24 70 48 89 54 24 68 48 89
0x00007fcfe91917a1:   5c 24 60 48 89 6c 24 50 48 89 74 24 48 48 89 7c
0x00007fcfe91917b1:   24 40 4c 89 44 24 38 4c 89 4c 24 30 4c 89 54 24
0x00007fcfe91917c1:   28 4c 89 5c 24 20 4c 89 64 24 18 4c 89 6c 24 10
0x00007fcfe91917d1:   4c 89 74 24 08 4c 89 3c 24 48 81 ec 80 0a 00 00
0x00007fcfe91917e1:   48 0f ae 04 24 c5 f8 77 c5 f8 77 49 89 a7 88 02
0x00007fcfe91917f1:   00 00 49 8b ff e8 95 08 de 1f 49 c7 87 88 02 00
0x00007fcfe9191801:   00 00 00 00 00 49 c7 87 90 02 00 00 00 00 00 00
0x00007fcfe9191811:   c5 f8 77 49 81 7f 08 00 00 00 00 0f 85 8a 00 00
0x00007fcfe9191821:   00 49 8b 9f e8 02 00 00 49 c7 87 e8 02 00 00 00
0x00007fcfe9191831:   00 00 00 48 89 9c 24 e0 0a 00 00 48 89 84 24 f8
0x00007fcfe9191841:   0a 00 00 c5 f8 77 48 0f ae 0c 24 48 81 c4 80 0a
0x00007fcfe9191851:   00 00 4c 8b 3c 24 4c 8b 74 24 08 4c 8b 6c 24 10
0x00007fcfe9191861:   4c 8b 64 24 18 4c 8b 5c 24 20 4c 8b 54 24 28 4c
0x00007fcfe9191871:   8b 4c 24 30 4c 8b 44 24 38 48 8b 7c 24 40 48 8b
0x00007fcfe9191881:   74 24 48 48 8b 6c 24 50 48 8b 5c 24 60 48 8b 54
0x00007fcfe9191891:   24 68 48 8b 4c 24 70 48 8b 44 24 78 48 81 c4 80
0x00007fcfe91918a1:   00 00 00 48 83 c4 08 9d 5d ff e0 c5 f8 77 48 0f
0x00007fcfe91918b1:   ae 0c 24 48 81 c4 80 0a 00 00 4c 8b 3c 24 4c 8b
0x00007fcfe91918c1:   74 24 08 4c 8b 6c 24 10 4c 8b 64 24 18 4c 8b 5c
0x00007fcfe91918d1:   24 20 4c 8b 54 24 28 4c 8b 4c 24 30 4c 8b 44 24 


Stack slot to memory mapping:
stack at sp + 0 slots: 0x00007fcfb815b6f8 points into unknown readable memory: 0x0000000000007ff5 | f5 7f 00 00 00 00 00 00
stack at sp + 1 slots: 0x0000000000000011 is an unknown value
stack at sp + 2 slots: 0x00007fcf7c6b7e70 points into unknown readable memory: 0x0000000000000000 | 00 00 00 00 00 00 00 00
stack at sp + 3 slots: 0x00007fcfe25da1f0 is pointing into the stack for thread: 0x00007fd0004786b0
stack at sp + 4 slots: 0x00007fcfe25da1f0 is pointing into the stack for thread: 0x00007fd0004786b0
stack at sp + 5 slots: 0x00007fcf7c2000b0 points into unknown readable memory: 0x0000000000000000 | 00 00 00 00 00 00 00 00
stack at sp + 6 slots: 0x00007fcf7c6bb550 points into unknown readable memory: 0x00007fcf7c6bb5f0 | f0 b5 6b 7c cf 7f 00 00
stack at sp + 7 slots: 0x00007fd000478958 points into unknown readable memory: 0x00007fd0095a34a0 | a0 34 5a 09 d0 7f 00 00

--------------------------------------------------------------------------------
Decoding CodeBlob, name: resolve_opt_virtual_call, at  [0x00007fcfe9191780, 0x00007fcfe9191928]  424 bytes
[MachCode]
  0x00007fcfe9191780: 5548 8bec | 9c48 83ec | 0848 81ec | 8000 0000 | 4889 4424 | 7848 894c | 2470 4889 | 5424 6848 
  0x00007fcfe91917a0: 895c 2460 | 4889 6c24 | 5048 8974 | 2448 4889 | 7c24 404c | 8944 2438 | 4c89 4c24 | 304c 8954 
  0x00007fcfe91917c0: 2428 4c89 | 5c24 204c | 8964 2418 | 4c89 6c24 | 104c 8974 | 2408 4c89 | 3c24 4881 | ec80 0a00 
  0x00007fcfe91917e0: 0048 0fae | 0424 c5f8 | 77c5 f877 | 4989 a788 | 0200 0049 | 8bff e895 | 08de 1f49 | c787 8802 
  0x00007fcfe9191800: 0000 0000 | 0000 49c7 | 8790 0200 | 0000 0000 | 00c5 f877 | 4981 7f08 | 0000 0000 | 0f85 8a00 
  0x00007fcfe9191820: 0000 498b | 9fe8 0200 | 0049 c787 | e802 0000 | 0000 0000 | 4889 9c24 | e00a 0000 | 4889 8424 
  0x00007fcfe9191840: f80a 0000 | c5f8 7748 | 0fae 0c24 | 4881 c480 | 0a00 004c | 8b3c 244c | 8b74 2408 | 4c8b 6c24 
  0x00007fcfe9191860: 104c 8b64 | 2418 4c8b | 5c24 204c | 8b54 2428 | 4c8b 4c24 | 304c 8b44 | 2438 488b | 7c24 4048 
  0x00007fcfe9191880: 8b74 2448 | 488b 6c24 | 5048 8b5c | 2460 488b | 5424 6848 | 8b4c 2470 | 488b 4424 | 7848 81c4 
  0x00007fcfe91918a0: 8000 0000 | 4883 c408 | 9d5d ffe0 | c5f8 7748 | 0fae 0c24 | 4881 c480 | 0a00 004c | 8b3c 244c 
  0x00007fcfe91918c0: 8b74 2408 | 4c8b 6c24 | 104c 8b64 | 2418 4c8b | 5c24 204c | 8b54 2428 | 4c8b 4c24 | 304c 8b44 
  0x00007fcfe91918e0: 2438 488b | 7c24 4048 | 8b74 2448 | 488b 6c24 | 5048 8b5c | 2460 488b | 5424 6848 | 8b4c 2470 
  0x00007fcfe9191900: 488b 4424 | 7848 81c4 | 8000 0000 | 4883 c408 | 9d5d 49c7 | 87e0 0200 | 0000 0000 | 0049 8b47 
  0x00007fcfe9191920: 08e9 da42 | fbff f4f4 
[/MachCode]
--------------------------------------------------------------------------------


---------------  P R O C E S S  ---------------

Threads class SMR info:
_java_thread_list=0x00007fcf7c2e0370, length=22, elements={
0x00007fd0000160a0, 0x00007fd00017b7e0, 0x00007fd00017cbf0, 0x00007fd00018a1f0,
0x00007fd00018b570, 0x00007fd00018c950, 0x00007fd00018e2d0, 0x00007fd00018f7d0,
0x00007fd000198c00, 0x00007fd0001b4730, 0x00007fcfbc06f4c0, 0x00007fd000274840,
0x00007fcfbc185620, 0x00007fd000353a30, 0x00007fd0004a50c0, 0x00007fd000475720,
0x00007fd0004786b0, 0x00007fcf7c034010, 0x00007fcf7c0b9490, 0x00007fcf7c21ca40,
0x00007fcf7c2d3b50, 0x00007fcf7c2df3b0
}

Java Threads: ( => current thread )
  0x00007fd0000160a0 JavaThread "main" [_thread_blocked, id=828, stack(0x00007fd007e35000,0x00007fd007f36000)]
  0x00007fd00017b7e0 JavaThread "Reference Handler" daemon [_thread_blocked, id=831, stack(0x00007fcfe876a000,0x00007fcfe886b000)]
  0x00007fd00017cbf0 JavaThread "Finalizer" daemon [_thread_blocked, id=832, stack(0x00007fcfe8669000,0x00007fcfe876a000)]
  0x00007fd00018a1f0 JavaThread "Signal Dispatcher" daemon [_thread_blocked, id=833, stack(0x00007fcfe810f000,0x00007fcfe8210000)]
  0x00007fd00018b570 JavaThread "Service Thread" daemon [_thread_blocked, id=834, stack(0x00007fcfe800e000,0x00007fcfe810f000)]
  0x00007fd00018c950 JavaThread "Monitor Deflation Thread" daemon [_thread_blocked, id=835, stack(0x00007fcfe3eff000,0x00007fcfe4000000)]
  0x00007fd00018e2d0 JavaThread "C2 CompilerThread0" daemon [_thread_blocked, id=836, stack(0x00007fcfe3dfe000,0x00007fcfe3eff000)]
  0x00007fd00018f7d0 JavaThread "C1 CompilerThread0" daemon [_thread_blocked, id=837, stack(0x00007fcfe3cfd000,0x00007fcfe3dfe000)]
  0x00007fd000198c00 JavaThread "Sweeper thread" daemon [_thread_blocked, id=838, stack(0x00007fcfe32ff000,0x00007fcfe3400000)]
  0x00007fd0001b4730 JavaThread "Common-Cleaner" daemon [_thread_blocked, id=839, stack(0x00007fcfe31fe000,0x00007fcfe32ff000)]
  0x00007fcfbc06f4c0 JavaThread "C2 CompilerThread1" daemon [_thread_blocked, id=840, stack(0x00007fcfe30fd000,0x00007fcfe31fe000)]
  0x00007fd000274840 JavaThread "Notification Thread" daemon [_thread_blocked, id=841, stack(0x00007fcfe2ffc000,0x00007fcfe30fd000)]
  0x00007fcfbc185620 JavaThread "C2 CompilerThread2" daemon [_thread_in_native, id=843, stack(0x00007fcfe2df9000,0x00007fcfe2efa000)]
  0x00007fd000353a30 JavaThread "process reaper" daemon [_thread_blocked, id=845, stack(0x00007fcfe3cad000,0x00007fcfe3ccf000)]
  0x00007fd0004a50c0 JavaThread "Active Thread: Equinox Container: 3731b845-9ae6-4493-972c-5185344850f0" [_thread_blocked, id=853, stack(0x00007fcfe26ec000,0x00007fcfe27ed000)]
  0x00007fd000475720 JavaThread "Framework Event Dispatcher: Equinox Container: 3731b845-9ae6-4493-972c-5185344850f0" daemon [_thread_blocked, id=854, stack(0x00007fcfe25eb000,0x00007fcfe26ec000)]
=>0x00007fd0004786b0 JavaThread "Start Level: Equinox Container: 3731b845-9ae6-4493-972c-5185344850f0" daemon [_thread_in_Java, id=855, stack(0x00007fcfe24ea000,0x00007fcfe25eb000)]
  0x00007fcf7c034010 JavaThread "SCR Component Actor" daemon [_thread_blocked, id=856, stack(0x00007fcfe21d7000,0x00007fcfe22d8000)]
  0x00007fcf7c0b9490 JavaThread "SCR Component Registry" daemon [_thread_blocked, id=861, stack(0x00007fcfe16ff000,0x00007fcfe1800000)]
  0x00007fcf7c21ca40 JavaThread "Worker-JM" [_thread_blocked, id=862, stack(0x00007fcfe15fe000,0x00007fcfe16ff000)]
  0x00007fcf7c2d3b50 JavaThread "Worker-0" [_thread_blocked, id=867, stack(0x00007fcfe14fd000,0x00007fcfe15fe000)]
  0x00007fcf7c2df3b0 JavaThread "Worker-1" [_thread_blocked, id=868, stack(0x00007fcfe13fc000,0x00007fcfe14fd000)]

Other Threads:
  0x00007fd000176fd0 VMThread "VM Thread" [stack: 0x00007fcfe886d000,0x00007fcfe896d000] [id=830]
  0x00007fd000277ea0 WatcherThread [stack: 0x00007fcfe2efc000,0x00007fcfe2ffc000] [id=842]
  0x00007fd00002d970 GCTaskThread "GC Thread#0" [stack: 0x00007fd0078f2000,0x00007fd0079f2000] [id=829]
  0x00007fcfdc0010c0 GCTaskThread "GC Thread#1" [stack: 0x00007fcfe2cf9000,0x00007fcfe2df9000] [id=846]
  0x00007fcfdc002f30 GCTaskThread "GC Thread#2" [stack: 0x00007fcfe2bf7000,0x00007fcfe2cf7000] [id=847]
  0x00007fcfdc0038e0 GCTaskThread "GC Thread#3" [stack: 0x00007fcfe2af5000,0x00007fcfe2bf5000] [id=848]
  0x00007fcfdc004290 GCTaskThread "GC Thread#4" [stack: 0x00007fcfe29f3000,0x00007fcfe2af3000] [id=849]
  0x00007fcfdc004c40 GCTaskThread "GC Thread#5" [stack: 0x00007fcfe28f1000,0x00007fcfe29f1000] [id=850]
  0x00007fcfdc005630 GCTaskThread "GC Thread#6" [stack: 0x00007fcfe27ef000,0x00007fcfe28ef000] [id=851]
  0x00007fcfdc006470 GCTaskThread "GC Thread#7" [stack: 0x00007fcfe20d7000,0x00007fcfe21d7000] [id=859]

Threads with active compile tasks:
C2 CompilerThread2     1708 2634       4       jdk.internal.org.objectweb.asm.Frame::execute (2305 bytes)

VM state: not at safepoint (normal execution)

VM Mutex/Monitor currently owned by a thread: None

Heap address: 0x00000000c0000000, size: 1024 MB, Compressed Oops mode: 32-bit

CDS archive(s) mapped at: [0x0000000800000000-0x0000000800be3000-0x0000000800be3000), size 12464128, SharedBaseAddress: 0x0000000800000000, ArchiveRelocationMode: 0.
Compressed class space mapped at: 0x0000000800c00000-0x0000000840c00000, reserved size: 1073741824
Narrow klass base: 0x0000000800000000, Narrow klass shift: 0, Narrow klass range: 0x100000000

GC Precious Log:
 CPUs: 8 total, 8 available
 Memory: 12684M
 Large Page Support: Disabled
 NUMA Support: Disabled
 Compressed Oops: Enabled (32-bit)
 Alignments: Space 512K, Generation 512K, Heap 2M
 Heap Min Capacity: 100M
 Heap Initial Capacity: 100M
 Heap Max Capacity: 1G
 Pre-touch: Disabled
 Parallel Workers: 8

Heap:
 PSYoungGen      total 29696K, used 16958K [0x00000000eab00000, 0x00000000ecc00000, 0x0000000100000000)
  eden space 25600K, 50% used [0x00000000eab00000,0x00000000eb790aa8,0x00000000ec400000)
  from space 4096K, 99% used [0x00000000ec800000,0x00000000ecbfeec8,0x00000000ecc00000)
  to   space 4096K, 0% used [0x00000000ec400000,0x00000000ec400000,0x00000000ec800000)
 ParOldGen       total 68608K, used 5662K [0x00000000c0000000, 0x00000000c4300000, 0x00000000eab00000)
  object space 68608K, 8% used [0x00000000c0000000,0x00000000c05878e8,0x00000000c4300000)
 Metaspace       used 18557K, committed 19136K, reserved 1073152K
  class space    used 1913K, committed 2176K, reserved 1048576K

Card table byte_map: [0x00007fd0079f2000,0x00007fd007bf3000] _byte_map_base: 0x00007fd0073f2000

Marking Bits: (ParMarkBitMap*) 0x00007fd009603640
 Begin Bits: [0x00007fd00579a000, 0x00007fd00679a000)
 End Bits:   [0x00007fd00679a000, 0x00007fd00779a000)

Polling page: 0x00007fd007e33000

Metaspace:

Usage:
  Non-class:     16.25 MB used.
      Class:      1.87 MB used.
       Both:     18.12 MB used.

Virtual space:
  Non-class space:       24.00 MB reserved,      16.56 MB ( 69%) committed,  3 nodes.
      Class space:        1.00 GB reserved,       2.12 MB ( <1%) committed,  1 nodes.
             Both:        1.02 GB reserved,      18.69 MB (  2%) committed. 

Chunk freelists:
   Non-Class:  3.02 MB
       Class:  1.89 MB
        Both:  4.91 MB

MaxMetaspaceSize: unlimited
CompressedClassSpaceSize: 1.00 GB
Initial GC threshold: 21.00 MB
Current GC threshold: 21.00 MB
CDS: on
MetaspaceReclaimPolicy: balanced
 - commit_granule_bytes: 65536.
 - commit_granule_words: 8192.
 - virtual_space_node_default_size: 1048576.
 - enlarge_chunks_in_place: 1.
 - new_chunks_are_fully_committed: 0.
 - uncommit_free_chunks: 1.
 - use_allocation_guard: 0.
 - handle_deallocations: 1.


Internal statistics:

num_allocs_failed_limit: 0.
num_arena_births: 472.
num_arena_deaths: 0.
num_vsnodes_births: 4.
num_vsnodes_deaths: 0.
num_space_committed: 299.
num_space_uncommitted: 0.
num_chunks_returned_to_freelist: 0.
num_chunks_taken_from_freelist: 1216.
num_chunk_merges: 0.
num_chunk_splits: 757.
num_chunks_enlarged: 428.
num_purges: 0.
num_inconsistent_stats: 0.

CodeHeap 'non-profiled nmethods': size=120028Kb used=1135Kb max_used=1135Kb free=118892Kb
 bounds [0x00007fcff0c0e000, 0x00007fcff0e7e000, 0x00007fcff8145000]
CodeHeap 'profiled nmethods': size=120028Kb used=5285Kb max_used=5285Kb free=114742Kb
 bounds [0x00007fcfe96d7000, 0x00007fcfe9c07000, 0x00007fcff0c0e000]
CodeHeap 'non-nmethods': size=5704Kb used=1194Kb max_used=1225Kb free=4509Kb
 bounds [0x00007fcfe9145000, 0x00007fcfe93b5000, 0x00007fcfe96d7000]
 total_blobs=3233 nmethods=2736 adapters=412
 compilation: enabled
              stopped_count=0, restarted_count=0
 full_count=0

Compilation events (20 events):
Event: 1.687 Thread 0x00007fd00018f7d0 nmethod 2729 0x00007fcff0d28310 code [0x00007fcff0d284a0, 0x00007fcff0d28570]
Event: 1.687 Thread 0x00007fd00018f7d0 2730       3       org.eclipse.core.internal.dtree.AbstractDataTreeNode::indexOfChild (75 bytes)
Event: 1.687 Thread 0x00007fd00018f7d0 nmethod 2730 0x00007fcfe9bfd510 code [0x00007fcfe9bfd6e0, 0x00007fcfe9bfda60]
Event: 1.687 Thread 0x00007fd00018f7d0 2731       3       java.lang.invoke.TypeConvertingMethodAdapter::cast (42 bytes)
Event: 1.688 Thread 0x00007fd00018f7d0 nmethod 2731 0x00007fcfe9bfdc10 code [0x00007fcfe9bfde00, 0x00007fcfe9bfe280]
Event: 1.688 Thread 0x00007fd00018f7d0 2733       3       java.util.ArrayDeque::circularClear (43 bytes)
Event: 1.688 Thread 0x00007fd00018f7d0 nmethod 2733 0x00007fcfe9bfe410 code [0x00007fcfe9bfe5e0, 0x00007fcfe9bfe9f0]
Event: 1.688 Thread 0x00007fd00018f7d0 2732       3       java.util.ArrayDeque::clear (26 bytes)
Event: 1.689 Thread 0x00007fd00018f7d0 nmethod 2732 0x00007fcfe9bfeb90 code [0x00007fcfe9bfed40, 0x00007fcfe9bfeea0]
Event: 1.689 Thread 0x00007fcfbc06f4c0 nmethod 2728 0x00007fcff0d28610 code [0x00007fcff0d287e0, 0x00007fcff0d28d58]
Event: 1.691 Thread 0x00007fd00018f7d0 2734       3       java.lang.ClassLoader::definePackage (85 bytes)
Event: 1.692 Thread 0x00007fd00018f7d0 nmethod 2734 0x00007fcfe9bfef90 code [0x00007fcfe9bff260, 0x00007fcfe9c00270]
Event: 1.696 Thread 0x00007fcfbc06f4c0 2735       4       org.objectweb.asm.ClassReader::readInt (52 bytes)
Event: 1.696 Thread 0x00007fd00018e2d0 2736       4       org.objectweb.asm.Symbol::<init> (38 bytes)
Event: 1.696 Thread 0x00007fd00018e2d0 nmethod 2736 0x00007fcff0d29210 code [0x00007fcff0d29380, 0x00007fcff0d29438]
Event: 1.696 Thread 0x00007fd00018e2d0 2737       4       org.objectweb.asm.SymbolTable::add (39 bytes)
Event: 1.697 Thread 0x00007fcfbc06f4c0 nmethod 2735 0x00007fcff0d29510 code [0x00007fcff0d296a0, 0x00007fcff0d29798]
Event: 1.697 Thread 0x00007fcfbc06f4c0 2738       4       org.objectweb.asm.SymbolTable$Entry::<init> (17 bytes)
Event: 1.697 Thread 0x00007fd00018e2d0 nmethod 2737 0x00007fcff0d29890 code [0x00007fcff0d29a20, 0x00007fcff0d29b38]
Event: 1.698 Thread 0x00007fcfbc06f4c0 nmethod 2738 0x00007fcff0d29c90 code [0x00007fcff0d29e00, 0x00007fcff0d29eb8]

GC Heap History (8 events):
Event: 0.437 GC heap before
{Heap before GC invocations=1 (full 0):
 PSYoungGen      total 29696K, used 25600K [0x00000000eab00000, 0x00000000ecc00000, 0x0000000100000000)
  eden space 25600K, 100% used [0x00000000eab00000,0x00000000ec400000,0x00000000ec400000)
  from space 4096K, 0% used [0x00000000ec800000,0x00000000ec800000,0x00000000ecc00000)
  to   space 4096K, 0% used [0x00000000ec400000,0x00000000ec400000,0x00000000ec800000)
 ParOldGen       total 68608K, used 0K [0x00000000c0000000, 0x00000000c4300000, 0x00000000eab00000)
  object space 68608K, 0% used [0x00000000c0000000,0x00000000c0000000,0x00000000c4300000)
 Metaspace       used 4681K, committed 4864K, reserved 1056768K
  class space    used 449K, committed 512K, reserved 1048576K
}
Event: 0.441 GC heap after
{Heap after GC invocations=1 (full 0):
 PSYoungGen      total 29696K, used 3688K [0x00000000eab00000, 0x00000000ecc00000, 0x0000000100000000)
  eden space 25600K, 0% used [0x00000000eab00000,0x00000000eab00000,0x00000000ec400000)
  from space 4096K, 90% used [0x00000000ec400000,0x00000000ec79a208,0x00000000ec800000)
  to   space 4096K, 0% used [0x00000000ec800000,0x00000000ec800000,0x00000000ecc00000)
 ParOldGen       total 68608K, used 16K [0x00000000c0000000, 0x00000000c4300000, 0x00000000eab00000)
  object space 68608K, 0% used [0x00000000c0000000,0x00000000c0004000,0x00000000c4300000)
 Metaspace       used 4681K, committed 4864K, reserved 1056768K
  class space    used 449K, committed 512K, reserved 1048576K
}
Event: 0.794 GC heap before
{Heap before GC invocations=2 (full 0):
 PSYoungGen      total 29696K, used 29268K [0x00000000eab00000, 0x00000000ecc00000, 0x0000000100000000)
  eden space 25600K, 99% used [0x00000000eab00000,0x00000000ec3fb188,0x00000000ec400000)
  from space 4096K, 90% used [0x00000000ec400000,0x00000000ec79a208,0x00000000ec800000)
  to   space 4096K, 0% used [0x00000000ec800000,0x00000000ec800000,0x00000000ecc00000)
 ParOldGen       total 68608K, used 16K [0x00000000c0000000, 0x00000000c4300000, 0x00000000eab00000)
  object space 68608K, 0% used [0x00000000c0000000,0x00000000c0004000,0x00000000c4300000)
 Metaspace       used 8669K, committed 8896K, reserved 1056768K
  class space    used 848K, committed 960K, reserved 1048576K
}
Event: 0.799 GC heap after
{Heap after GC invocations=2 (full 0):
 PSYoungGen      total 29696K, used 4087K [0x00000000eab00000, 0x00000000ecc00000, 0x0000000100000000)
  eden space 25600K, 0% used [0x00000000eab00000,0x00000000eab00000,0x00000000ec400000)
  from space 4096K, 99% used [0x00000000ec800000,0x00000000ecbfdec8,0x00000000ecc00000)
  to   space 4096K, 0% used [0x00000000ec400000,0x00000000ec400000,0x00000000ec800000)
 ParOldGen       total 68608K, used 1803K [0x00000000c0000000, 0x00000000c4300000, 0x00000000eab00000)
  object space 68608K, 2% used [0x00000000c0000000,0x00000000c01c2ea8,0x00000000c4300000)
 Metaspace       used 8669K, committed 8896K, reserved 1056768K
  class space    used 848K, committed 960K, reserved 1048576K
}
Event: 1.181 GC heap before
{Heap before GC invocations=3 (full 0):
 PSYoungGen      total 29696K, used 29687K [0x00000000eab00000, 0x00000000ecc00000, 0x0000000100000000)
  eden space 25600K, 100% used [0x00000000eab00000,0x00000000ec400000,0x00000000ec400000)
  from space 4096K, 99% used [0x00000000ec800000,0x00000000ecbfdec8,0x00000000ecc00000)
  to   space 4096K, 0% used [0x00000000ec400000,0x00000000ec400000,0x00000000ec800000)
 ParOldGen       total 68608K, used 1803K [0x00000000c0000000, 0x00000000c4300000, 0x00000000eab00000)
  object space 68608K, 2% used [0x00000000c0000000,0x00000000c01c2ea8,0x00000000c4300000)
 Metaspace       used 13373K, committed 13760K, reserved 1064960K
  class space    used 1321K, committed 1472K, reserved 1048576K
}
Event: 1.187 GC heap after
{Heap after GC invocations=3 (full 0):
 PSYoungGen      total 29696K, used 4069K [0x00000000eab00000, 0x00000000ecc00000, 0x0000000100000000)
  eden space 25600K, 0% used [0x00000000eab00000,0x00000000eab00000,0x00000000ec400000)
  from space 4096K, 99% used [0x00000000ec400000,0x00000000ec7f9480,0x00000000ec800000)
  to   space 4096K, 0% used [0x00000000ec800000,0x00000000ec800000,0x00000000ecc00000)
 ParOldGen       total 68608K, used 3583K [0x00000000c0000000, 0x00000000c4300000, 0x00000000eab00000)
  object space 68608K, 5% used [0x00000000c0000000,0x00000000c037ffe0,0x00000000c4300000)
 Metaspace       used 13373K, committed 13760K, reserved 1064960K
  class space    used 1321K, committed 1472K, reserved 1048576K
}
Event: 1.549 GC heap before
{Heap before GC invocations=4 (full 0):
 PSYoungGen      total 29696K, used 29669K [0x00000000eab00000, 0x00000000ecc00000, 0x0000000100000000)
  eden space 25600K, 100% used [0x00000000eab00000,0x00000000ec400000,0x00000000ec400000)
  from space 4096K, 99% used [0x00000000ec400000,0x00000000ec7f9480,0x00000000ec800000)
  to   space 4096K, 0% used [0x00000000ec800000,0x00000000ec800000,0x00000000ecc00000)
 ParOldGen       total 68608K, used 3583K [0x00000000c0000000, 0x00000000c4300000, 0x00000000eab00000)
  object space 68608K, 5% used [0x00000000c0000000,0x00000000c037ffe0,0x00000000c4300000)
 Metaspace       used 16693K, committed 17280K, reserved 1064960K
  class space    used 1738K, committed 1984K, reserved 1048576K
}
Event: 1.555 GC heap after
{Heap after GC invocations=4 (full 0):
 PSYoungGen      total 29696K, used 4091K [0x00000000eab00000, 0x00000000ecc00000, 0x0000000100000000)
  eden space 25600K, 0% used [0x00000000eab00000,0x00000000eab00000,0x00000000ec400000)
  from space 4096K, 99% used [0x00000000ec800000,0x00000000ecbfeec8,0x00000000ecc00000)
  to   space 4096K, 0% used [0x00000000ec400000,0x00000000ec400000,0x00000000ec800000)
 ParOldGen       total 68608K, used 5662K [0x00000000c0000000, 0x00000000c4300000, 0x00000000eab00000)
  object space 68608K, 8% used [0x00000000c0000000,0x00000000c05878e8,0x00000000c4300000)
 Metaspace       used 16693K, committed 17280K, reserved 1064960K
  class space    used 1738K, committed 1984K, reserved 1048576K
}

Dll operation events (10 events):
Event: 0.001 Loaded shared library /usr/lib/jvm/java-17-openjdk-amd64/lib/libjava.so
Event: 0.001 Loaded shared library /usr/lib/jvm/java-17-openjdk-amd64/lib/libzip.so
Event: 0.006 Loaded shared library /usr/lib/jvm/java-17-openjdk-amd64/lib/libjsvml.so
Event: 0.058 Loaded shared library /usr/lib/jvm/java-17-openjdk-amd64/lib/libinstrument.so
Event: 0.060 Loaded shared library /usr/lib/jvm/java-17-openjdk-amd64/lib/libnio.so
Event: 0.062 Loaded shared library /usr/lib/jvm/java-17-openjdk-amd64/lib/libzip.so
Event: 0.069 Loaded shared library /usr/lib/jvm/java-17-openjdk-amd64/lib/libjimage.so
Event: 0.092 Loaded shared library /usr/lib/jvm/java-17-openjdk-amd64/lib/libverify.so
Event: 0.477 Loaded shared library /usr/lib/jvm/java-17-openjdk-amd64/lib/libnet.so
Event: 0.733 Loaded shared library /home/aarav/.vscode-server/data/User/globalStorage/redhat.java/1.14.0/config_linux/org.eclipse.equinox.launcher/org.eclipse.equinox.launcher.gtk.linux.x86_64_1.2.700.v20221108-1024/eclipse_11801.so

Deoptimization events (20 events):
Event: 1.353 Thread 0x00007fd0004786b0 DEOPT PACKING pc=0x00007fcfe9b1e055 sp=0x00007fcfe25dae20
Event: 1.353 Thread 0x00007fd0004786b0 DEOPT UNPACKING pc=0x00007fcfe919752f sp=0x00007fcfe25da2c8 mode 0
Event: 1.354 Thread 0x00007fd0004786b0 Uncommon trap: trap_request=0xffffff45 fr.pc=0x00007fcff0c68e48 relative=0x0000000000002708
Event: 1.354 Thread 0x00007fd0004786b0 Uncommon trap: reason=unstable_if action=reinterpret pc=0x00007fcff0c68e48 method=java.util.jar.Manifest$FastInputStream.peek()B @ 8 c2
Event: 1.354 Thread 0x00007fd0004786b0 DEOPT PACKING pc=0x00007fcff0c68e48 sp=0x00007fcfe25daf50
Event: 1.354 Thread 0x00007fd0004786b0 DEOPT UNPACKING pc=0x00007fcfe9196d99 sp=0x00007fcfe25daee8 mode 2
Event: 1.356 Thread 0x00007fd0004786b0 Uncommon trap: trap_request=0xffffff45 fr.pc=0x00007fcff0c643a8 relative=0x0000000000000088
Event: 1.356 Thread 0x00007fd0004786b0 Uncommon trap: reason=unstable_if action=reinterpret pc=0x00007fcff0c643a8 method=java.util.jar.Manifest$FastInputStream.peek()B @ 8 c2
Event: 1.356 Thread 0x00007fd0004786b0 DEOPT PACKING pc=0x00007fcff0c643a8 sp=0x00007fcfe25daf30
Event: 1.356 Thread 0x00007fd0004786b0 DEOPT UNPACKING pc=0x00007fcfe9196d99 sp=0x00007fcfe25daee8 mode 2
Event: 1.373 Thread 0x00007fd0004786b0 DEOPT PACKING pc=0x00007fcfe9b1e055 sp=0x00007fcfe25d8740
Event: 1.373 Thread 0x00007fd0004786b0 DEOPT UNPACKING pc=0x00007fcfe919752f sp=0x00007fcfe25d7be8 mode 0
Event: 1.402 Thread 0x00007fd0004786b0 DEOPT PACKING pc=0x00007fcfe9843bde sp=0x00007fcfe25dce20
Event: 1.402 Thread 0x00007fd0004786b0 DEOPT UNPACKING pc=0x00007fcfe919752f sp=0x00007fcfe25dc338 mode 0
Event: 1.608 Thread 0x00007fd0004786b0 DEOPT PACKING pc=0x00007fcfe9843bde sp=0x00007fcfe25df390
Event: 1.608 Thread 0x00007fd0004786b0 DEOPT UNPACKING pc=0x00007fcfe919752f sp=0x00007fcfe25de8a8 mode 0
Event: 1.637 Thread 0x00007fcf7c2d3b50 Uncommon trap: trap_request=0xffffffcc fr.pc=0x00007fcff0d1978c relative=0x000000000000036c
Event: 1.637 Thread 0x00007fcf7c2d3b50 Uncommon trap: reason=intrinsic_or_type_checked_inlining action=make_not_entrant pc=0x00007fcff0d1978c method=java.util.Arrays.copyOf([Ljava/lang/Object;ILjava/lang/Class;)[Ljava/lang/Object; @ 35 c2
Event: 1.637 Thread 0x00007fcf7c2d3b50 DEOPT PACKING pc=0x00007fcff0d1978c sp=0x00007fcfe15fbf00
Event: 1.637 Thread 0x00007fcf7c2d3b50 DEOPT UNPACKING pc=0x00007fcfe9196d99 sp=0x00007fcfe15fbe90 mode 2

Classes unloaded (0 events):
No events

Classes redefined (0 events):
No events

Internal exceptions (20 events):
Event: 1.526 Thread 0x00007fd0004786b0 Exception <a 'java/lang/NoSuchMethodError'{0x00000000ec2fdb00}: 'java.lang.Object java.lang.invoke.Invokers$Holder.invoke_MT(java.lang.Object, java.lang.Object, java.lang.Object, java.lang.Object, java.lang.Object, java.lang.Object, java.lang.Object, java.lang.Object, java.lang.Object)'> (0x00000000ec2fdb00) 
thrown [src/hotspot/share/interpreter/linkResolver.cpp, line 758]
Event: 1.529 Thread 0x00007fd0004786b0 Exception <a 'java/lang/NoSuchMethodError'{0x00000000ec337708}: 'int java.lang.invoke.DirectMethodHandle$Holder.invokeVirtual(java.lang.Object, java.lang.Object, java.lang.Object)'> (0x00000000ec337708) 
thrown [src/hotspot/share/interpreter/linkResolver.cpp, line 758]
Event: 1.529 Thread 0x00007fd0004786b0 Exception <a 'java/lang/NoSuchMethodError'{0x00000000ec33bfb0}: 'int java.lang.invoke.DirectMethodHandle$Holder.invokeVirtual(java.lang.Object, java.lang.Object)'> (0x00000000ec33bfb0) 
thrown [src/hotspot/share/interpreter/linkResolver.cpp, line 758]
Event: 1.530 Thread 0x00007fd0004786b0 Exception <a 'java/lang/NoSuchMethodError'{0x00000000ec3411b8}: 'int java.lang.invoke.DirectMethodHandle$Holder.invokeStaticInit(java.lang.Object, int, int)'> (0x00000000ec3411b8) 
thrown [src/hotspot/share/interpreter/linkResolver.cpp, line 758]
Event: 1.530 Thread 0x00007fd0004786b0 Exception <a 'java/lang/NoSuchMethodError'{0x00000000ec349998}: 'int java.lang.invoke.DirectMethodHandle$Holder.invokeStaticInit(java.lang.Object, long, long)'> (0x00000000ec349998) 
thrown [src/hotspot/share/interpreter/linkResolver.cpp, line 758]
Event: 1.531 Thread 0x00007fd0004786b0 Exception <a 'java/lang/NoSuchMethodError'{0x00000000ec3517d8}: 'int java.lang.invoke.DirectMethodHandle$Holder.invokeStaticInit(java.lang.Object, float, float)'> (0x00000000ec3517d8) 
thrown [src/hotspot/share/interpreter/linkResolver.cpp, line 758]
Event: 1.531 Thread 0x00007fd0004786b0 Exception <a 'java/lang/NoSuchMethodError'{0x00000000ec359620}: 'int java.lang.invoke.DirectMethodHandle$Holder.invokeStaticInit(java.lang.Object, double, double)'> (0x00000000ec359620) 
thrown [src/hotspot/share/interpreter/linkResolver.cpp, line 758]
Event: 1.532 Thread 0x00007fd0004786b0 Exception <a 'java/lang/NoSuchMethodError'{0x00000000ec35ec18}: 'int java.lang.invoke.DirectMethodHandle$Holder.invokeStatic(java.lang.Object, long)'> (0x00000000ec35ec18) 
thrown [src/hotspot/share/interpreter/linkResolver.cpp, line 758]
Event: 1.535 Thread 0x00007fd0004786b0 Exception <a 'java/lang/NoSuchMethodError'{0x00000000ec3876c0}: 'int java.lang.invoke.Invokers$Holder.linkToTargetMethod(java.lang.Object, java.lang.Object)'> (0x00000000ec3876c0) 
thrown [src/hotspot/share/interpreter/linkResolver.cpp, line 758]
Event: 1.567 Thread 0x00007fd0004786b0 Exception <a 'java/lang/NoSuchMethodError'{0x00000000eab845b0}: 'java.lang.Object java.lang.invoke.DirectMethodHandle$Holder.invokeSpecial(java.lang.Object, java.lang.Object, java.lang.Object, java.lang.Object, java.lang.Object, java.lang.Object, java.lang.Object, java.lang.Object, java.lang.Object, java.lang.Object, java.lang.Object)'> (0x00000000eab845b0) 
thrown [src/hotspot/share/interpreter/linkResolver.cpp, line 758]
Event: 1.568 Thread 0x00007fd0004786b0 Exception <a 'java/lang/NoSuchMethodError'{0x00000000eab89ac8}: 'java.lang.Object java.lang.invoke.Invokers$Holder.invoke_MT(java.lang.Object, java.lang.Object, java.lang.Object, java.lang.Object, java.lang.Object, java.lang.Object, java.lang.Object, java.lang.Object, java.lang.Object, java.lang.Object, java.lang.Object)'> (0x00000000eab89ac8) 
thrown [src/hotspot/share/interpreter/linkResolver.cpp, line 758]
Event: 1.576 Thread 0x00007fd0004786b0 Exception <a 'java/lang/NoSuchMethodError'{0x00000000eac0f820}: 'java.lang.Object java.lang.invoke.DirectMethodHandle$Holder.invokeSpecial(java.lang.Object, java.lang.Object, java.lang.Object, java.lang.Object, java.lang.Object, java.lang.Object, java.lang.Object, java.lang.Object, java.lang.Object, java.lang.Object)'> (0x00000000eac0f820) 
thrown [src/hotspot/share/interpreter/linkResolver.cpp, line 758]
Event: 1.577 Thread 0x00007fd0004786b0 Exception <a 'java/lang/NoSuchMethodError'{0x00000000eac14cd0}: 'java.lang.Object java.lang.invoke.Invokers$Holder.invoke_MT(java.lang.Object, java.lang.Object, java.lang.Object, java.lang.Object, java.lang.Object, java.lang.Object, java.lang.Object, java.lang.Object, java.lang.Object, java.lang.Object)'> (0x00000000eac14cd0) 
thrown [src/hotspot/share/interpreter/linkResolver.cpp, line 758]
Event: 1.587 Thread 0x00007fd0004786b0 Exception <a 'java/lang/NoSuchMethodError'{0x00000000eacdf050}: 'java.lang.Object java.lang.invoke.DirectMethodHandle$Holder.newInvokeSpecial(java.lang.Object, java.lang.Object, java.lang.Object, java.lang.Object, java.lang.Object, java.lang.Object, java.lang.Object)'> (0x00000000eacdf050) 
thrown [src/hotspot/share/interpreter/linkResolver.cpp, line 758]
Event: 1.592 Thread 0x00007fd0004786b0 Exception <a 'java/lang/NoSuchMethodError'{0x00000000ead64520}: 'java.lang.Object java.lang.invoke.DirectMethodHandle$Holder.invokeSpecial(java.lang.Object, java.lang.Object, java.lang.Object, java.lang.Object, java.lang.Object, java.lang.Object, java.lang.Object, java.lang.Object, java.lang.Object, java.lang.Object, java.lang.Object, java.lang.Object, java.lang.Object)'> (0x00000000ead64520) 
thrown [src/hotspot/share/interpreter/linkResolver.cpp, line 758]
Event: 1.592 Thread 0x00007fd0004786b0 Exception <a 'java/lang/NoSuchMethodError'{0x00000000ead6a050}: 'java.lang.Object java.lang.invoke.Invokers$Holder.invoker(java.lang.Object, java.lang.Object, java.lang.Object, java.lang.Object, java.lang.Object, java.lang.Object, java.lang.Object, java.lang.Object, java.lang.Object, java.lang.Object, java.lang.Object, java.lang.Object, java.lang.Object)'> (0x00000000ead6a050) 
thrown [src/hotspot/share/interpreter/linkResolver.cpp, line 758]
Event: 1.593 Thread 0x00007fd0004786b0 Exception <a 'java/lang/NoSuchMethodError'{0x00000000ead70dd0}: 'java.lang.Object java.lang.invoke.DirectMethodHandle$Holder.invokeSpecial(java.lang.Object, java.lang.Object, java.lang.Object, java.lang.Object, java.lang.Object, java.lang.Object, java.lang.Object, java.lang.Object, java.lang.Object, java.lang.Object, java.lang.Object, java.lang.Object, java.lang.Object, java.lang.Object)'> (0x00000000ead70dd0) 
thrown [src/hotspot/share/interpreter/linkResolver.cpp, line 758]
Event: 1.596 Thread 0x00007fd0004786b0 Exception <a 'java/lang/NoSuchMethodError'{0x00000000eadccb00}: static Lorg/eclipse/m2e/core/internal/lifecyclemapping/model/PluginExecutionMetadata;.<clinit>()V> (0x00000000eadccb00) 
thrown [src/hotspot/share/prims/jni.cpp, line 1107]
Event: 1.600 Thread 0x00007fd0004786b0 Exception <a 'java/lang/NoSuchMethodError'{0x00000000eae24738}: static Lorg/eclipse/m2e/core/internal/lifecyclemapping/model/PluginExecutionFilter;.<clinit>()V> (0x00000000eae24738) 
thrown [src/hotspot/share/prims/jni.cpp, line 1107]
Event: 1.638 Thread 0x00007fcf7c2d3b50 Exception <a 'java/io/FileNotFoundException'{0x00000000eb0da010}> (0x00000000eb0da010) 
thrown [src/hotspot/share/prims/jni.cpp, line 516]

VM Operations (20 events):
Event: 0.770 Executing VM operation: ICBufferFull
Event: 0.770 Executing VM operation: ICBufferFull done
Event: 0.794 Executing VM operation: ParallelGCFailedAllocation
Event: 0.799 Executing VM operation: ParallelGCFailedAllocation done
Event: 0.993 Executing VM operation: HandshakeAllThreads
Event: 0.993 Executing VM operation: HandshakeAllThreads done
Event: 1.000 Executing VM operation: HandshakeAllThreads
Event: 1.000 Executing VM operation: HandshakeAllThreads done
Event: 1.002 Executing VM operation: HandshakeAllThreads
Event: 1.002 Executing VM operation: HandshakeAllThreads done
Event: 1.106 Executing VM operation: HandshakeAllThreads
Event: 1.106 Executing VM operation: HandshakeAllThreads done
Event: 1.181 Executing VM operation: ParallelGCFailedAllocation
Event: 1.187 Executing VM operation: ParallelGCFailedAllocation done
Event: 1.264 Executing VM operation: HandshakeAllThreads
Event: 1.264 Executing VM operation: HandshakeAllThreads done
Event: 1.516 Executing VM operation: HandshakeAllThreads
Event: 1.516 Executing VM operation: HandshakeAllThreads done
Event: 1.548 Executing VM operation: ParallelGCFailedAllocation
Event: 1.555 Executing VM operation: ParallelGCFailedAllocation done

Events (20 events):
Event: 1.676 loading class java/util/zip/DeflaterOutputStream done
Event: 1.676 loading class java/util/zip/GZIPOutputStream done
Event: 1.678 loading class java/net/SocketTimeoutException
Event: 1.678 loading class java/io/InterruptedIOException
Event: 1.678 loading class java/io/InterruptedIOException done
Event: 1.678 loading class java/net/SocketTimeoutException done
Event: 1.678 loading class java/net/SocketException
Event: 1.678 loading class java/net/SocketException done
Event: 1.678 loading class java/net/UnknownHostException
Event: 1.678 loading class java/net/UnknownHostException done
Event: 1.678 loading class java/net/ProtocolException
Event: 1.678 loading class java/net/ProtocolException done
Event: 1.687 loading class org/eclipse/core/internal/jobs/JobManager
Event: 1.687 loading class org/eclipse/core/internal/jobs/JobManager done
Event: 1.687 loading class org/eclipse/core/internal/jobs/InternalJob
Event: 1.687 loading class org/eclipse/core/internal/jobs/InternalJob done
Event: 1.687 loading class org/eclipse/core/internal/jobs/InternalJob
Event: 1.687 loading class org/eclipse/core/internal/jobs/InternalJob done
Event: 1.692 loading class java/io/FileWriter
Event: 1.693 loading class java/io/FileWriter done


Dynamic libraries:
c0000000-c4300000 rw-p 00000000 00:00 0 
c4300000-eab00000 ---p 00000000 00:00 0 
eab00000-ecc00000 rw-p 00000000 00:00 0 
ecc00000-100000000 ---p 00000000 00:00 0 
800000000-800be3000 rw-p 00001000 08:10 248113                           /usr/lib/jvm/java-17-openjdk-amd64/lib/server/classes.jsa
800be3000-800c00000 ---p 00000000 00:00 0 
800c00000-800c20000 rw-p 00000000 00:00 0 
800c20000-800c40000 rw-p 00000000 00:00 0 
800c40000-800cc0000 rw-p 00000000 00:00 0 
800cc0000-800d00000 rw-p 00000000 00:00 0 
800d00000-800e20000 rw-p 00000000 00:00 0 
800e20000-840c00000 ---p 00000000 00:00 0 
563c11b1d000-563c11b1e000 r--p 00000000 08:10 247096                     /usr/lib/jvm/java-17-openjdk-amd64/bin/java
563c11b1e000-563c11b1f000 r-xp 00001000 08:10 247096                     /usr/lib/jvm/java-17-openjdk-amd64/bin/java
563c11b1f000-563c11b20000 r--p 00002000 08:10 247096                     /usr/lib/jvm/java-17-openjdk-amd64/bin/java
563c11b20000-563c11b21000 r--p 00002000 08:10 247096                     /usr/lib/jvm/java-17-openjdk-amd64/bin/java
563c11b21000-563c11b22000 rw-p 00003000 08:10 247096                     /usr/lib/jvm/java-17-openjdk-amd64/bin/java
563c12c6f000-563c12cb6000 rw-p 00000000 00:00 0                          [heap]
7fcf64000000-7fcf64021000 rw-p 00000000 00:00 0 
7fcf64021000-7fcf68000000 ---p 00000000 00:00 0 
7fcf6c000000-7fcf6c021000 rw-p 00000000 00:00 0 
7fcf6c021000-7fcf70000000 ---p 00000000 00:00 0 
7fcf70000000-7fcf70021000 rw-p 00000000 00:00 0 
7fcf70021000-7fcf74000000 ---p 00000000 00:00 0 
7fcf74000000-7fcf74021000 rw-p 00000000 00:00 0 
7fcf74021000-7fcf78000000 ---p 00000000 00:00 0 
7fcf78000000-7fcf78021000 rw-p 00000000 00:00 0 
7fcf78021000-7fcf7c000000 ---p 00000000 00:00 0 
7fcf7c000000-7fcf7c6c2000 rw-p 00000000 00:00 0 
7fcf7c6c2000-7fcf80000000 ---p 00000000 00:00 0 
7fcf80000000-7fcf80021000 rw-p 00000000 00:00 0 
7fcf80021000-7fcf84000000 ---p 00000000 00:00 0 
7fcf84000000-7fcf84021000 rw-p 00000000 00:00 0 
7fcf84021000-7fcf88000000 ---p 00000000 00:00 0 
7fcf88000000-7fcf88021000 rw-p 00000000 00:00 0 
7fcf88021000-7fcf8c000000 ---p 00000000 00:00 0 
7fcf8c000000-7fcf8c021000 rw-p 00000000 00:00 0 
7fcf8c021000-7fcf90000000 ---p 00000000 00:00 0 
7fcf90000000-7fcf90021000 rw-p 00000000 00:00 0 
7fcf90021000-7fcf94000000 ---p 00000000 00:00 0 
7fcf94000000-7fcf94021000 rw-p 00000000 00:00 0 
7fcf94021000-7fcf98000000 ---p 00000000 00:00 0 
7fcf98000000-7fcf98021000 rw-p 00000000 00:00 0 
7fcf98021000-7fcf9c000000 ---p 00000000 00:00 0 
7fcf9c000000-7fcf9c021000 rw-p 00000000 00:00 0 
7fcf9c021000-7fcfa0000000 ---p 00000000 00:00 0 
7fcfa0000000-7fcfa0021000 rw-p 00000000 00:00 0 
7fcfa0021000-7fcfa4000000 ---p 00000000 00:00 0 
7fcfa4000000-7fcfa464d000 rw-p 00000000 00:00 0 
7fcfa464d000-7fcfa8000000 ---p 00000000 00:00 0 
7fcfa8000000-7fcfa8021000 rw-p 00000000 00:00 0 
7fcfa8021000-7fcfac000000 ---p 00000000 00:00 0 
7fcfac000000-7fcfac021000 rw-p 00000000 00:00 0 
7fcfac021000-7fcfb0000000 ---p 00000000 00:00 0 
7fcfb0000000-7fcfb0021000 rw-p 00000000 00:00 0 
7fcfb0021000-7fcfb4000000 ---p 00000000 00:00 0 
7fcfb4000000-7fcfb4021000 rw-p 00000000 00:00 0 
7fcfb4021000-7fcfb8000000 ---p 00000000 00:00 0 
7fcfb8000000-7fcfb8490000 rw-p 00000000 00:00 0 
7fcfb8490000-7fcfbc000000 ---p 00000000 00:00 0 
7fcfbc000000-7fcfbc342000 rw-p 00000000 00:00 0 
7fcfbc342000-7fcfc0000000 ---p 00000000 00:00 0 
7fcfc0000000-7fcfc0021000 rw-p 00000000 00:00 0 
7fcfc0021000-7fcfc4000000 ---p 00000000 00:00 0 
7fcfc4000000-7fcfc4021000 rw-p 00000000 00:00 0 
7fcfc4021000-7fcfc8000000 ---p 00000000 00:00 0 
7fcfc8000000-7fcfc84f5000 rw-p 00000000 00:00 0 
7fcfc84f5000-7fcfcc000000 ---p 00000000 00:00 0 
7fcfcc000000-7fcfcc021000 rw-p 00000000 00:00 0 
7fcfcc021000-7fcfd0000000 ---p 00000000 00:00 0 
7fcfd0000000-7fcfd0021000 rw-p 00000000 00:00 0 
7fcfd0021000-7fcfd4000000 ---p 00000000 00:00 0 
7fcfd4000000-7fcfd4021000 rw-p 00000000 00:00 0 
7fcfd4021000-7fcfd8000000 ---p 00000000 00:00 0 
7fcfd8000000-7fcfd8021000 rw-p 00000000 00:00 0 
7fcfd8021000-7fcfdc000000 ---p 00000000 00:00 0 
7fcfdc000000-7fcfdc021000 rw-p 00000000 00:00 0 
7fcfdc021000-7fcfe0000000 ---p 00000000 00:00 0 
7fcfe0800000-7fcfe0900000 rw-p 00000000 00:00 0 
7fcfe0900000-7fcfe1000000 ---p 00000000 00:00 0 
7fcfe13fc000-7fcfe1400000 ---p 00000000 00:00 0 
7fcfe1400000-7fcfe14fd000 rw-p 00000000 00:00 0 
7fcfe14fd000-7fcfe1501000 ---p 00000000 00:00 0 
7fcfe1501000-7fcfe15fe000 rw-p 00000000 00:00 0 
7fcfe15fe000-7fcfe1602000 ---p 00000000 00:00 0 
7fcfe1602000-7fcfe16ff000 rw-p 00000000 00:00 0 
7fcfe16ff000-7fcfe1703000 ---p 00000000 00:00 0 
7fcfe1703000-7fcfe1900000 rw-p 00000000 00:00 0 
7fcfe1900000-7fcfe1de0000 rw-p 00000000 00:00 0 
7fcfe1de0000-7fcfe1e00000 rw-p 00000000 00:00 0 
7fcfe1e00000-7fcfe1f00000 rw-p 00000000 00:00 0 
7fcfe1f00000-7fcfe1f90000 rw-p 00000000 00:00 0 
7fcfe1f90000-7fcfe2000000 ---p 00000000 00:00 0 
7fcfe20d5000-7fcfe20d6000 ---p 00000000 00:00 0 
7fcfe20d6000-7fcfe21d7000 rw-p 00000000 00:00 0 
7fcfe21d7000-7fcfe21db000 ---p 00000000 00:00 0 
7fcfe21db000-7fcfe22d8000 rw-p 00000000 00:00 0 
7fcfe22d8000-7fcfe22e8000 r-xp 00000000 08:10 238302                     /home/aarav/.vscode-server/data/User/globalStorage/redhat.java/1.14.0/config_linux/org.eclipse.equinox.launcher/org.eclipse.equinox.launcher.gtk.linux.x86_64_1.2.700.v20221108-1024/eclipse_11801.so
7fcfe22e8000-7fcfe24e7000 ---p 00010000 08:10 238302                     /home/aarav/.vscode-server/data/User/globalStorage/redhat.java/1.14.0/config_linux/org.eclipse.equinox.launcher/org.eclipse.equinox.launcher.gtk.linux.x86_64_1.2.700.v20221108-1024/eclipse_11801.so
7fcfe24e7000-7fcfe24e8000 r--p 0000f000 08:10 238302                     /home/aarav/.vscode-server/data/User/globalStorage/redhat.java/1.14.0/config_linux/org.eclipse.equinox.launcher/org.eclipse.equinox.launcher.gtk.linux.x86_64_1.2.700.v20221108-1024/eclipse_11801.so
7fcfe24e8000-7fcfe24e9000 rw-p 00010000 08:10 238302                     /home/aarav/.vscode-server/data/User/globalStorage/redhat.java/1.14.0/config_linux/org.eclipse.equinox.launcher/org.eclipse.equinox.launcher.gtk.linux.x86_64_1.2.700.v20221108-1024/eclipse_11801.so
7fcfe24e9000-7fcfe24ea000 rw-p 00000000 00:00 0 
7fcfe24ea000-7fcfe24ee000 ---p 00000000 00:00 0 
7fcfe24ee000-7fcfe25eb000 rw-p 00000000 00:00 0 
7fcfe25eb000-7fcfe25ef000 ---p 00000000 00:00 0 
7fcfe25ef000-7fcfe26ec000 rw-p 00000000 00:00 0 
7fcfe26ec000-7fcfe26f0000 ---p 00000000 00:00 0 
7fcfe26f0000-7fcfe27ed000 rw-p 00000000 00:00 0 
7fcfe27ed000-7fcfe27ee000 ---p 00000000 00:00 0 
7fcfe27ee000-7fcfe28ef000 rw-p 00000000 00:00 0 
7fcfe28ef000-7fcfe28f0000 ---p 00000000 00:00 0 
7fcfe28f0000-7fcfe29f1000 rw-p 00000000 00:00 0 
7fcfe29f1000-7fcfe29f2000 ---p 00000000 00:00 0 
7fcfe29f2000-7fcfe2af3000 rw-p 00000000 00:00 0 
7fcfe2af3000-7fcfe2af4000 ---p 00000000 00:00 0 
7fcfe2af4000-7fcfe2bf5000 rw-p 00000000 00:00 0 
7fcfe2bf5000-7fcfe2bf6000 ---p 00000000 00:00 0 
7fcfe2bf6000-7fcfe2cf7000 rw-p 00000000 00:00 0 
7fcfe2cf7000-7fcfe2cf8000 ---p 00000000 00:00 0 
7fcfe2cf8000-7fcfe2df9000 rw-p 00000000 00:00 0 
7fcfe2df9000-7fcfe2dfd000 ---p 00000000 00:00 0 
7fcfe2dfd000-7fcfe2efa000 rw-p 00000000 00:00 0 
7fcfe2efa000-7fcfe2efb000 ---p 00000000 00:00 0 
7fcfe2efb000-7fcfe2ffc000 rw-p 00000000 00:00 0 
7fcfe2ffc000-7fcfe3000000 ---p 00000000 00:00 0 
7fcfe3000000-7fcfe30fd000 rw-p 00000000 00:00 0 
7fcfe30fd000-7fcfe3101000 ---p 00000000 00:00 0 
7fcfe3101000-7fcfe31fe000 rw-p 00000000 00:00 0 
7fcfe31fe000-7fcfe3202000 ---p 00000000 00:00 0 
7fcfe3202000-7fcfe32ff000 rw-p 00000000 00:00 0 
7fcfe32ff000-7fcfe3303000 ---p 00000000 00:00 0 
7fcfe3303000-7fcfe3800000 rw-p 00000000 00:00 0 
7fcfe3800000-7fcfe3b80000 rw-p 00000000 00:00 0 
7fcfe3b80000-7fcfe3c00000 rw-p 00000000 00:00 0 
7fcfe3cad000-7fcfe3cb1000 ---p 00000000 00:00 0 
7fcfe3cb1000-7fcfe3ccf000 rw-p 00000000 00:00 0 
7fcfe3ccf000-7fcfe3cd3000 r--p 00000000 08:10 248101                     /usr/lib/jvm/java-17-openjdk-amd64/lib/libnet.so
7fcfe3cd3000-7fcfe3ce1000 r-xp 00004000 08:10 248101                     /usr/lib/jvm/java-17-openjdk-amd64/lib/libnet.so
7fcfe3ce1000-7fcfe3ce5000 r--p 00012000 08:10 248101                     /usr/lib/jvm/java-17-openjdk-amd64/lib/libnet.so
7fcfe3ce5000-7fcfe3ce6000 r--p 00015000 08:10 248101                     /usr/lib/jvm/java-17-openjdk-amd64/lib/libnet.so
7fcfe3ce6000-7fcfe3ce7000 rw-p 00016000 08:10 248101                     /usr/lib/jvm/java-17-openjdk-amd64/lib/libnet.so
7fcfe3ce7000-7fcfe3ced000 r--p 00000000 08:10 248102                     /usr/lib/jvm/java-17-openjdk-amd64/lib/libnio.so
7fcfe3ced000-7fcfe3cf6000 r-xp 00006000 08:10 248102                     /usr/lib/jvm/java-17-openjdk-amd64/lib/libnio.so
7fcfe3cf6000-7fcfe3cfa000 r--p 0000f000 08:10 248102                     /usr/lib/jvm/java-17-openjdk-amd64/lib/libnio.so
7fcfe3cfa000-7fcfe3cfb000 ---p 00013000 08:10 248102                     /usr/lib/jvm/java-17-openjdk-amd64/lib/libnio.so
7fcfe3cfb000-7fcfe3cfc000 r--p 00013000 08:10 248102                     /usr/lib/jvm/java-17-openjdk-amd64/lib/libnio.so
7fcfe3cfc000-7fcfe3cfd000 rw-p 00014000 08:10 248102                     /usr/lib/jvm/java-17-openjdk-amd64/lib/libnio.so
7fcfe3cfd000-7fcfe3d01000 ---p 00000000 00:00 0 
7fcfe3d01000-7fcfe3dfe000 rw-p 00000000 00:00 0 
7fcfe3dfe000-7fcfe3e02000 ---p 00000000 00:00 0 
7fcfe3e02000-7fcfe3eff000 rw-p 00000000 00:00 0 
7fcfe3eff000-7fcfe3f03000 ---p 00000000 00:00 0 
7fcfe3f03000-7fcfe4000000 rw-p 00000000 00:00 0 
7fcfe4000000-7fcfe4021000 rw-p 00000000 00:00 0 
7fcfe4021000-7fcfe8000000 ---p 00000000 00:00 0 
7fcfe800e000-7fcfe8012000 ---p 00000000 00:00 0 
7fcfe8012000-7fcfe810f000 rw-p 00000000 00:00 0 
7fcfe810f000-7fcfe8113000 ---p 00000000 00:00 0 
7fcfe8113000-7fcfe8210000 rw-p 00000000 00:00 0 
7fcfe8210000-7fcfe8383000 r--p 00000000 08:10 20355                      /usr/lib/locale/C.UTF-8/LC_COLLATE
7fcfe8383000-7fcfe8669000 r--p 00000000 08:10 5804                       /usr/lib/locale/locale-archive
7fcfe8669000-7fcfe866d000 ---p 00000000 00:00 0 
7fcfe866d000-7fcfe876a000 rw-p 00000000 00:00 0 
7fcfe876a000-7fcfe876e000 ---p 00000000 00:00 0 
7fcfe876e000-7fcfe886b000 rw-p 00000000 00:00 0 
7fcfe886b000-7fcfe886c000 ---p 00000000 00:00 0 
7fcfe886c000-7fcfe896d000 rw-p 00000000 00:00 0 
7fcfe896d000-7fcfe8972000 r--p 00000000 08:10 248095                     /usr/lib/jvm/java-17-openjdk-amd64/lib/libjsvml.so
7fcfe8972000-7fcfe89b3000 r-xp 00005000 08:10 248095                     /usr/lib/jvm/java-17-openjdk-amd64/lib/libjsvml.so
7fcfe89b3000-7fcfe8a3c000 r--p 00046000 08:10 248095                     /usr/lib/jvm/java-17-openjdk-amd64/lib/libjsvml.so
7fcfe8a3c000-7fcfe8a3d000 r--p 000ce000 08:10 248095                     /usr/lib/jvm/java-17-openjdk-amd64/lib/libjsvml.so
7fcfe8a3d000-7fcfe8a3e000 rw-p 000cf000 08:10 248095                     /usr/lib/jvm/java-17-openjdk-amd64/lib/libjsvml.so
7fcfe8a3e000-7fcfe9145000 rw-p 00000000 00:00 0 
7fcfe9145000-7fcfe93b5000 rwxp 00000000 00:00 0 
7fcfe93b5000-7fcfe96d7000 ---p 00000000 00:00 0 
7fcfe96d7000-7fcfe9c07000 rwxp 00000000 00:00 0 
7fcfe9c07000-7fcff0c0e000 ---p 00000000 00:00 0 
7fcff0c0e000-7fcff0e7e000 rwxp 00000000 00:00 0 
7fcff0e7e000-7fcff8145000 ---p 00000000 00:00 0 
7fcff8145000-7fd000000000 r--s 00000000 08:10 248110                     /usr/lib/jvm/java-17-openjdk-amd64/lib/modules
7fd000000000-7fd0004dc000 rw-p 00000000 00:00 0 
7fd0004dc000-7fd004000000 ---p 00000000 00:00 0 
7fd004002000-7fd004006000 r--p 00000000 08:10 248108                     /usr/lib/jvm/java-17-openjdk-amd64/lib/libverify.so
7fd004006000-7fd00400d000 r-xp 00004000 08:10 248108                     /usr/lib/jvm/java-17-openjdk-amd64/lib/libverify.so
7fd00400d000-7fd00400f000 r--p 0000b000 08:10 248108                     /usr/lib/jvm/java-17-openjdk-amd64/lib/libverify.so
7fd00400f000-7fd004010000 ---p 0000d000 08:10 248108                     /usr/lib/jvm/java-17-openjdk-amd64/lib/libverify.so
7fd004010000-7fd004012000 r--p 0000d000 08:10 248108                     /usr/lib/jvm/java-17-openjdk-amd64/lib/libverify.so
7fd004012000-7fd004013000 rw-p 0000f000 08:10 248108                     /usr/lib/jvm/java-17-openjdk-amd64/lib/libverify.so
7fd004013000-7fd004045000 r--p 00000000 08:10 20356                      /usr/lib/locale/C.UTF-8/LC_CTYPE
7fd004045000-7fd004046000 r--p 00000000 08:10 20362                      /usr/lib/locale/C.UTF-8/LC_NUMERIC
7fd004046000-7fd004047000 r--p 00000000 08:10 20365                      /usr/lib/locale/C.UTF-8/LC_TIME
7fd004047000-7fd004048000 r--p 00000000 08:10 20360                      /usr/lib/locale/C.UTF-8/LC_MONETARY
7fd004048000-7fd004049000 r--p 00000000 08:10 20359                      /usr/lib/locale/C.UTF-8/LC_MESSAGES/SYS_LC_MESSAGES
7fd004049000-7fd00404a000 r--p 00000000 08:10 20363                      /usr/lib/locale/C.UTF-8/LC_PAPER
7fd00404a000-7fd00404b000 r--p 00000000 08:10 20361                      /usr/lib/locale/C.UTF-8/LC_NAME
7fd00404b000-7fd00404c000 r--p 00000000 08:10 20354                      /usr/lib/locale/C.UTF-8/LC_ADDRESS
7fd00404c000-7fd00404d000 r--p 00000000 08:10 20364                      /usr/lib/locale/C.UTF-8/LC_TELEPHONE
7fd00404d000-7fd00404e000 r--p 00000000 08:10 20358                      /usr/lib/locale/C.UTF-8/LC_MEASUREMENT
7fd00404e000-7fd004055000 r--s 00000000 08:10 40797                      /usr/lib/x86_64-linux-gnu/gconv/gconv-modules.cache
7fd004055000-7fd0077bc000 rw-p 00000000 00:00 0 
7fd0077bc000-7fd0078f0000 ---p 00000000 00:00 0 
7fd0078f0000-7fd0078f1000 ---p 00000000 00:00 0 
7fd0078f1000-7fd007a14000 rw-p 00000000 00:00 0 
7fd007a14000-7fd007b47000 ---p 00000000 00:00 0 
7fd007b47000-7fd007b58000 rw-p 00000000 00:00 0 
7fd007b58000-7fd007bf2000 ---p 00000000 00:00 0 
7fd007bf2000-7fd007bf8000 rw-p 00000000 00:00 0 
7fd007bf8000-7fd007cde000 ---p 00000000 00:00 0 
7fd007cde000-7fd007ce9000 rw-p 00000000 00:00 0 
7fd007ce9000-7fd007dc9000 ---p 00000000 00:00 0 
7fd007dc9000-7fd007dce000 rw-p 00000000 00:00 0 
7fd007dce000-7fd007dd5000 ---p 00000000 00:00 0 
7fd007dd5000-7fd007dd7000 r--p 00000000 08:10 248109                     /usr/lib/jvm/java-17-openjdk-amd64/lib/libzip.so
7fd007dd7000-7fd007ddc000 r-xp 00002000 08:10 248109                     /usr/lib/jvm/java-17-openjdk-amd64/lib/libzip.so
7fd007ddc000-7fd007dde000 r--p 00007000 08:10 248109                     /usr/lib/jvm/java-17-openjdk-amd64/lib/libzip.so
7fd007dde000-7fd007ddf000 r--p 00008000 08:10 248109                     /usr/lib/jvm/java-17-openjdk-amd64/lib/libzip.so
7fd007ddf000-7fd007de0000 rw-p 00009000 08:10 248109                     /usr/lib/jvm/java-17-openjdk-amd64/lib/libzip.so
7fd007de0000-7fd007de3000 r--p 00000000 08:10 40525                      /usr/lib/x86_64-linux-gnu/libnss_files-2.31.so
7fd007de3000-7fd007dea000 r-xp 00003000 08:10 40525                      /usr/lib/x86_64-linux-gnu/libnss_files-2.31.so
7fd007dea000-7fd007dec000 r--p 0000a000 08:10 40525                      /usr/lib/x86_64-linux-gnu/libnss_files-2.31.so
7fd007dec000-7fd007ded000 r--p 0000b000 08:10 40525                      /usr/lib/x86_64-linux-gnu/libnss_files-2.31.so
7fd007ded000-7fd007dee000 rw-p 0000c000 08:10 40525                      /usr/lib/x86_64-linux-gnu/libnss_files-2.31.so
7fd007dee000-7fd007df4000 rw-p 00000000 00:00 0 
7fd007df4000-7fd007df6000 r--s 0000c000 08:10 229735                     /usr/share/java/java-atk-wrapper.jar
7fd007df6000-7fd007dfe000 rw-s 00000000 08:10 236063                     /tmp/hsperfdata_aarav/827
7fd007dfe000-7fd007e0a000 r--p 00000000 08:10 248087                     /usr/lib/jvm/java-17-openjdk-amd64/lib/libjava.so
7fd007e0a000-7fd007e1d000 r-xp 0000c000 08:10 248087                     /usr/lib/jvm/java-17-openjdk-amd64/lib/libjava.so
7fd007e1d000-7fd007e23000 r--p 0001f000 08:10 248087                     /usr/lib/jvm/java-17-openjdk-amd64/lib/libjava.so
7fd007e23000-7fd007e24000 ---p 00025000 08:10 248087                     /usr/lib/jvm/java-17-openjdk-amd64/lib/libjava.so
7fd007e24000-7fd007e25000 r--p 00025000 08:10 248087                     /usr/lib/jvm/java-17-openjdk-amd64/lib/libjava.so
7fd007e25000-7fd007e26000 rw-p 00026000 08:10 248087                     /usr/lib/jvm/java-17-openjdk-amd64/lib/libjava.so
7fd007e26000-7fd007e27000 rw-p 00000000 00:00 0 
7fd007e27000-7fd007e28000 r--p 00000000 08:10 248081                     /usr/lib/jvm/java-17-openjdk-amd64/lib/libinstrument.so
7fd007e28000-7fd007e2e000 r-xp 00001000 08:10 248081                     /usr/lib/jvm/java-17-openjdk-amd64/lib/libinstrument.so
7fd007e2e000-7fd007e31000 r--p 00007000 08:10 248081                     /usr/lib/jvm/java-17-openjdk-amd64/lib/libinstrument.so
7fd007e31000-7fd007e32000 r--p 00009000 08:10 248081                     /usr/lib/jvm/java-17-openjdk-amd64/lib/libinstrument.so
7fd007e32000-7fd007e33000 rw-p 0000a000 08:10 248081                     /usr/lib/jvm/java-17-openjdk-amd64/lib/libinstrument.so
7fd007e33000-7fd007e34000 ---p 00000000 00:00 0 
7fd007e34000-7fd007e35000 r--p 00000000 00:00 0 
7fd007e35000-7fd007e39000 ---p 00000000 00:00 0 
7fd007e39000-7fd007f36000 rw-p 00000000 00:00 0 
7fd007f36000-7fd007f39000 r--p 00000000 08:10 49031                      /usr/lib/x86_64-linux-gnu/libgcc_s.so.1
7fd007f39000-7fd007f4b000 r-xp 00003000 08:10 49031                      /usr/lib/x86_64-linux-gnu/libgcc_s.so.1
7fd007f4b000-7fd007f4f000 r--p 00015000 08:10 49031                      /usr/lib/x86_64-linux-gnu/libgcc_s.so.1
7fd007f4f000-7fd007f50000 r--p 00018000 08:10 49031                      /usr/lib/x86_64-linux-gnu/libgcc_s.so.1
7fd007f50000-7fd007f51000 rw-p 00019000 08:10 49031                      /usr/lib/x86_64-linux-gnu/libgcc_s.so.1
7fd007f51000-7fd007f5e000 r--p 00000000 08:10 40519                      /usr/lib/x86_64-linux-gnu/libm-2.31.so
7fd007f5e000-7fd008005000 r-xp 0000d000 08:10 40519                      /usr/lib/x86_64-linux-gnu/libm-2.31.so
7fd008005000-7fd00809e000 r--p 000b4000 08:10 40519                      /usr/lib/x86_64-linux-gnu/libm-2.31.so
7fd00809e000-7fd00809f000 r--p 0014c000 08:10 40519                      /usr/lib/x86_64-linux-gnu/libm-2.31.so
7fd00809f000-7fd0080a0000 rw-p 0014d000 08:10 40519                      /usr/lib/x86_64-linux-gnu/libm-2.31.so
7fd0080a0000-7fd008136000 r--p 00000000 08:10 42212                      /usr/lib/x86_64-linux-gnu/libstdc++.so.6.0.28
7fd008136000-7fd008227000 r-xp 00096000 08:10 42212                      /usr/lib/x86_64-linux-gnu/libstdc++.so.6.0.28
7fd008227000-7fd008270000 r--p 00187000 08:10 42212                      /usr/lib/x86_64-linux-gnu/libstdc++.so.6.0.28
7fd008270000-7fd008271000 ---p 001d0000 08:10 42212                      /usr/lib/x86_64-linux-gnu/libstdc++.so.6.0.28
7fd008271000-7fd00827c000 r--p 001d0000 08:10 42212                      /usr/lib/x86_64-linux-gnu/libstdc++.so.6.0.28
7fd00827c000-7fd00827f000 rw-p 001db000 08:10 42212                      /usr/lib/x86_64-linux-gnu/libstdc++.so.6.0.28
7fd00827f000-7fd008282000 rw-p 00000000 00:00 0 
7fd008282000-7fd0084d2000 r--p 00000000 08:10 248116                     /usr/lib/jvm/java-17-openjdk-amd64/lib/server/libjvm.so
7fd0084d2000-7fd00925f000 r-xp 00250000 08:10 248116                     /usr/lib/jvm/java-17-openjdk-amd64/lib/server/libjvm.so
7fd00925f000-7fd0094e5000 r--p 00fdd000 08:10 248116                     /usr/lib/jvm/java-17-openjdk-amd64/lib/server/libjvm.so
7fd0094e5000-7fd00959d000 r--p 01262000 08:10 248116                     /usr/lib/jvm/java-17-openjdk-amd64/lib/server/libjvm.so
7fd00959d000-7fd0095d2000 rw-p 0131a000 08:10 248116                     /usr/lib/jvm/java-17-openjdk-amd64/lib/server/libjvm.so
7fd0095d2000-7fd00962d000 rw-p 00000000 00:00 0 
7fd00962d000-7fd009633000 r--p 00000000 08:10 40530                      /usr/lib/x86_64-linux-gnu/libpthread-2.31.so
7fd009633000-7fd009644000 r-xp 00006000 08:10 40530                      /usr/lib/x86_64-linux-gnu/libpthread-2.31.so
7fd009644000-7fd00964a000 r--p 00017000 08:10 40530                      /usr/lib/x86_64-linux-gnu/libpthread-2.31.so
7fd00964a000-7fd00964b000 r--p 0001c000 08:10 40530                      /usr/lib/x86_64-linux-gnu/libpthread-2.31.so
7fd00964b000-7fd00964c000 rw-p 0001d000 08:10 40530                      /usr/lib/x86_64-linux-gnu/libpthread-2.31.so
7fd00964c000-7fd009650000 rw-p 00000000 00:00 0 
7fd009650000-7fd009651000 r--p 00000000 08:10 40518                      /usr/lib/x86_64-linux-gnu/libdl-2.31.so
7fd009651000-7fd009653000 r-xp 00001000 08:10 40518                      /usr/lib/x86_64-linux-gnu/libdl-2.31.so
7fd009653000-7fd009654000 r--p 00003000 08:10 40518                      /usr/lib/x86_64-linux-gnu/libdl-2.31.so
7fd009654000-7fd009655000 r--p 00003000 08:10 40518                      /usr/lib/x86_64-linux-gnu/libdl-2.31.so
7fd009655000-7fd009656000 rw-p 00004000 08:10 40518                      /usr/lib/x86_64-linux-gnu/libdl-2.31.so
7fd009656000-7fd009658000 r--p 00000000 08:10 24278                      /usr/lib/x86_64-linux-gnu/libz.so.1.2.11
7fd009658000-7fd009669000 r-xp 00002000 08:10 24278                      /usr/lib/x86_64-linux-gnu/libz.so.1.2.11
7fd009669000-7fd00966f000 r--p 00013000 08:10 24278                      /usr/lib/x86_64-linux-gnu/libz.so.1.2.11
7fd00966f000-7fd009670000 ---p 00019000 08:10 24278                      /usr/lib/x86_64-linux-gnu/libz.so.1.2.11
7fd009670000-7fd009671000 r--p 00019000 08:10 24278                      /usr/lib/x86_64-linux-gnu/libz.so.1.2.11
7fd009671000-7fd009672000 rw-p 0001a000 08:10 24278                      /usr/lib/x86_64-linux-gnu/libz.so.1.2.11
7fd009672000-7fd009694000 r--p 00000000 08:10 40517                      /usr/lib/x86_64-linux-gnu/libc-2.31.so
7fd009694000-7fd00980c000 r-xp 00022000 08:10 40517                      /usr/lib/x86_64-linux-gnu/libc-2.31.so
7fd00980c000-7fd00985a000 r--p 0019a000 08:10 40517                      /usr/lib/x86_64-linux-gnu/libc-2.31.so
7fd00985a000-7fd00985e000 r--p 001e7000 08:10 40517                      /usr/lib/x86_64-linux-gnu/libc-2.31.so
7fd00985e000-7fd009860000 rw-p 001eb000 08:10 40517                      /usr/lib/x86_64-linux-gnu/libc-2.31.so
7fd009860000-7fd009864000 rw-p 00000000 00:00 0 
7fd009864000-7fd009865000 r--p 00000000 08:10 20357                      /usr/lib/locale/C.UTF-8/LC_IDENTIFICATION
7fd009865000-7fd009867000 r--p 00000000 08:10 248091                     /usr/lib/jvm/java-17-openjdk-amd64/lib/libjimage.so
7fd009867000-7fd00986a000 r-xp 00002000 08:10 248091                     /usr/lib/jvm/java-17-openjdk-amd64/lib/libjimage.so
7fd00986a000-7fd00986b000 r--p 00005000 08:10 248091                     /usr/lib/jvm/java-17-openjdk-amd64/lib/libjimage.so
7fd00986b000-7fd00986c000 ---p 00006000 08:10 248091                     /usr/lib/jvm/java-17-openjdk-amd64/lib/libjimage.so
7fd00986c000-7fd00986d000 r--p 00006000 08:10 248091                     /usr/lib/jvm/java-17-openjdk-amd64/lib/libjimage.so
7fd00986d000-7fd00986e000 rw-p 00007000 08:10 248091                     /usr/lib/jvm/java-17-openjdk-amd64/lib/libjimage.so
7fd00986e000-7fd009870000 r--p 00000000 08:10 248092                     /usr/lib/jvm/java-17-openjdk-amd64/lib/libjli.so
7fd009870000-7fd00987a000 r-xp 00002000 08:10 248092                     /usr/lib/jvm/java-17-openjdk-amd64/lib/libjli.so
7fd00987a000-7fd00987d000 r--p 0000c000 08:10 248092                     /usr/lib/jvm/java-17-openjdk-amd64/lib/libjli.so
7fd00987d000-7fd00987e000 ---p 0000f000 08:10 248092                     /usr/lib/jvm/java-17-openjdk-amd64/lib/libjli.so
7fd00987e000-7fd00987f000 r--p 0000f000 08:10 248092                     /usr/lib/jvm/java-17-openjdk-amd64/lib/libjli.so
7fd00987f000-7fd009880000 rw-p 00010000 08:10 248092                     /usr/lib/jvm/java-17-openjdk-amd64/lib/libjli.so
7fd009880000-7fd009882000 rw-p 00000000 00:00 0 
7fd009882000-7fd009883000 r--p 00000000 08:10 40513                      /usr/lib/x86_64-linux-gnu/ld-2.31.so
7fd009883000-7fd0098a6000 r-xp 00001000 08:10 40513                      /usr/lib/x86_64-linux-gnu/ld-2.31.so
7fd0098a6000-7fd0098ae000 r--p 00024000 08:10 40513                      /usr/lib/x86_64-linux-gnu/ld-2.31.so
7fd0098ae000-7fd0098af000 ---p 00000000 00:00 0 
7fd0098af000-7fd0098b0000 r--p 0002c000 08:10 40513                      /usr/lib/x86_64-linux-gnu/ld-2.31.so
7fd0098b0000-7fd0098b1000 rw-p 0002d000 08:10 40513                      /usr/lib/x86_64-linux-gnu/ld-2.31.so
7fd0098b1000-7fd0098b2000 rw-p 00000000 00:00 0 
7ffc6946d000-7ffc6948f000 rw-p 00000000 00:00 0                          [stack]
7ffc69521000-7ffc69525000 r--p 00000000 00:00 0                          [vvar]
7ffc69525000-7ffc69526000 r-xp 00000000 00:00 0                          [vdso]


VM Arguments:
jvm_args: --add-modules=ALL-SYSTEM --add-opens=java.base/java.util=ALL-UNNAMED --add-opens=java.base/java.lang=ALL-UNNAMED --add-opens=java.base/sun.nio.fs=ALL-UNNAMED -Declipse.application=org.eclipse.jdt.ls.core.id1 -Dosgi.bundles.defaultStartLevel=4 -Declipse.product=org.eclipse.jdt.ls.core.product -Djava.import.generatesMetadataFilesAtProjectRoot=false -Dfile.encoding=utf8 -XX:+UseParallelGC -XX:GCTimeRatio=4 -XX:AdaptiveSizePolicyWeight=90 -Dsun.zip.disableMemoryMapping=true -Xmx1G -Xms100m -Xlog:disable -javaagent:/home/aarav/.vscode-server/extensions/redhat.java-1.14.0-linux-x64/lombok/lombok-1.18.24.jar -XX:+HeapDumpOnOutOfMemoryError -XX:HeapDumpPath=/home/aarav/.vscode-server/data/User/workspaceStorage/dc847fc27a6d2243d3dbbbd772239ca1/redhat.java 
java_command: /home/aarav/.vscode-server/extensions/redhat.java-1.14.0-linux-x64/server/plugins/org.eclipse.equinox.launcher_1.6.400.v20210924-0641.jar -configuration /home/aarav/.vscode-server/data/User/globalStorage/redhat.java/1.14.0/config_linux -data /home/aarav/.vscode-server/data/User/workspaceStorage/dc847fc27a6d2243d3dbbbd772239ca1/redhat.java/jdt_ws
java_class_path (initial): /home/aarav/.vscode-server/extensions/redhat.java-1.14.0-linux-x64/server/plugins/org.eclipse.equinox.launcher_1.6.400.v20210924-0641.jar
Launcher Type: SUN_STANDARD

[Global flags]
    uintx AdaptiveSizePolicyWeight                 = 90                                        {product} {command line}
     intx CICompilerCount                          = 4                                         {product} {ergonomic}
    uintx GCTimeRatio                              = 4                                         {product} {command line}
     bool HeapDumpOnOutOfMemoryError               = true                                   {manageable} {command line}
    ccstr HeapDumpPath                             = /home/aarav/.vscode-server/data/User/workspaceStorage/dc847fc27a6d2243d3dbbbd772239ca1/redhat.java         {manageable} {command line}
   size_t InitialHeapSize                          = 104857600                                 {product} {command line}
   size_t MaxHeapSize                              = 1073741824                                {product} {command line}
   size_t MaxNewSize                               = 357564416                                 {product} {ergonomic}
   size_t MinHeapDeltaBytes                        = 524288                                    {product} {ergonomic}
   size_t MinHeapSize                              = 104857600                                 {product} {command line}
   size_t NewSize                                  = 34603008                                  {product} {ergonomic}
    uintx NonNMethodCodeHeapSize                   = 5839372                                {pd product} {ergonomic}
    uintx NonProfiledCodeHeapSize                  = 122909434                              {pd product} {ergonomic}
   size_t OldSize                                  = 70254592                                  {product} {ergonomic}
    uintx ProfiledCodeHeapSize                     = 122909434                              {pd product} {ergonomic}
    uintx ReservedCodeCacheSize                    = 251658240                              {pd product} {ergonomic}
     bool SegmentedCodeCache                       = true                                      {product} {ergonomic}
   size_t SoftMaxHeapSize                          = 1073741824                             {manageable} {ergonomic}
     bool UseCompressedClassPointers               = true                           {product lp64_product} {ergonomic}
     bool UseCompressedOops                        = true                           {product lp64_product} {ergonomic}
     bool UseParallelGC                            = true                                      {product} {command line}

Logging:
Log output configuration:
 #0: stdout all=off uptime,level,tags
 #1: stderr all=off uptime,level,tags

Environment Variables:
PATH=/home/aarav/.vscode-server/bin/97dec172d3256f8ca4bfb2143f3f76b503ca0534/bin/remote-cli:/home/aarav/anaconda3/bin:/home/aarav/anaconda3/condabin:/usr/local/sbin:/usr/local/bin:/usr/sbin:/usr/bin:/sbin:/bin:/usr/games:/usr/local/games:/usr/lib/wsl/lib:/mnt/c/Program Files/Common Files/Oracle/Java/javapath:/mnt/c/Program Files/Eclipse Adoptium/jdk-17.0.4.8-hotspot/bin:/mnt/c/Program Files (x86)/VMware/VMware Player/bin:/mnt/c/Program Files (x86)/Intel/Intel(R) Management Engine Components/iCLS:/mnt/c/Program Files/Intel/Intel(R) Management Engine Components/iCLS:/mnt/c/Windows/system32:/mnt/c/Windows:/mnt/c/Windows/System32/Wbem:/mnt/c/Windows/System32/WindowsPowerShell/v1.0:/mnt/c/Windows/System32/OpenSSH:/mnt/c/Program Files (x86)/Intel/Intel(R) Management Engine Components/DAL:/mnt/c/Program Files/Intel/Intel(R) Management Engine Components/DAL:/mnt/c/Program Files (x86)/Intel/Intel(R) Management Engine Components/IPT:/mnt/c/Program Files/Intel/Intel(R) Management Engine Components/IPT:/mnt/c/Program Files (x86)/NVIDIA Corporation/PhysX/Common:/mnt/c/WINDOWS/system32:/mnt/c/WINDOWS:/mnt/c/WINDOWS/System32/Wbem:/mnt/c/WINDOWS/System32/WindowsPowerShell/v1.0:/mnt/c/WINDOWS/System32/OpenSSH:/mnt/c/Users/aarav/AppData/Local/Programs/Python/Python310/python.exe:/mnt/c/Program Files/Git/cmd:/mnt/c/Users/aarav/AppData/Local/Microsoft/WindowsApps:/mnt/c/Users/aarav/AppData/Local/Programs/Microsoft VS Code/bin:/mnt/c/Users/aarav/AppData/Local/GitHubDesktop/bin:/snap/bin
SHELL=/bin/bash
HOSTTYPE=x86_64
LANG=C.UTF-8
TERM=xterm-256color

Signal Handlers:
   SIGSEGV: 0x00007fd0091ddd60 in libjvm.so+16104800, mask=11100100010111111101111111111110, flags=SA_RESTART|SA_SIGINFO
    SIGBUS: 0x00007fd0091ddd60 in libjvm.so+16104800, mask=11100100010111111101111111111110, flags=SA_RESTART|SA_SIGINFO
    SIGFPE: 0x00007fd0091ddd60 in libjvm.so+16104800, mask=11100100010111111101111111111110, flags=SA_RESTART|SA_SIGINFO
   SIGPIPE: 0x00007fd00907fb30 in libjvm.so+14670640, mask=11100100010111111101111111111110, flags=SA_RESTART|SA_SIGINFO
   SIGXFSZ: 0x00007fd00907fb30 in libjvm.so+14670640, mask=11100100010111111101111111111110, flags=SA_RESTART|SA_SIGINFO
    SIGILL: 0x00007fd0091ddd60 in libjvm.so+16104800, mask=11100100010111111101111111111110, flags=SA_RESTART|SA_SIGINFO
   SIGUSR2: 0x00007fd00907f1a0 in libjvm.so+14668192, mask=00000000000000000000000000000000, flags=SA_RESTART|SA_SIGINFO
    SIGHUP: 0x00007fd00907f0e0 in libjvm.so+14668000, mask=11100100010111111101111111111110, flags=SA_RESTART|SA_SIGINFO
    SIGINT: 0x00007fd00907f0e0 in libjvm.so+14668000, mask=11100100010111111101111111111110, flags=SA_RESTART|SA_SIGINFO
   SIGTERM: 0x00007fd00907f0e0 in libjvm.so+14668000, mask=11100100010111111101111111111110, flags=SA_RESTART|SA_SIGINFO
   SIGQUIT: 0x00007fd00907f0e0 in libjvm.so+14668000, mask=11100100010111111101111111111110, flags=SA_RESTART|SA_SIGINFO
  *** Handler was modified!
  *** Expected: 0x00007fd00907fb30 in libjvm.so+14670640, mask=11100100110111111111111111111110, flags=SA_RESTART|SA_SIGINFO
   SIGTRAP: 0x00007fd0091ddd60 in libjvm.so+16104800, mask=11100100010111111101111111111110, flags=SA_RESTART|SA_SIGINFO


---------------  S Y S T E M  ---------------

OS:
DISTRIB_ID=Ubuntu
DISTRIB_RELEASE=20.04
DISTRIB_CODENAME=focal
DISTRIB_DESCRIPTION="Ubuntu 20.04.5 LTS"
uname: Linux 5.10.16.3-microsoft-standard-WSL2 #1 SMP Fri Apr 2 22:23:49 UTC 2021 x86_64
OS uptime: 0 days 0:02 hours
libc: glibc 2.31 NPTL 2.31 
rlimit (soft/hard): STACK 8192k/infinity , CORE 0k/infinity , NPROC 50721/50721 , NOFILE 4096/4096 , AS infinity/infinity , CPU infinity/infinity , DATA infinity/infinity , FSIZE infinity/infinity , MEMLOCK 64k/64k
load average: 0.40 0.31 0.12

/proc/meminfo:
MemTotal:       12988920 kB
MemFree:        12237384 kB
MemAvailable:   12328436 kB
Buffers:           44776 kB
Cached:           268360 kB
SwapCached:            0 kB
Active:           178552 kB
Inactive:         442384 kB
Active(anon):        128 kB
Inactive(anon):   307732 kB
Active(file):     178424 kB
Inactive(file):   134652 kB
Unevictable:           0 kB
Mlocked:               0 kB
SwapTotal:       4194304 kB
SwapFree:        4194304 kB
Dirty:              1756 kB
Writeback:             0 kB
AnonPages:        305924 kB
Mapped:            70168 kB
Shmem:                68 kB
KReclaimable:      27604 kB
Slab:              53912 kB
SReclaimable:      27604 kB
SUnreclaim:        26308 kB
KernelStack:        3760 kB
PageTables:         7592 kB
NFS_Unstable:          0 kB
Bounce:                0 kB
WritebackTmp:          0 kB
CommitLimit:    10688764 kB
Committed_AS:     725364 kB
VmallocTotal:   34359738367 kB
VmallocUsed:       23852 kB
VmallocChunk:          0 kB
Percpu:             2432 kB
AnonHugePages:     71680 kB
ShmemHugePages:        0 kB
ShmemPmdMapped:        0 kB
FileHugePages:         0 kB
FilePmdMapped:         0 kB
HugePages_Total:       0
HugePages_Free:        0
HugePages_Rsvd:        0
HugePages_Surp:        0
Hugepagesize:       2048 kB
Hugetlb:               0 kB
DirectMap4k:       17408 kB
DirectMap2M:     3864576 kB
DirectMap1G:     9437184 kB

/sys/kernel/mm/transparent_hugepage/enabled: [always] madvise never
/sys/kernel/mm/transparent_hugepage/defrag (defrag/compaction efforts parameter): always defer defer+madvise [madvise] never

Process Memory:
Virtual Size: 4742748K (peak: 4800092K)
Resident Set Size: 129964K (peak: 130476K) (anon: 101632K, file: 28332K, shmem: 0K)
Swapped out: 0K
C-Heap outstanding allocations: 57215K, retained: 6828K
glibc malloc tunables: (default)

/proc/sys/kernel/threads-max (system-wide limit on the number of threads): 101442
/proc/sys/vm/max_map_count (maximum number of memory map areas a process may have): 65530
/proc/sys/kernel/pid_max (system-wide limit on number of process identifiers): 32768

container (cgroup) information:
container_type: cgroupv1
cpu_cpuset_cpus: 0-7
cpu_memory_nodes: 0
active_processor_count: 8
cpu_quota: no quota
cpu_period: 100000
cpu_shares: no shares
memory_limit_in_bytes: unlimited
memory_and_swap_limit_in_bytes: unlimited
memory_soft_limit_in_bytes: unlimited
memory_usage_in_bytes: 619080 k
memory_max_usage_in_bytes: 108956 k
maximum number of tasks: not supported
current number of tasks: not supported

Hyper-V virtualization detected
Steal ticks since vm start: 0
Steal ticks percentage since vm start:  0.000

CPU: total 8 (initial active 8) (4 cores per cpu, 2 threads per core) family 6 model 142 stepping 10 microcode 0xffffffff, cx8, cmov, fxsr, ht, mmx, 3dnowpref, sse, sse2, sse3, ssse3, sse4.1, sse4.2, popcnt, lzcnt, tsc, avx, avx2, aes, erms, clmul, bmi1, bmi2, adx, fma, vzeroupper, clflush, clflushopt, hv
CPU Model and flags from /proc/cpuinfo:
model name	: Intel(R) Core(TM) i7-8550U CPU @ 1.80GHz
flags		: fpu vme de pse tsc msr pae mce cx8 apic sep mtrr pge mca cmov pat pse36 clflush mmx fxsr sse sse2 ss ht syscall nx pdpe1gb rdtscp lm constant_tsc rep_good nopl xtopology cpuid pni pclmulqdq ssse3 fma cx16 pcid sse4_1 sse4_2 movbe popcnt aes xsave avx f16c rdrand hypervisor lahf_lm abm 3dnowprefetch invpcid_single pti ssbd ibrs ibpb stibp fsgsbase bmi1 avx2 smep bmi2 erms invpcid rdseed adx smap clflushopt xsaveopt xsavec xgetbv1 xsaves flush_l1d arch_capabilities

Online cpus: 0-7
Offline cpus: 
BIOS frequency limitation: <Not Available>
Frequency switch latency (ns): <Not Available>
Available cpu frequencies: <Not Available>
Current governor: <Not Available>
Core performance/turbo boost: <Not Available>

Memory: 4k page, physical 12988920k(12237384k free), swap 4194304k(4194304k free)
Page Sizes: 4k

vm_info: OpenJDK 64-Bit Server VM (17.0.5+8-Ubuntu-2ubuntu120.04) for linux-amd64 JRE (17.0.5+8-Ubuntu-2ubuntu120.04), built on Oct 25 2022 13:05:40 by "buildd" with gcc 9.4.0

END.
