#
# A fatal error has been detected by the Java Runtime Environment:
#
#  SIGSEGV (0xb) at pc=0x00007f14bc764e64, pid=327, tid=825
#
# JRE version: OpenJDK Runtime Environment (17.0.5+8) (build 17.0.5+8-Ubuntu-2ubuntu120.04)
# Java VM: OpenJDK 64-Bit Server VM (17.0.5+8-Ubuntu-2ubuntu120.04, mixed mode, sharing, tiered, compressed oops, compressed class ptrs, parallel gc, linux-amd64)
# Problematic frame:
# V  [libjvm.so+0x810e64]
#
# No core dump will be written. Core dumps have been disabled. To enable core dumping, try "ulimit -c unlimited" before starting Java again
#
# If you would like to submit a bug report, please visit:
#   Unknown
#

---------------  S U M M A R Y ------------

Command Line: --add-modules=ALL-SYSTEM --add-opens=java.base/java.util=ALL-UNNAMED --add-opens=java.base/java.lang=ALL-UNNAMED --add-opens=java.base/sun.nio.fs=ALL-UNNAMED -Declipse.application=org.eclipse.jdt.ls.core.id1 -Dosgi.bundles.defaultStartLevel=4 -Declipse.product=org.eclipse.jdt.ls.core.product -Djava.import.generatesMetadataFilesAtProjectRoot=false -Dfile.encoding=utf8 -XX:+UseParallelGC -XX:GCTimeRatio=4 -XX:AdaptiveSizePolicyWeight=90 -Dsun.zip.disableMemoryMapping=true -Xmx1G -Xms100m -Xlog:disable -javaagent:/home/aarav/.vscode-server/extensions/redhat.java-1.14.0-linux-x64/lombok/lombok-1.18.24.jar -XX:+HeapDumpOnOutOfMemoryError -XX:HeapDumpPath=/home/aarav/.vscode-server/data/User/workspaceStorage/dc847fc27a6d2243d3dbbbd772239ca1/redhat.java /home/aarav/.vscode-server/extensions/redhat.java-1.14.0-linux-x64/server/plugins/org.eclipse.equinox.launcher_1.6.400.v20210924-0641.jar -configuration /home/aarav/.vscode-server/data/User/globalStorage/redhat.java/1.14.0/config_linux -data /home/aarav/.vscode-server/data/User/workspaceStorage/dc847fc27a6d2243d3dbbbd772239ca1/redhat.java/jdt_ws

Host: Intel(R) Core(TM) i7-8550U CPU @ 1.80GHz, 8 cores, 12G, Ubuntu 20.04.5 LTS
Time: Fri Feb  3 10:33:34 2023 PST elapsed time: 129.274474 seconds (0d 0h 2m 9s)

---------------  T H R E A D  ---------------

Current thread (0x00007f1470319580):  JavaThread "C2 CompilerThread1" daemon [_thread_in_native, id=825, stack(0x00007f1417cfd000,0x00007f1417dfe000)]


Current CompileTask:
C2: 129274 10590       4       java.util.regex.Pattern::atom (422 bytes)

Stack: [0x00007f1417cfd000,0x00007f1417dfe000],  sp=0x00007f1417df9660,  free space=1009k
Native frames: (J=compiled Java code, j=interpreted, Vv=VM code, C=native code)
V  [libjvm.so+0x810e64]
V  [libjvm.so+0x806897]
V  [libjvm.so+0x54d9c8]
V  [libjvm.so+0x5deac5]
V  [libjvm.so+0x5e4674]
V  [libjvm.so+0x521aa5]
V  [libjvm.so+0x5ed027]
V  [libjvm.so+0x5edc98]
V  [libjvm.so+0xed93a0]
V  [libjvm.so+0xedc8a4]
V  [libjvm.so+0xc32f09]


siginfo: si_signo: 11 (SIGSEGV), si_code: 1 (SEGV_MAPERR), si_addr: 0xffffffffffffffff

Register to memory mapping:

RAX=0xffffffffffffffff is an unknown value
RBX=0x00007f1417df96c0 is pointing into the stack for thread: 0x00007f1470319580
RCX=0x00007f1470a684e0 points into unknown readable memory: 0x0001280400000000 | 00 00 00 00 04 28 01 00
RDX=0x0000000000000010 is an unknown value
RSP=0x00007f1417df9660 is pointing into the stack for thread: 0x00007f1470319580
RBP=0x00007f1417df96a0 is pointing into the stack for thread: 0x00007f1470319580
RSI=0x0000000000000004 is an unknown value
RDI=0x0000000000000003 is an unknown value
R8 =0x00007f1417df95b0 is pointing into the stack for thread: 0x00007f1470319580
R9 =0x0008680400000000 is an unknown value
R10=0x00007f1417df9b00 is pointing into the stack for thread: 0x00007f1470319580
R11=0x00007f140c29bed8 points into unknown readable memory: 0x3eb1000000000000 | 00 00 00 00 00 00 b1 3e
R12=0x0000000000000005 is an unknown value
R13=0x0000000000000005 is an unknown value
R14=0x00007f14bd2bb6e0: <offset 0x00000000013676e0> in /usr/lib/jvm/java-17-openjdk-amd64/lib/server/libjvm.so at 0x00007f14bbf54000
R15=0x0000000000000133 is an unknown value


Registers:
RAX=0xffffffffffffffff, RBX=0x00007f1417df96c0, RCX=0x00007f1470a684e0, RDX=0x0000000000000010
RSP=0x00007f1417df9660, RBP=0x00007f1417df96a0, RSI=0x0000000000000004, RDI=0x0000000000000003
R8 =0x00007f1417df95b0, R9 =0x0008680400000000, R10=0x00007f1417df9b00, R11=0x00007f140c29bed8
R12=0x0000000000000005, R13=0x0000000000000005, R14=0x00007f14bd2bb6e0, R15=0x0000000000000133
RIP=0x00007f14bc764e64, EFLAGS=0x0000000000010282, CSGSFS=0x002b000000000033, ERR=0x0000000000000005
  TRAPNO=0x000000000000000e

Top of Stack: (sp=0x00007f1417df9660)
0x00007f1417df9660:   00007f140c080dc0 00007f14bc76478a
0x00007f1417df9670:   00007f14bd2bb6e0 0000000000000000
0x00007f1417df9680:   0000000000000008 0008000000000000
0x00007f1417df9690:   00007f1417df97e0 0000000000000133 

Instructions: (pc=0x00007f14bc764e64)
0x00007f14bc764d64:   01 4c 8d 0c c5 08 00 00 00 31 c0 90 4c 8b 46 08
0x00007f14bc764d74:   48 8b 57 08 4d 8b 04 00 48 01 c2 48 8b 0a 4c 89
0x00007f14bc764d84:   02 48 8b 56 08 48 89 0c 02 48 83 c0 08 49 39 c1
0x00007f14bc764d94:   75 da 8b 07 8b 16 89 17 8b 56 04 89 06 8b 47 04
0x00007f14bc764da4:   89 57 04 89 46 04 c3 90 0f 1f 40 00 f3 0f 1e fa
0x00007f14bc764db4:   55 48 89 e5 41 57 41 56 41 55 41 54 53 48 89 fb
0x00007f14bc764dc4:   48 83 ec 18 8b 47 0c 83 f8 03 77 65 48 8b 4f 18
0x00007f14bc764dd4:   89 c2 8d 70 01 48 8d 14 d1 48 83 3a 00 0f 85 36
0x00007f14bc764de4:   01 00 00 83 fe 04 74 49 89 f2 8d 78 02 48 8d 14
0x00007f14bc764df4:   d1 48 83 3a 00 0f 85 a4 01 00 00 83 ff 04 74 31
0x00007f14bc764e04:   89 fa 8d 70 03 48 8d 14 d1 48 83 3a 00 0f 85 04
0x00007f14bc764e14:   01 00 00 83 fe 04 74 19 48 83 79 18 00 48 8d 51
0x00007f14bc764e24:   18 be 04 00 00 00 b8 03 00 00 00 0f 85 e8 00 00
0x00007f14bc764e34:   00 44 8b 63 10 8b 53 14 4c 8d 35 9d 68 b5 00 44
0x00007f14bc764e44:   39 e2 0f 87 ba 00 00 00 48 83 c4 18 31 c0 5b 41
0x00007f14bc764e54:   5c 41 5d 41 5e 41 5f 5d c3 0f 1f 00 48 89 43 18
0x00007f14bc764e64:   48 83 38 00 48 89 c1 0f 85 e4 00 00 00 48 83 78
0x00007f14bc764e74:   08 00 0f 85 f7 00 00 00 48 83 78 10 00 0f 85 fc
0x00007f14bc764e84:   00 00 00 48 83 78 18 00 0f 85 01 01 00 00 4c 8b
0x00007f14bc764e94:   7b 28 4d 85 ff 74 5e 49 8b 47 08 4a 8b 14 e8 48
0x00007f14bc764ea4:   89 55 c8 66 48 8d 3d 01 a1 b0 00 66 66 48 e8 b9
0x00007f14bc764eb4:   f6 a3 ff 48 8b 55 c8 48 8b 08 48 8b 89 70 05 00
0x00007f14bc764ec4:   00 48 8b 89 80 00 00 00 48 8b 89 d0 08 00 00 48
0x00007f14bc764ed4:   89 0a 48 8b 00 48 8b 80 70 05 00 00 48 8b 80 80
0x00007f14bc764ee4:   00 00 00 48 89 90 d0 08 00 00 49 8b 47 08 4e 89
0x00007f14bc764ef4:   34 e8 8b 53 14 41 83 c4 01 41 39 d4 0f 83 46 ff
0x00007f14bc764f04:   ff ff 48 8b 43 20 45 89 e5 4a 8b 04 e8 4c 39 f0
0x00007f14bc764f14:   74 e3 e9 45 ff ff ff 89 f8 8b 4b 10 8d 44 88 fc
0x00007f14bc764f24:   c1 e0 06 89 43 08 48 8b 12 31 c9 89 73 0c f3 48
0x00007f14bc764f34:   0f bc ca 48 d3 ea 01 c8 48 83 ea 01 89 43 08 48
0x00007f14bc764f44:   89 13 48 83 c4 18 5b 41 5c 41 5d 41 5e 41 5f 5d
0x00007f14bc764f54:   c3 be 01 00 00 00 31 c0 42 8d 04 a0 41 83 c4 01 


Stack slot to memory mapping:
stack at sp + 0 slots: 0x00007f140c080dc0 points into unknown readable memory: 0x000000000000000c | 0c 00 00 00 00 00 00 00
stack at sp + 1 slots: 0x00007f14bc76478a: <offset 0x000000000081078a> in /usr/lib/jvm/java-17-openjdk-amd64/lib/server/libjvm.so at 0x00007f14bbf54000
stack at sp + 2 slots: 0x00007f14bd2bb6e0: <offset 0x00000000013676e0> in /usr/lib/jvm/java-17-openjdk-amd64/lib/server/libjvm.so at 0x00007f14bbf54000
stack at sp + 3 slots: 0x0 is NULL
stack at sp + 4 slots: 0x0000000000000008 is an unknown value
stack at sp + 5 slots: 0x0008000000000000 is an unknown value
stack at sp + 6 slots: 0x00007f1417df97e0 is pointing into the stack for thread: 0x00007f1470319580
stack at sp + 7 slots: 0x0000000000000133 is an unknown value


---------------  P R O C E S S  ---------------

Threads class SMR info:
_java_thread_list=0x00007f1470531cd0, length=27, elements={
0x00007f14b40160a0, 0x00007f14b417b7e0, 0x00007f14b417cbf0, 0x00007f14b418a1f0,
0x00007f14b418b570, 0x00007f14b418c950, 0x00007f14b418e2d0, 0x00007f14b418f7d0,
0x00007f14b4198c00, 0x00007f14b41b49c0, 0x00007f14b427d010, 0x00007f14b44a4fb0,
0x00007f14b446d8c0, 0x00007f14b4470230, 0x00007f143c033f80, 0x00007f143c21df30,
0x00007f143c8b5350, 0x00007f14b44ed6a0, 0x00007f14b456b8b0, 0x00007f1400000e60,
0x00007f13f4000e60, 0x00007f13f0000e60, 0x00007f141c521df0, 0x00007f140809f5a0,
0x00007f1480000d20, 0x00007f1470319580, 0x00007f1470531360
}

Java Threads: ( => current thread )
  0x00007f14b40160a0 JavaThread "main" [_thread_blocked, id=328, stack(0x00007f14bbb07000,0x00007f14bbc08000)]
  0x00007f14b417b7e0 JavaThread "Reference Handler" daemon [_thread_blocked, id=332, stack(0x00007f149c467000,0x00007f149c568000)]
  0x00007f14b417cbf0 JavaThread "Finalizer" daemon [_thread_blocked, id=334, stack(0x00007f149c366000,0x00007f149c467000)]
  0x00007f14b418a1f0 JavaThread "Signal Dispatcher" daemon [_thread_blocked, id=337, stack(0x00007f149758c000,0x00007f149768d000)]
  0x00007f14b418b570 JavaThread "Service Thread" daemon [_thread_blocked, id=339, stack(0x00007f149748b000,0x00007f149758c000)]
  0x00007f14b418c950 JavaThread "Monitor Deflation Thread" daemon [_thread_blocked, id=342, stack(0x00007f149738a000,0x00007f149748b000)]
  0x00007f14b418e2d0 JavaThread "C2 CompilerThread0" daemon [_thread_in_native, id=343, stack(0x00007f1497289000,0x00007f149738a000)]
  0x00007f14b418f7d0 JavaThread "C1 CompilerThread0" daemon [_thread_blocked, id=346, stack(0x00007f1497188000,0x00007f1497289000)]
  0x00007f14b4198c00 JavaThread "Sweeper thread" daemon [_thread_blocked, id=347, stack(0x00007f1497087000,0x00007f1497188000)]
  0x00007f14b41b49c0 JavaThread "Common-Cleaner" daemon [_thread_blocked, id=349, stack(0x00007f1496f86000,0x00007f1497087000)]
  0x00007f14b427d010 JavaThread "Notification Thread" daemon [_thread_blocked, id=353, stack(0x00007f1496e85000,0x00007f1496f86000)]
  0x00007f14b44a4fb0 JavaThread "Active Thread: Equinox Container: a4123fd7-0f9a-4c23-b0c0-40d474e7f37f" [_thread_blocked, id=393, stack(0x00007f1496474000,0x00007f1496575000)]
  0x00007f14b446d8c0 JavaThread "Framework Event Dispatcher: Equinox Container: a4123fd7-0f9a-4c23-b0c0-40d474e7f37f" daemon [_thread_blocked, id=397, stack(0x00007f1496b81000,0x00007f1496c82000)]
  0x00007f14b4470230 JavaThread "Start Level: Equinox Container: a4123fd7-0f9a-4c23-b0c0-40d474e7f37f" daemon [_thread_blocked, id=399, stack(0x00007f1496373000,0x00007f1496474000)]
  0x00007f143c033f80 JavaThread "SCR Component Actor" daemon [_thread_blocked, id=400, stack(0x00007f1496060000,0x00007f1496161000)]
  0x00007f143c21df30 JavaThread "Worker-JM" [_thread_blocked, id=413, stack(0x00007f1495d5c000,0x00007f1495e5d000)]
  0x00007f143c8b5350 JavaThread "Java indexing" daemon [_thread_blocked, id=447, stack(0x00007f14950fd000,0x00007f14951fe000)]
  0x00007f14b44ed6a0 JavaThread "pool-2-thread-1" [_thread_blocked, id=451, stack(0x00007f1417eff000,0x00007f1418000000)]
  0x00007f14b456b8b0 JavaThread "pool-1-thread-1" [_thread_in_Java, id=462, stack(0x00007f1417dfe000,0x00007f1417eff000)]
  0x00007f1400000e60 JavaThread "Worker-4" [_thread_blocked, id=465, stack(0x00007f1417afb000,0x00007f1417bfc000)]
  0x00007f13f4000e60 JavaThread "Worker-6" [_thread_blocked, id=476, stack(0x00007f1416eff000,0x00007f1417000000)]
  0x00007f13f0000e60 JavaThread "Worker-7" [_thread_blocked, id=482, stack(0x00007f1416dfe000,0x00007f1416eff000)]
  0x00007f141c521df0 JavaThread "ForkJoinPool.commonPool-worker-2" daemon [_thread_blocked, id=495, stack(0x00007f1495e5d000,0x00007f1495f5e000)]
  0x00007f140809f5a0 JavaThread "ForkJoinPool.commonPool-worker-3" daemon [_thread_blocked, id=518, stack(0x00007f14157fc000,0x00007f14158fd000)]
  0x00007f1480000d20 JavaThread "Attach Listener" daemon [_thread_blocked, id=619, stack(0x00007f14158fd000,0x00007f14159fe000)]
=>0x00007f1470319580 JavaThread "C2 CompilerThread1" daemon [_thread_in_native, id=825, stack(0x00007f1417cfd000,0x00007f1417dfe000)]
  0x00007f1470531360 JavaThread "C2 CompilerThread2" daemon [_thread_in_native, id=826, stack(0x00007f1417bfc000,0x00007f1417cfd000)]

Other Threads:
  0x00007f14b4176fd0 VMThread "VM Thread" [stack: 0x00007f149c56a000,0x00007f149c66a000] [id=331]
  0x00007f14b4280670 WatcherThread [stack: 0x00007f1496d85000,0x00007f1496e85000] [id=354]
  0x00007f14b402d970 GCTaskThread "GC Thread#0" [stack: 0x00007f14bb5c4000,0x00007f14bb6c4000] [id=329]
  0x00007f14900010e0 GCTaskThread "GC Thread#1" [stack: 0x00007f1496a81000,0x00007f1496b81000] [id=371]
  0x00007f1490002f10 GCTaskThread "GC Thread#2" [stack: 0x00007f149697f000,0x00007f1496a7f000] [id=374]
  0x00007f14900038c0 GCTaskThread "GC Thread#3" [stack: 0x00007f149687d000,0x00007f149697d000] [id=376]
  0x00007f1490004270 GCTaskThread "GC Thread#4" [stack: 0x00007f149677b000,0x00007f149687b000] [id=378]
  0x00007f1490004c60 GCTaskThread "GC Thread#5" [stack: 0x00007f1496679000,0x00007f1496779000] [id=380]
  0x00007f1490005650 GCTaskThread "GC Thread#6" [stack: 0x00007f1496577000,0x00007f1496677000] [id=382]
  0x00007f1490006490 GCTaskThread "GC Thread#7" [stack: 0x00007f1495f60000,0x00007f1496060000] [id=402]

Threads with active compile tasks:
C2 CompilerThread0   129280 10585       4       com.google.gson.stream.JsonReader::nextQuotedValue (270 bytes)
C1 CompilerThread0   129280 10621       3       com.sun.org.apache.xerces.internal.impl.XMLNSDocumentScannerImpl::scanStartElement (1031 bytes)
C2 CompilerThread1   129280 10590       4       java.util.regex.Pattern::atom (422 bytes)
C2 CompilerThread2   129280 10586       4       java.lang.reflect.Field::set (30 bytes)

VM state: not at safepoint (normal execution)

VM Mutex/Monitor currently owned by a thread:  ([mutex/lock_event])
[0x00007f14b40137f0] Compile_lock - owner thread: 0x0000000000000000

Heap address: 0x00000000c0000000, size: 1024 MB, Compressed Oops mode: 32-bit

CDS archive(s) mapped at: [0x0000000800000000-0x0000000800be3000-0x0000000800be3000), size 12464128, SharedBaseAddress: 0x0000000800000000, ArchiveRelocationMode: 0.
Compressed class space mapped at: 0x0000000800c00000-0x0000000840c00000, reserved size: 1073741824
Narrow klass base: 0x0000000800000000, Narrow klass shift: 0, Narrow klass range: 0x100000000

GC Precious Log:
 CPUs: 8 total, 8 available
 Memory: 12684M
 Large Page Support: Disabled
 NUMA Support: Disabled
 Compressed Oops: Enabled (32-bit)
 Alignments: Space 512K, Generation 512K, Heap 2M
 Heap Min Capacity: 100M
 Heap Initial Capacity: 100M
 Heap Max Capacity: 1G
 Pre-touch: Disabled
 Parallel Workers: 8

Heap:
 PSYoungGen      total 19968K, used 1821K [0x00000000eab00000, 0x00000000ec180000, 0x0000000100000000)
  eden space 18944K, 7% used [0x00000000eab00000,0x00000000eac77508,0x00000000ebd80000)
  from space 1024K, 31% used [0x00000000ebf80000,0x00000000ebfd0000,0x00000000ec080000)
  to   space 512K, 0% used [0x00000000ec100000,0x00000000ec100000,0x00000000ec180000)
 ParOldGen       total 80384K, used 70507K [0x00000000c0000000, 0x00000000c4e80000, 0x00000000eab00000)
  object space 80384K, 87% used [0x00000000c0000000,0x00000000c44dadc0,0x00000000c4e80000)
 Metaspace       used 60163K, committed 61440K, reserved 1105920K
  class space    used 6240K, committed 6784K, reserved 1048576K

Card table byte_map: [0x00007f14bb6c4000,0x00007f14bb8c5000] _byte_map_base: 0x00007f14bb0c4000

Marking Bits: (ParMarkBitMap*) 0x00007f14bd2d5640
 Begin Bits: [0x00007f14b946c000, 0x00007f14ba46c000)
 End Bits:   [0x00007f14ba46c000, 0x00007f14bb46c000)

Polling page: 0x00007f14bbb05000

Metaspace:

Usage:
  Non-class:     52.66 MB used.
      Class:      6.09 MB used.
       Both:     58.75 MB used.

Virtual space:
  Non-class space:       56.00 MB reserved,      53.38 MB ( 95%) committed,  7 nodes.
      Class space:        1.00 GB reserved,       6.62 MB ( <1%) committed,  1 nodes.
             Both:        1.05 GB reserved,      60.00 MB (  6%) committed. 

Chunk freelists:
   Non-Class:  2.41 MB
       Class:  1.40 MB
        Both:  3.81 MB

MaxMetaspaceSize: unlimited
CompressedClassSpaceSize: 1.00 GB
Initial GC threshold: 21.00 MB
Current GC threshold: 90.31 MB
CDS: on
MetaspaceReclaimPolicy: balanced
 - commit_granule_bytes: 65536.
 - commit_granule_words: 8192.
 - virtual_space_node_default_size: 1048576.
 - enlarge_chunks_in_place: 1.
 - new_chunks_are_fully_committed: 0.
 - uncommit_free_chunks: 1.
 - use_allocation_guard: 0.
 - handle_deallocations: 1.


Internal statistics:

num_allocs_failed_limit: 6.
num_arena_births: 820.
num_arena_deaths: 14.
num_vsnodes_births: 8.
num_vsnodes_deaths: 0.
num_space_committed: 960.
num_space_uncommitted: 0.
num_chunks_returned_to_freelist: 20.
num_chunks_taken_from_freelist: 3536.
num_chunk_merges: 10.
num_chunk_splits: 2184.
num_chunks_enlarged: 1236.
num_purges: 2.
num_inconsistent_stats: 0.

CodeHeap 'non-profiled nmethods': size=120028Kb used=5161Kb max_used=5174Kb free=114866Kb
 bounds [0x00007f14a4c0e000, 0x00007f14a513e000, 0x00007f14ac145000]
CodeHeap 'profiled nmethods': size=120028Kb used=20107Kb max_used=20910Kb free=99920Kb
 bounds [0x00007f149d6d7000, 0x00007f149eb47000, 0x00007f14a4c0e000]
CodeHeap 'non-nmethods': size=5704Kb used=1342Kb max_used=1462Kb free=4361Kb
 bounds [0x00007f149d145000, 0x00007f149d3b5000, 0x00007f149d6d7000]
 total_blobs=9776 nmethods=9094 adapters=595
 compilation: enabled
              stopped_count=0, restarted_count=0
 full_count=0

Compilation events (20 events):
Event: 129.232 Thread 0x00007f14b418f7d0 10611       1       org.eclipse.core.internal.jobs.InternalJob::getListeners (5 bytes)
Event: 129.232 Thread 0x00007f14b418f7d0 nmethod 10611 0x00007f14a4cec990 code [0x00007f14a4cecb20, 0x00007f14a4cecbf0]
Event: 129.238 Thread 0x00007f1470531360 nmethod 10598 0x00007f14a4c34490 code [0x00007f14a4c34620, 0x00007f14a4c34af8]
Event: 129.238 Thread 0x00007f1470531360 10608       4       org.eclipse.jdt.internal.core.index.DiskIndex::writeStreamChars (285 bytes)
Event: 129.255 Thread 0x00007f1470531360 nmethod 10608 0x00007f14a4f2ac90 code [0x00007f14a4f2ae20, 0x00007f14a4f2b558]
Event: 129.255 Thread 0x00007f1470531360 10596       4       org.eclipse.jdt.internal.core.PackageFragmentRoot::getPath (5 bytes)
Event: 129.255 Thread 0x00007f1470531360 nmethod 10596 0x00007f14a4f2a990 code [0x00007f14a4f2ab20, 0x00007f14a4f2abb8]
Event: 129.255 Thread 0x00007f1470531360 10586       4       java.lang.reflect.Field::set (30 bytes)
Event: 129.266 Thread 0x00007f14b418f7d0 10612       3       org.eclipse.core.internal.content.ContentType::hashCode (8 bytes)
Event: 129.266 Thread 0x00007f14b418f7d0 nmethod 10612 0x00007f149e444e90 code [0x00007f149e445040, 0x00007f149e445180]
Event: 129.271 Thread 0x00007f14b418f7d0 10614       3       com.sun.org.apache.xerces.internal.impl.dtd.XMLDTDValidator::getPropertyDefault (36 bytes)
Event: 129.271 Thread 0x00007f14b418f7d0 nmethod 10614 0x00007f149e444890 code [0x00007f149e444a60, 0x00007f149e444d00]
Event: 129.271 Thread 0x00007f14b418f7d0 10615       3       com.sun.org.apache.xerces.internal.impl.dtd.XMLDTDProcessor::setFeature (1 bytes)
Event: 129.271 Thread 0x00007f14b418f7d0 nmethod 10615 0x00007f149d7a9c10 code [0x00007f149d7a9da0, 0x00007f149d7a9eb0]
Event: 129.271 Thread 0x00007f14b418f7d0 10616       3       com.sun.org.apache.xerces.internal.impl.dtd.XMLDTDValidator::setFeature (1 bytes)
Event: 129.271 Thread 0x00007f14b418f7d0 nmethod 10616 0x00007f149dd56090 code [0x00007f149dd56220, 0x00007f149dd56330]
Event: 129.271 Thread 0x00007f14b418f7d0 10617       3       com.sun.org.apache.xerces.internal.impl.XMLEntityManager::setFeature (92 bytes)
Event: 129.272 Thread 0x00007f14b418f7d0 nmethod 10617 0x00007f149e35e610 code [0x00007f149e35e8c0, 0x00007f149e35f570]
Event: 129.272 Thread 0x00007f14b418f7d0 10618       3       com.sun.org.apache.xerces.internal.impl.XMLErrorReporter::setFeature (44 bytes)
Event: 129.272 Thread 0x00007f14b418f7d0 nmethod 10618 0x00007f149e35d910 code [0x00007f149e35db40, 0x00007f149e35e2f0]

GC Heap History (20 events):
Event: 13.167 GC heap before
{Heap before GC invocations=46 (full 3):
 PSYoungGen      total 20992K, used 20383K [0x00000000eab00000, 0x00000000ec380000, 0x0000000100000000)
  eden space 19968K, 99% used [0x00000000eab00000,0x00000000ebe57f48,0x00000000ebe80000)
  from space 1024K, 56% used [0x00000000ec000000,0x00000000ec090000,0x00000000ec100000)
  to   space 1536K, 0% used [0x00000000ec200000,0x00000000ec200000,0x00000000ec380000)
 ParOldGen       total 80384K, used 52601K [0x00000000c0000000, 0x00000000c4e80000, 0x00000000eab00000)
  object space 80384K, 65% used [0x00000000c0000000,0x00000000c335e5b8,0x00000000c4e80000)
 Metaspace       used 56609K, committed 57664K, reserved 1105920K
  class space    used 5863K, committed 6336K, reserved 1048576K
}
Event: 13.170 GC heap after
{Heap after GC invocations=46 (full 3):
 PSYoungGen      total 20480K, used 288K [0x00000000eab00000, 0x00000000ec280000, 0x0000000100000000)
  eden space 19968K, 0% used [0x00000000eab00000,0x00000000eab00000,0x00000000ebe80000)
  from space 512K, 56% used [0x00000000ec200000,0x00000000ec248000,0x00000000ec280000)
  to   space 512K, 0% used [0x00000000ec180000,0x00000000ec180000,0x00000000ec200000)
 ParOldGen       total 80384K, used 52986K [0x00000000c0000000, 0x00000000c4e80000, 0x00000000eab00000)
  object space 80384K, 65% used [0x00000000c0000000,0x00000000c33be8b0,0x00000000c4e80000)
 Metaspace       used 56609K, committed 57664K, reserved 1105920K
  class space    used 5863K, committed 6336K, reserved 1048576K
}
Event: 13.658 GC heap before
{Heap before GC invocations=47 (full 3):
 PSYoungGen      total 20480K, used 20256K [0x00000000eab00000, 0x00000000ec280000, 0x0000000100000000)
  eden space 19968K, 100% used [0x00000000eab00000,0x00000000ebe80000,0x00000000ebe80000)
  from space 512K, 56% used [0x00000000ec200000,0x00000000ec248000,0x00000000ec280000)
  to   space 512K, 0% used [0x00000000ec180000,0x00000000ec180000,0x00000000ec200000)
 ParOldGen       total 80384K, used 52986K [0x00000000c0000000, 0x00000000c4e80000, 0x00000000eab00000)
  object space 80384K, 65% used [0x00000000c0000000,0x00000000c33be8b0,0x00000000c4e80000)
 Metaspace       used 57056K, committed 58240K, reserved 1105920K
  class space    used 5904K, committed 6400K, reserved 1048576K
}
Event: 13.664 GC heap after
{Heap after GC invocations=47 (full 3):
 PSYoungGen      total 20480K, used 503K [0x00000000eab00000, 0x00000000ecd80000, 0x0000000100000000)
  eden space 19968K, 0% used [0x00000000eab00000,0x00000000eab00000,0x00000000ebe80000)
  from space 512K, 98% used [0x00000000ec180000,0x00000000ec1fde48,0x00000000ec200000)
  to   space 7680K, 0% used [0x00000000ec600000,0x00000000ec600000,0x00000000ecd80000)
 ParOldGen       total 80384K, used 58711K [0x00000000c0000000, 0x00000000c4e80000, 0x00000000eab00000)
  object space 80384K, 73% used [0x00000000c0000000,0x00000000c3955dc8,0x00000000c4e80000)
 Metaspace       used 57056K, committed 58240K, reserved 1105920K
  class space    used 5904K, committed 6400K, reserved 1048576K
}
Event: 13.822 GC heap before
{Heap before GC invocations=48 (full 3):
 PSYoungGen      total 20480K, used 20471K [0x00000000eab00000, 0x00000000ecd80000, 0x0000000100000000)
  eden space 19968K, 100% used [0x00000000eab00000,0x00000000ebe80000,0x00000000ebe80000)
  from space 512K, 98% used [0x00000000ec180000,0x00000000ec1fde48,0x00000000ec200000)
  to   space 7680K, 0% used [0x00000000ec600000,0x00000000ec600000,0x00000000ecd80000)
 ParOldGen       total 80384K, used 58711K [0x00000000c0000000, 0x00000000c4e80000, 0x00000000eab00000)
  object space 80384K, 73% used [0x00000000c0000000,0x00000000c3955dc8,0x00000000c4e80000)
 Metaspace       used 57230K, committed 58432K, reserved 1105920K
  class space    used 5917K, committed 6464K, reserved 1048576K
}
Event: 13.829 GC heap after
{Heap after GC invocations=48 (full 3):
 PSYoungGen      total 22016K, used 1776K [0x00000000eab00000, 0x00000000ec800000, 0x0000000100000000)
  eden space 19968K, 0% used [0x00000000eab00000,0x00000000eab00000,0x00000000ebe80000)
  from space 2048K, 86% used [0x00000000ec600000,0x00000000ec7bc010,0x00000000ec800000)
  to   space 3584K, 0% used [0x00000000ec100000,0x00000000ec100000,0x00000000ec480000)
 ParOldGen       total 80384K, used 59230K [0x00000000c0000000, 0x00000000c4e80000, 0x00000000eab00000)
  object space 80384K, 73% used [0x00000000c0000000,0x00000000c39d7b10,0x00000000c4e80000)
 Metaspace       used 57230K, committed 58432K, reserved 1105920K
  class space    used 5917K, committed 6464K, reserved 1048576K
}
Event: 13.902 GC heap before
{Heap before GC invocations=49 (full 3):
 PSYoungGen      total 22016K, used 21744K [0x00000000eab00000, 0x00000000ec800000, 0x0000000100000000)
  eden space 19968K, 100% used [0x00000000eab00000,0x00000000ebe80000,0x00000000ebe80000)
  from space 2048K, 86% used [0x00000000ec600000,0x00000000ec7bc010,0x00000000ec800000)
  to   space 3584K, 0% used [0x00000000ec100000,0x00000000ec100000,0x00000000ec480000)
 ParOldGen       total 80384K, used 59230K [0x00000000c0000000, 0x00000000c4e80000, 0x00000000eab00000)
  object space 80384K, 73% used [0x00000000c0000000,0x00000000c39d7b10,0x00000000c4e80000)
 Metaspace       used 57304K, committed 58496K, reserved 1105920K
  class space    used 5924K, committed 6464K, reserved 1048576K
}
Event: 13.908 GC heap after
{Heap after GC invocations=49 (full 3):
 PSYoungGen      total 22016K, used 1984K [0x00000000eab00000, 0x00000000ec680000, 0x0000000100000000)
  eden space 19968K, 0% used [0x00000000eab00000,0x00000000eab00000,0x00000000ebe80000)
  from space 2048K, 96% used [0x00000000ec100000,0x00000000ec2f0000,0x00000000ec300000)
  to   space 2560K, 0% used [0x00000000ec400000,0x00000000ec400000,0x00000000ec680000)
 ParOldGen       total 80384K, used 60862K [0x00000000c0000000, 0x00000000c4e80000, 0x00000000eab00000)
  object space 80384K, 75% used [0x00000000c0000000,0x00000000c3b6fb20,0x00000000c4e80000)
 Metaspace       used 57304K, committed 58496K, reserved 1105920K
  class space    used 5924K, committed 6464K, reserved 1048576K
}
Event: 14.013 GC heap before
{Heap before GC invocations=50 (full 3):
 PSYoungGen      total 22016K, used 21952K [0x00000000eab00000, 0x00000000ec680000, 0x0000000100000000)
  eden space 19968K, 100% used [0x00000000eab00000,0x00000000ebe80000,0x00000000ebe80000)
  from space 2048K, 96% used [0x00000000ec100000,0x00000000ec2f0000,0x00000000ec300000)
  to   space 2560K, 0% used [0x00000000ec400000,0x00000000ec400000,0x00000000ec680000)
 ParOldGen       total 80384K, used 60862K [0x00000000c0000000, 0x00000000c4e80000, 0x00000000eab00000)
  object space 80384K, 75% used [0x00000000c0000000,0x00000000c3b6fb20,0x00000000c4e80000)
 Metaspace       used 57405K, committed 58624K, reserved 1105920K
  class space    used 5924K, committed 6464K, reserved 1048576K
}
Event: 14.040 GC heap after
{Heap after GC invocations=50 (full 3):
 PSYoungGen      total 21504K, used 2551K [0x00000000eab00000, 0x00000000ecb80000, 0x0000000100000000)
  eden space 18944K, 0% used [0x00000000eab00000,0x00000000eab00000,0x00000000ebd80000)
  from space 2560K, 99% used [0x00000000ec400000,0x00000000ec67ddf8,0x00000000ec680000)
  to   space 6656K, 0% used [0x00000000ebd80000,0x00000000ebd80000,0x00000000ec400000)
 ParOldGen       total 80384K, used 64047K [0x00000000c0000000, 0x00000000c4e80000, 0x00000000eab00000)
  object space 80384K, 79% used [0x00000000c0000000,0x00000000c3e8bc48,0x00000000c4e80000)
 Metaspace       used 57405K, committed 58624K, reserved 1105920K
  class space    used 5924K, committed 6464K, reserved 1048576K
}
Event: 14.341 GC heap before
{Heap before GC invocations=51 (full 3):
 PSYoungGen      total 21504K, used 21495K [0x00000000eab00000, 0x00000000ecb80000, 0x0000000100000000)
  eden space 18944K, 100% used [0x00000000eab00000,0x00000000ebd80000,0x00000000ebd80000)
  from space 2560K, 99% used [0x00000000ec400000,0x00000000ec67ddf8,0x00000000ec680000)
  to   space 6656K, 0% used [0x00000000ebd80000,0x00000000ebd80000,0x00000000ec400000)
 ParOldGen       total 80384K, used 64047K [0x00000000c0000000, 0x00000000c4e80000, 0x00000000eab00000)
  object space 80384K, 79% used [0x00000000c0000000,0x00000000c3e8bc48,0x00000000c4e80000)
 Metaspace       used 57604K, committed 58816K, reserved 1105920K
  class space    used 5924K, committed 6464K, reserved 1048576K
}
Event: 14.352 GC heap after
{Heap after GC invocations=51 (full 3):
 PSYoungGen      total 22528K, used 3360K [0x00000000eab00000, 0x00000000ec680000, 0x0000000100000000)
  eden space 18944K, 0% used [0x00000000eab00000,0x00000000eab00000,0x00000000ebd80000)
  from space 3584K, 93% used [0x00000000ebd80000,0x00000000ec0c8010,0x00000000ec100000)
  to   space 4608K, 0% used [0x00000000ec200000,0x00000000ec200000,0x00000000ec680000)
 ParOldGen       total 80384K, used 65700K [0x00000000c0000000, 0x00000000c4e80000, 0x00000000eab00000)
  object space 80384K, 81% used [0x00000000c0000000,0x00000000c40290e8,0x00000000c4e80000)
 Metaspace       used 57604K, committed 58816K, reserved 1105920K
  class space    used 5924K, committed 6464K, reserved 1048576K
}
Event: 14.939 GC heap before
{Heap before GC invocations=52 (full 3):
 PSYoungGen      total 22528K, used 22304K [0x00000000eab00000, 0x00000000ec680000, 0x0000000100000000)
  eden space 18944K, 100% used [0x00000000eab00000,0x00000000ebd80000,0x00000000ebd80000)
  from space 3584K, 93% used [0x00000000ebd80000,0x00000000ec0c8010,0x00000000ec100000)
  to   space 4608K, 0% used [0x00000000ec200000,0x00000000ec200000,0x00000000ec680000)
 ParOldGen       total 80384K, used 65700K [0x00000000c0000000, 0x00000000c4e80000, 0x00000000eab00000)
  object space 80384K, 81% used [0x00000000c0000000,0x00000000c4029268,0x00000000c4e80000)
 Metaspace       used 59180K, committed 60416K, reserved 1105920K
  class space    used 6122K, committed 6656K, reserved 1048576K
}
Event: 14.955 GC heap after
{Heap after GC invocations=52 (full 3):
 PSYoungGen      total 19968K, used 823K [0x00000000eab00000, 0x00000000ec300000, 0x0000000100000000)
  eden space 18944K, 0% used [0x00000000eab00000,0x00000000eab00000,0x00000000ebd80000)
  from space 1024K, 80% used [0x00000000ec200000,0x00000000ec2cdf50,0x00000000ec300000)
  to   space 2048K, 0% used [0x00000000ebf00000,0x00000000ebf00000,0x00000000ec100000)
 ParOldGen       total 80384K, used 68939K [0x00000000c0000000, 0x00000000c4e80000, 0x00000000eab00000)
  object space 80384K, 85% used [0x00000000c0000000,0x00000000c4352ea0,0x00000000c4e80000)
 Metaspace       used 59180K, committed 60416K, reserved 1105920K
  class space    used 6122K, committed 6656K, reserved 1048576K
}
Event: 15.191 GC heap before
{Heap before GC invocations=53 (full 3):
 PSYoungGen      total 19968K, used 19767K [0x00000000eab00000, 0x00000000ec300000, 0x0000000100000000)
  eden space 18944K, 100% used [0x00000000eab00000,0x00000000ebd80000,0x00000000ebd80000)
  from space 1024K, 80% used [0x00000000ec200000,0x00000000ec2cdf50,0x00000000ec300000)
  to   space 2048K, 0% used [0x00000000ebf00000,0x00000000ebf00000,0x00000000ec100000)
 ParOldGen       total 80384K, used 68941K [0x00000000c0000000, 0x00000000c4e80000, 0x00000000eab00000)
  object space 80384K, 85% used [0x00000000c0000000,0x00000000c43535d8,0x00000000c4e80000)
 Metaspace       used 59797K, committed 61056K, reserved 1105920K
  class space    used 6202K, committed 6720K, reserved 1048576K
}
Event: 15.196 GC heap after
{Heap after GC invocations=53 (full 3):
 PSYoungGen      total 20992K, used 968K [0x00000000eab00000, 0x00000000ec280000, 0x0000000100000000)
  eden space 18944K, 0% used [0x00000000eab00000,0x00000000eab00000,0x00000000ebd80000)
  from space 2048K, 47% used [0x00000000ebf00000,0x00000000ebff2140,0x00000000ec100000)
  to   space 1536K, 0% used [0x00000000ec100000,0x00000000ec100000,0x00000000ec280000)
 ParOldGen       total 80384K, used 69547K [0x00000000c0000000, 0x00000000c4e80000, 0x00000000eab00000)
  object space 80384K, 86% used [0x00000000c0000000,0x00000000c43eac80,0x00000000c4e80000)
 Metaspace       used 59797K, committed 61056K, reserved 1105920K
  class space    used 6202K, committed 6720K, reserved 1048576K
}
Event: 15.401 GC heap before
{Heap before GC invocations=54 (full 3):
 PSYoungGen      total 20992K, used 19874K [0x00000000eab00000, 0x00000000ec280000, 0x0000000100000000)
  eden space 18944K, 99% used [0x00000000eab00000,0x00000000ebd76848,0x00000000ebd80000)
  from space 2048K, 47% used [0x00000000ebf00000,0x00000000ebff2140,0x00000000ec100000)
  to   space 1536K, 0% used [0x00000000ec100000,0x00000000ec100000,0x00000000ec280000)
 ParOldGen       total 80384K, used 69547K [0x00000000c0000000, 0x00000000c4e80000, 0x00000000eab00000)
  object space 80384K, 86% used [0x00000000c0000000,0x00000000c43eac80,0x00000000c4e80000)
 Metaspace       used 59827K, committed 61056K, reserved 1105920K
  class space    used 6202K, committed 6720K, reserved 1048576K
}
Event: 15.406 GC heap after
{Heap after GC invocations=54 (full 3):
 PSYoungGen      total 19456K, used 352K [0x00000000eab00000, 0x00000000ec180000, 0x0000000100000000)
  eden space 18944K, 0% used [0x00000000eab00000,0x00000000eab00000,0x00000000ebd80000)
  from space 512K, 68% used [0x00000000ec100000,0x00000000ec158000,0x00000000ec180000)
  to   space 1024K, 0% used [0x00000000ebf80000,0x00000000ebf80000,0x00000000ec080000)
 ParOldGen       total 80384K, used 70363K [0x00000000c0000000, 0x00000000c4e80000, 0x00000000eab00000)
  object space 80384K, 87% used [0x00000000c0000000,0x00000000c44b6dc0,0x00000000c4e80000)
 Metaspace       used 59827K, committed 61056K, reserved 1105920K
  class space    used 6202K, committed 6720K, reserved 1048576K
}
Event: 129.248 GC heap before
{Heap before GC invocations=55 (full 3):
 PSYoungGen      total 19456K, used 19284K [0x00000000eab00000, 0x00000000ec180000, 0x0000000100000000)
  eden space 18944K, 99% used [0x00000000eab00000,0x00000000ebd7d258,0x00000000ebd80000)
  from space 512K, 68% used [0x00000000ec100000,0x00000000ec158000,0x00000000ec180000)
  to   space 1024K, 0% used [0x00000000ebf80000,0x00000000ebf80000,0x00000000ec080000)
 ParOldGen       total 80384K, used 70363K [0x00000000c0000000, 0x00000000c4e80000, 0x00000000eab00000)
  object space 80384K, 87% used [0x00000000c0000000,0x00000000c44b6dc0,0x00000000c4e80000)
 Metaspace       used 59910K, committed 61184K, reserved 1105920K
  class space    used 6212K, committed 6784K, reserved 1048576K
}
Event: 129.250 GC heap after
{Heap after GC invocations=55 (full 3):
 PSYoungGen      total 19968K, used 320K [0x00000000eab00000, 0x00000000ec180000, 0x0000000100000000)
  eden space 18944K, 0% used [0x00000000eab00000,0x00000000eab00000,0x00000000ebd80000)
  from space 1024K, 31% used [0x00000000ebf80000,0x00000000ebfd0000,0x00000000ec080000)
  to   space 512K, 0% used [0x00000000ec100000,0x00000000ec100000,0x00000000ec180000)
 ParOldGen       total 80384K, used 70507K [0x00000000c0000000, 0x00000000c4e80000, 0x00000000eab00000)
  object space 80384K, 87% used [0x00000000c0000000,0x00000000c44dadc0,0x00000000c4e80000)
 Metaspace       used 59910K, committed 61184K, reserved 1105920K
  class space    used 6212K, committed 6784K, reserved 1048576K
}

Dll operation events (11 events):
Event: 0.003 Loaded shared library /usr/lib/jvm/java-17-openjdk-amd64/lib/libjava.so
Event: 0.003 Loaded shared library /usr/lib/jvm/java-17-openjdk-amd64/lib/libzip.so
Event: 0.022 Loaded shared library /usr/lib/jvm/java-17-openjdk-amd64/lib/libjsvml.so
Event: 0.152 Loaded shared library /usr/lib/jvm/java-17-openjdk-amd64/lib/libinstrument.so
Event: 0.159 Loaded shared library /usr/lib/jvm/java-17-openjdk-amd64/lib/libnio.so
Event: 0.162 Loaded shared library /usr/lib/jvm/java-17-openjdk-amd64/lib/libzip.so
Event: 0.179 Loaded shared library /usr/lib/jvm/java-17-openjdk-amd64/lib/libjimage.so
Event: 0.225 Loaded shared library /usr/lib/jvm/java-17-openjdk-amd64/lib/libverify.so
Event: 1.010 Loaded shared library /usr/lib/jvm/java-17-openjdk-amd64/lib/libnet.so
Event: 1.548 Loaded shared library /home/aarav/.vscode-server/data/User/globalStorage/redhat.java/1.14.0/config_linux/org.eclipse.equinox.launcher/org.eclipse.equinox.launcher.gtk.linux.x86_64_1.2.700.v20221108-1024/eclipse_11801.so
Event: 14.817 Loaded shared library /usr/lib/jvm/java-17-openjdk-amd64/lib/libextnet.so

Deoptimization events (20 events):
Event: 15.157 Thread 0x00007f140806dc20 DEOPT PACKING pc=0x00007f14a4fe89ec sp=0x00007f14179f7640
Event: 15.157 Thread 0x00007f140806dc20 DEOPT UNPACKING pc=0x00007f149d196d99 sp=0x00007f14179f7630 mode 2
Event: 15.157 Thread 0x00007f140806dc20 Uncommon trap: trap_request=0xffffffbe fr.pc=0x00007f14a4fe89ec relative=0x000000000000078c
Event: 15.157 Thread 0x00007f140806dc20 Uncommon trap: reason=profile_predicate action=maybe_recompile pc=0x00007f14a4fe89ec method=java.util.TreeMap.getEntryUsingComparator(Ljava/lang/Object;)Ljava/util/TreeMap$Entry; @ 19 c2
Event: 15.157 Thread 0x00007f140806dc20 DEOPT PACKING pc=0x00007f14a4fe89ec sp=0x00007f14179f7640
Event: 15.157 Thread 0x00007f140806dc20 DEOPT UNPACKING pc=0x00007f149d196d99 sp=0x00007f14179f7630 mode 2
Event: 15.157 Thread 0x00007f140806dc20 Uncommon trap: trap_request=0xffffffbe fr.pc=0x00007f14a4fe89ec relative=0x000000000000078c
Event: 15.157 Thread 0x00007f140806dc20 Uncommon trap: reason=profile_predicate action=maybe_recompile pc=0x00007f14a4fe89ec method=java.util.TreeMap.getEntryUsingComparator(Ljava/lang/Object;)Ljava/util/TreeMap$Entry; @ 19 c2
Event: 15.157 Thread 0x00007f140806dc20 DEOPT PACKING pc=0x00007f14a4fe89ec sp=0x00007f14179f7640
Event: 15.157 Thread 0x00007f140806dc20 DEOPT UNPACKING pc=0x00007f149d196d99 sp=0x00007f14179f7630 mode 2
Event: 15.157 Thread 0x00007f140806dc20 Uncommon trap: trap_request=0xffffffbe fr.pc=0x00007f14a4fe89ec relative=0x000000000000078c
Event: 15.157 Thread 0x00007f140806dc20 Uncommon trap: reason=profile_predicate action=maybe_recompile pc=0x00007f14a4fe89ec method=java.util.TreeMap.getEntryUsingComparator(Ljava/lang/Object;)Ljava/util/TreeMap$Entry; @ 19 c2
Event: 15.157 Thread 0x00007f140806dc20 DEOPT PACKING pc=0x00007f14a4fe89ec sp=0x00007f14179f7640
Event: 15.157 Thread 0x00007f140806dc20 DEOPT UNPACKING pc=0x00007f149d196d99 sp=0x00007f14179f7630 mode 2
Event: 15.537 Thread 0x00007f1400000e60 DEOPT PACKING pc=0x00007f149e21698e sp=0x00007f1417bf9c80
Event: 15.537 Thread 0x00007f1400000e60 DEOPT UNPACKING pc=0x00007f149d19752f sp=0x00007f1417bf9230 mode 0
Event: 15.548 Thread 0x00007f1400000e60 DEOPT PACKING pc=0x00007f149e21698e sp=0x00007f1417bf9c80
Event: 15.548 Thread 0x00007f1400000e60 DEOPT UNPACKING pc=0x00007f149d19752f sp=0x00007f1417bf9230 mode 0
Event: 129.264 Thread 0x00007f14b456b8b0 DEOPT PACKING pc=0x00007f149e4a9731 sp=0x00007f1417efb300
Event: 129.264 Thread 0x00007f14b456b8b0 DEOPT UNPACKING pc=0x00007f149d19752f sp=0x00007f1417efa7c8 mode 0

Classes unloaded (7 events):
Event: 3.169 Thread 0x00007f14b4176fd0 Unloading class 0x0000000800d6a400 'java/lang/invoke/LambdaForm$MH+0x0000000800d6a400'
Event: 3.169 Thread 0x00007f14b4176fd0 Unloading class 0x0000000800d6a000 'java/lang/invoke/LambdaForm$MH+0x0000000800d6a000'
Event: 3.169 Thread 0x00007f14b4176fd0 Unloading class 0x0000000800d69c00 'java/lang/invoke/LambdaForm$MH+0x0000000800d69c00'
Event: 3.169 Thread 0x00007f14b4176fd0 Unloading class 0x0000000800d69800 'java/lang/invoke/LambdaForm$MH+0x0000000800d69800'
Event: 3.169 Thread 0x00007f14b4176fd0 Unloading class 0x0000000800d69000 'java/lang/invoke/LambdaForm$BMH+0x0000000800d69000'
Event: 3.169 Thread 0x00007f14b4176fd0 Unloading class 0x0000000800d68c00 'java/lang/invoke/LambdaForm$DMH+0x0000000800d68c00'
Event: 3.169 Thread 0x00007f14b4176fd0 Unloading class 0x0000000800d66000 'java/lang/invoke/LambdaForm$DMH+0x0000000800d66000'

Classes redefined (0 events):
No events

Internal exceptions (20 events):
Event: 14.289 Thread 0x00007f13f00cbcc0 Exception <a 'java/lang/NullPointerException'{0x00000000ebc39b90}> (0x00000000ebc39b90) 
thrown [src/hotspot/share/interpreter/linkResolver.cpp, line 1350]
Event: 14.289 Thread 0x00007f13f00cbcc0 Exception <a 'java/lang/NullPointerException'{0x00000000ebc3e428}> (0x00000000ebc3e428) 
thrown [src/hotspot/share/interpreter/linkResolver.cpp, line 1350]
Event: 14.292 Thread 0x00007f143c8b5350 Exception <a 'java/lang/NullPointerException'{0x00000000ebbc2cb0}> (0x00000000ebbc2cb0) 
thrown [src/hotspot/share/interpreter/linkResolver.cpp, line 1350]
Event: 14.292 Thread 0x00007f143c8b5350 Exception <a 'java/lang/NullPointerException'{0x00000000ebbc3210}> (0x00000000ebbc3210) 
thrown [src/hotspot/share/interpreter/linkResolver.cpp, line 1350]
Event: 14.292 Thread 0x00007f143c8b5350 Exception <a 'java/lang/NullPointerException'{0x00000000ebbc46e0}> (0x00000000ebbc46e0) 
thrown [src/hotspot/share/interpreter/linkResolver.cpp, line 1350]
Event: 14.293 Thread 0x00007f143c8b5350 Exception <a 'java/lang/NullPointerException'{0x00000000ebbc5090}> (0x00000000ebbc5090) 
thrown [src/hotspot/share/interpreter/linkResolver.cpp, line 1350]
Event: 14.293 Thread 0x00007f143c8b5350 Exception <a 'java/lang/NullPointerException'{0x00000000ebbc5740}> (0x00000000ebbc5740) 
thrown [src/hotspot/share/interpreter/linkResolver.cpp, line 1350]
Event: 14.293 Thread 0x00007f143c8b5350 Exception <a 'java/lang/NullPointerException'{0x00000000ebbc6030}> (0x00000000ebbc6030) 
thrown [src/hotspot/share/interpreter/linkResolver.cpp, line 1350]
Event: 14.293 Thread 0x00007f143c8b5350 Exception <a 'java/lang/NullPointerException'{0x00000000ebbc6590}> (0x00000000ebbc6590) 
thrown [src/hotspot/share/interpreter/linkResolver.cpp, line 1350]
Event: 14.293 Thread 0x00007f143c8b5350 Exception <a 'java/lang/NullPointerException'{0x00000000ebbc6af0}> (0x00000000ebbc6af0) 
thrown [src/hotspot/share/interpreter/linkResolver.cpp, line 1350]
Event: 14.293 Thread 0x00007f143c8b5350 Exception <a 'java/lang/NullPointerException'{0x00000000ebbc70e0}> (0x00000000ebbc70e0) 
thrown [src/hotspot/share/interpreter/linkResolver.cpp, line 1350]
Event: 14.293 Thread 0x00007f143c8b5350 Exception <a 'java/lang/NullPointerException'{0x00000000ebbc7710}> (0x00000000ebbc7710) 
thrown [src/hotspot/share/interpreter/linkResolver.cpp, line 1350]
Event: 14.294 Thread 0x00007f143c8b5350 Exception <a 'java/lang/NullPointerException'{0x00000000ebbc86f0}> (0x00000000ebbc86f0) 
thrown [src/hotspot/share/interpreter/linkResolver.cpp, line 1350]
Event: 14.353 Thread 0x00007f13f4000e60 Exception <a 'sun/nio/fs/UnixException'{0x00000000eab02618}> (0x00000000eab02618) 
thrown [src/hotspot/share/prims/jni.cpp, line 516]
Event: 14.361 Thread 0x00007f13f4000e60 Exception <a 'sun/nio/fs/UnixException'{0x00000000eab0b680}> (0x00000000eab0b680) 
thrown [src/hotspot/share/prims/jni.cpp, line 516]
Event: 14.375 Thread 0x00007f13f4000e60 Exception <a 'sun/nio/fs/UnixException'{0x00000000eab43650}> (0x00000000eab43650) 
thrown [src/hotspot/share/prims/jni.cpp, line 516]
Event: 14.762 Thread 0x00007f143c2d3aa0 Exception <a 'java/net/UnknownHostException'{0x00000000eb51ad30}> (0x00000000eb51ad30) 
thrown [src/hotspot/share/prims/jni.cpp, line 516]
Event: 14.824 Thread 0x00007f140806dc20 Exception <a 'java/io/FileNotFoundException'{0x00000000eb73e8d0}> (0x00000000eb73e8d0) 
thrown [src/hotspot/share/prims/jni.cpp, line 516]
Event: 129.230 Thread 0x00007f143c8b5350 Exception <a 'sun/nio/fs/UnixException'{0x00000000ebd396c8}> (0x00000000ebd396c8) 
thrown [src/hotspot/share/prims/jni.cpp, line 516]
Event: 129.231 Thread 0x00007f143c8b5350 Exception <a 'sun/nio/fs/UnixException'{0x00000000ebd429f0}> (0x00000000ebd429f0) 
thrown [src/hotspot/share/prims/jni.cpp, line 516]

VM Operations (20 events):
Event: 14.703 Executing VM operation: HandshakeAllThreads
Event: 14.703 Executing VM operation: HandshakeAllThreads done
Event: 14.797 Executing VM operation: HandshakeAllThreads
Event: 14.799 Executing VM operation: HandshakeAllThreads done
Event: 14.937 Executing VM operation: ParallelGCFailedAllocation
Event: 14.939 Executing VM operation: ParallelGCFailedAllocation done
Event: 14.939 Executing VM operation: ParallelGCSystemGC
Event: 14.955 Executing VM operation: ParallelGCSystemGC done
Event: 15.191 Executing VM operation: ParallelGCFailedAllocation
Event: 15.196 Executing VM operation: ParallelGCFailedAllocation done
Event: 15.401 Executing VM operation: ParallelGCFailedAllocation
Event: 15.406 Executing VM operation: ParallelGCFailedAllocation done
Event: 16.406 Executing VM operation: Cleanup
Event: 16.407 Executing VM operation: Cleanup done
Event: 75.419 Executing VM operation: Cleanup
Event: 75.420 Executing VM operation: Cleanup done
Event: 129.216 Executing VM operation: HandshakeAllThreads
Event: 129.216 Executing VM operation: HandshakeAllThreads done
Event: 129.248 Executing VM operation: ParallelGCFailedAllocation
Event: 129.250 Executing VM operation: ParallelGCFailedAllocation done

Events (20 events):
Event: 129.224 loading class org/eclipse/core/resources/IMarker
Event: 129.224 loading class org/eclipse/core/resources/IMarker done
Event: 129.225 loading class org/eclipse/lsp4j/Diagnostic
Event: 129.225 loading class org/eclipse/lsp4j/Diagnostic done
Event: 129.225 loading class org/eclipse/lsp4j/Diagnostic
Event: 129.225 loading class org/eclipse/lsp4j/Diagnostic done
Event: 129.230 Thread 0x00007f1470531360 Thread added: 0x00007f1470531360
Event: 129.230 Protecting memory [0x00007f1417bfc000,0x00007f1417c00000] with protection modes 0
Event: 129.262 loading class java/nio/charset/IllegalCharsetNameException
Event: 129.263 loading class java/nio/charset/IllegalCharsetNameException done
Event: 129.263 loading class java/io/SequenceInputStream
Event: 129.263 loading class java/io/SequenceInputStream done
Event: 129.270 loading class org/xml/sax/SAXNotRecognizedException
Event: 129.270 loading class org/xml/sax/SAXNotRecognizedException done
Event: 129.270 loading class org/xml/sax/SAXNotSupportedException
Event: 129.270 loading class org/xml/sax/SAXNotSupportedException done
Event: 129.271 loading class com/sun/org/apache/xerces/internal/util/URI
Event: 129.272 loading class com/sun/org/apache/xerces/internal/util/URI done
Event: 129.273 loading class com/sun/org/apache/xerces/internal/xni/XNIException
Event: 129.273 loading class com/sun/org/apache/xerces/internal/xni/XNIException done


Dynamic libraries:
c0000000-c4e80000 rw-p 00000000 00:00 0 
c4e80000-eab00000 ---p 00000000 00:00 0 
eab00000-ec180000 rw-p 00000000 00:00 0 
ec180000-100000000 ---p 00000000 00:00 0 
800000000-800be3000 rw-p 00001000 08:10 248113                           /usr/lib/jvm/java-17-openjdk-amd64/lib/server/classes.jsa
800be3000-800c00000 ---p 00000000 00:00 0 
800c00000-800c20000 rw-p 00000000 00:00 0 
800c20000-800c40000 rw-p 00000000 00:00 0 
800c40000-800cc0000 rw-p 00000000 00:00 0 
800cc0000-800d00000 rw-p 00000000 00:00 0 
800d00000-800ec0000 rw-p 00000000 00:00 0 
800ec0000-800f00000 rw-p 00000000 00:00 0 
800f00000-801000000 rw-p 00000000 00:00 0 
801000000-8012a0000 rw-p 00000000 00:00 0 
8012a0000-840c00000 ---p 00000000 00:00 0 
55ee8ad4c000-55ee8ad4d000 r--p 00000000 08:10 247096                     /usr/lib/jvm/java-17-openjdk-amd64/bin/java
55ee8ad4d000-55ee8ad4e000 r-xp 00001000 08:10 247096                     /usr/lib/jvm/java-17-openjdk-amd64/bin/java
55ee8ad4e000-55ee8ad4f000 r--p 00002000 08:10 247096                     /usr/lib/jvm/java-17-openjdk-amd64/bin/java
55ee8ad4f000-55ee8ad50000 r--p 00002000 08:10 247096                     /usr/lib/jvm/java-17-openjdk-amd64/bin/java
55ee8ad50000-55ee8ad51000 rw-p 00003000 08:10 247096                     /usr/lib/jvm/java-17-openjdk-amd64/bin/java
55ee8c826000-55ee8c86d000 rw-p 00000000 00:00 0                          [heap]
7f13c4000000-7f13c4021000 rw-p 00000000 00:00 0 
7f13c4021000-7f13c8000000 ---p 00000000 00:00 0 
7f13c8000000-7f13c8021000 rw-p 00000000 00:00 0 
7f13c8021000-7f13cc000000 ---p 00000000 00:00 0 
7f13cc000000-7f13cc021000 rw-p 00000000 00:00 0 
7f13cc021000-7f13d0000000 ---p 00000000 00:00 0 
7f13d0000000-7f13d0021000 rw-p 00000000 00:00 0 
7f13d0021000-7f13d4000000 ---p 00000000 00:00 0 
7f13d4000000-7f13d4021000 rw-p 00000000 00:00 0 
7f13d4021000-7f13d8000000 ---p 00000000 00:00 0 
7f13d8000000-7f13d8021000 rw-p 00000000 00:00 0 
7f13d8021000-7f13dc000000 ---p 00000000 00:00 0 
7f13dc000000-7f13dc021000 rw-p 00000000 00:00 0 
7f13dc021000-7f13e0000000 ---p 00000000 00:00 0 
7f13e0000000-7f13e0021000 rw-p 00000000 00:00 0 
7f13e0021000-7f13e4000000 ---p 00000000 00:00 0 
7f13e4000000-7f13e4021000 rw-p 00000000 00:00 0 
7f13e4021000-7f13e8000000 ---p 00000000 00:00 0 
7f13e8000000-7f13e80a4000 rw-p 00000000 00:00 0 
7f13e80a4000-7f13ec000000 ---p 00000000 00:00 0 
7f13ec000000-7f13ec22a000 rw-p 00000000 00:00 0 
7f13ec22a000-7f13f0000000 ---p 00000000 00:00 0 
7f13f0000000-7f13f00e2000 rw-p 00000000 00:00 0 
7f13f00e2000-7f13f4000000 ---p 00000000 00:00 0 
7f13f4000000-7f13f405d000 rw-p 00000000 00:00 0 
7f13f405d000-7f13f8000000 ---p 00000000 00:00 0 
7f13f8145000-7f1400000000 r--s 00000000 08:10 248110                     /usr/lib/jvm/java-17-openjdk-amd64/lib/modules
7f1400000000-7f1400490000 rw-p 00000000 00:00 0 
7f1400490000-7f1404000000 ---p 00000000 00:00 0 
7f1404000000-7f1404137000 rw-p 00000000 00:00 0 
7f1404137000-7f1408000000 ---p 00000000 00:00 0 
7f1408000000-7f1408134000 rw-p 00000000 00:00 0 
7f1408134000-7f140c000000 ---p 00000000 00:00 0 
7f140c000000-7f140c304000 rw-p 00000000 00:00 0 
7f140c304000-7f1410000000 ---p 00000000 00:00 0 
7f1410000000-7f1410021000 rw-p 00000000 00:00 0 
7f1410021000-7f1414000000 ---p 00000000 00:00 0 
7f14153f8000-7f14153fc000 ---p 00000000 00:00 0 
7f14153fc000-7f14154f9000 rw-p 00000000 00:00 0 
7f14154f9000-7f14154fd000 ---p 00000000 00:00 0 
7f14154fd000-7f14155fa000 rw-p 00000000 00:00 0 
7f14155fa000-7f14155fe000 ---p 00000000 00:00 0 
7f14155fe000-7f14156fb000 rw-p 00000000 00:00 0 
7f14156fb000-7f14156ff000 ---p 00000000 00:00 0 
7f14156ff000-7f14157fc000 rw-p 00000000 00:00 0 
7f14157fc000-7f1415800000 ---p 00000000 00:00 0 
7f1415800000-7f14158fd000 rw-p 00000000 00:00 0 
7f14158fd000-7f1415901000 ---p 00000000 00:00 0 
7f1415901000-7f14159fe000 rw-p 00000000 00:00 0 
7f14159fe000-7f1415a02000 ---p 00000000 00:00 0 
7f1415a02000-7f1415aff000 rw-p 00000000 00:00 0 
7f1415aff000-7f1415b03000 ---p 00000000 00:00 0 
7f1415b03000-7f14161a0000 rw-p 00000000 00:00 0 
7f14161a0000-7f1416400000 ---p 00000000 00:00 0 
7f1416400000-7f1416900000 rw-p 00000000 00:00 0 
7f1416900000-7f14169c0000 rw-p 00000000 00:00 0 
7f14169c0000-7f1416a00000 ---p 00000000 00:00 0 
7f1416a00000-7f1416c00000 rw-p 00000000 00:00 0 
7f1416cfd000-7f1416d01000 ---p 00000000 00:00 0 
7f1416d01000-7f1416dfe000 rw-p 00000000 00:00 0 
7f1416dfe000-7f1416e02000 ---p 00000000 00:00 0 
7f1416e02000-7f1416eff000 rw-p 00000000 00:00 0 
7f1416eff000-7f1416f03000 ---p 00000000 00:00 0 
7f1416f03000-7f14177c0000 rw-p 00000000 00:00 0 
7f14177c0000-7f1417800000 rw-p 00000000 00:00 0 
7f14178f9000-7f14178fd000 ---p 00000000 00:00 0 
7f14178fd000-7f14179fa000 rw-p 00000000 00:00 0 
7f14179fa000-7f14179fe000 ---p 00000000 00:00 0 
7f14179fe000-7f1417afb000 rw-p 00000000 00:00 0 
7f1417afb000-7f1417aff000 ---p 00000000 00:00 0 
7f1417aff000-7f1417bfc000 rw-p 00000000 00:00 0 
7f1417bfc000-7f1417c00000 ---p 00000000 00:00 0 
7f1417c00000-7f1417cfd000 rw-p 00000000 00:00 0 
7f1417cfd000-7f1417d01000 ---p 00000000 00:00 0 
7f1417d01000-7f1417dfe000 rw-p 00000000 00:00 0 
7f1417dfe000-7f1417e02000 ---p 00000000 00:00 0 
7f1417e02000-7f1417eff000 rw-p 00000000 00:00 0 
7f1417eff000-7f1417f03000 ---p 00000000 00:00 0 
7f1417f03000-7f1418000000 rw-p 00000000 00:00 0 
7f1418000000-7f1419707000 rw-p 00000000 00:00 0 
7f1419707000-7f141c000000 ---p 00000000 00:00 0 
7f141c000000-7f141c5c9000 rw-p 00000000 00:00 0 
7f141c5c9000-7f1420000000 ---p 00000000 00:00 0 
7f1420000000-7f142017f000 rw-p 00000000 00:00 0 
7f142017f000-7f1424000000 ---p 00000000 00:00 0 
7f1424000000-7f142472f000 rw-p 00000000 00:00 0 
7f142472f000-7f1428000000 ---p 00000000 00:00 0 
7f1428000000-7f1428021000 rw-p 00000000 00:00 0 
7f1428021000-7f142c000000 ---p 00000000 00:00 0 
7f142c000000-7f142c021000 rw-p 00000000 00:00 0 
7f142c021000-7f1430000000 ---p 00000000 00:00 0 
7f1430000000-7f1430021000 rw-p 00000000 00:00 0 
7f1430021000-7f1434000000 ---p 00000000 00:00 0 
7f1434000000-7f1434021000 rw-p 00000000 00:00 0 
7f1434021000-7f1438000000 ---p 00000000 00:00 0 
7f1438000000-7f1438021000 rw-p 00000000 00:00 0 
7f1438021000-7f143c000000 ---p 00000000 00:00 0 
7f143c000000-7f143c9e3000 rw-p 00000000 00:00 0 
7f143c9e3000-7f1440000000 ---p 00000000 00:00 0 
7f1440000000-7f1440021000 rw-p 00000000 00:00 0 
7f1440021000-7f1444000000 ---p 00000000 00:00 0 
7f1444000000-7f1444021000 rw-p 00000000 00:00 0 
7f1444021000-7f1448000000 ---p 00000000 00:00 0 
7f1448000000-7f1448025000 rw-p 00000000 00:00 0 
7f1448025000-7f144c000000 ---p 00000000 00:00 0 
7f144c000000-7f144c040000 rw-p 00000000 00:00 0 
7f144c040000-7f1450000000 ---p 00000000 00:00 0 
7f1450000000-7f1450021000 rw-p 00000000 00:00 0 
7f1450021000-7f1454000000 ---p 00000000 00:00 0 
7f1454000000-7f1454021000 rw-p 00000000 00:00 0 
7f1454021000-7f1458000000 ---p 00000000 00:00 0 
7f1458000000-7f1458159000 rw-p 00000000 00:00 0 
7f1458159000-7f145c000000 ---p 00000000 00:00 0 
7f145c000000-7f145c021000 rw-p 00000000 00:00 0 
7f145c021000-7f1460000000 ---p 00000000 00:00 0 
7f1460000000-7f1460021000 rw-p 00000000 00:00 0 
7f1460021000-7f1464000000 ---p 00000000 00:00 0 
7f1464000000-7f1465c48000 rw-p 00000000 00:00 0 
7f1465c48000-7f1468000000 ---p 00000000 00:00 0 
7f1468000000-7f1468021000 rw-p 00000000 00:00 0 
7f1468021000-7f146c000000 ---p 00000000 00:00 0 
7f146c000000-7f146c021000 rw-p 00000000 00:00 0 
7f146c021000-7f1470000000 ---p 00000000 00:00 0 
7f1470000000-7f1470fbb000 rw-p 00000000 00:00 0 
7f1470fbb000-7f1474000000 ---p 00000000 00:00 0 
7f1474000000-7f1474021000 rw-p 00000000 00:00 0 
7f1474021000-7f1478000000 ---p 00000000 00:00 0 
7f1478000000-7f1478021000 rw-p 00000000 00:00 0 
7f1478021000-7f147c000000 ---p 00000000 00:00 0 
7f147c000000-7f147d691000 rw-p 00000000 00:00 0 
7f147d691000-7f1480000000 ---p 00000000 00:00 0 
7f1480000000-7f1480021000 rw-p 00000000 00:00 0 
7f1480021000-7f1484000000 ---p 00000000 00:00 0 
7f1484000000-7f1484021000 rw-p 00000000 00:00 0 
7f1484021000-7f1488000000 ---p 00000000 00:00 0 
7f1488000000-7f1488021000 rw-p 00000000 00:00 0 
7f1488021000-7f148c000000 ---p 00000000 00:00 0 
7f148c000000-7f148c021000 rw-p 00000000 00:00 0 
7f148c021000-7f1490000000 ---p 00000000 00:00 0 
7f1490000000-7f1490021000 rw-p 00000000 00:00 0 
7f1490021000-7f1494000000 ---p 00000000 00:00 0 
7f1494000000-7f14943c0000 rw-p 00000000 00:00 0 
7f14943c0000-7f1494400000 rw-p 00000000 00:00 0 
7f1494400000-7f14944e0000 rw-p 00000000 00:00 0 
7f14944e0000-7f1494500000 rw-p 00000000 00:00 0 
7f1494500000-7f1494700000 rw-p 00000000 00:00 0 
7f1494700000-7f1494800000 rw-p 00000000 00:00 0 
7f1494800000-7f1494d80000 rw-p 00000000 00:00 0 
7f1494d80000-7f1494e00000 rw-p 00000000 00:00 0 
7f1494e00000-7f1494f00000 rw-p 00000000 00:00 0 
7f1494f00000-7f1495000000 rw-p 00000000 00:00 0 
7f14950fd000-7f1495101000 ---p 00000000 00:00 0 
7f1495101000-7f14951fe000 rw-p 00000000 00:00 0 
7f14951fe000-7f1495202000 ---p 00000000 00:00 0 
7f1495202000-7f14952ff000 rw-p 00000000 00:00 0 
7f14952ff000-7f1495303000 ---p 00000000 00:00 0 
7f1495303000-7f1495500000 rw-p 00000000 00:00 0 
7f1495500000-7f14959c0000 rw-p 00000000 00:00 0 
7f14959c0000-7f1495a00000 rw-p 00000000 00:00 0 
7f1495a00000-7f1495b00000 rw-p 00000000 00:00 0 
7f1495b00000-7f1495c00000 rw-p 00000000 00:00 0 
7f1495c2d000-7f1495c31000 r--p 00000000 08:10 40531                      /usr/lib/x86_64-linux-gnu/libresolv-2.31.so
7f1495c31000-7f1495c41000 r-xp 00004000 08:10 40531                      /usr/lib/x86_64-linux-gnu/libresolv-2.31.so
7f1495c41000-7f1495c45000 r--p 00014000 08:10 40531                      /usr/lib/x86_64-linux-gnu/libresolv-2.31.so
7f1495c45000-7f1495c46000 r--p 00017000 08:10 40531                      /usr/lib/x86_64-linux-gnu/libresolv-2.31.so
7f1495c46000-7f1495c47000 rw-p 00018000 08:10 40531                      /usr/lib/x86_64-linux-gnu/libresolv-2.31.so
7f1495c47000-7f1495c49000 rw-p 00000000 00:00 0 
7f1495c49000-7f1495c4a000 r--p 00000000 08:10 40524                      /usr/lib/x86_64-linux-gnu/libnss_dns-2.31.so
7f1495c4a000-7f1495c4e000 r-xp 00001000 08:10 40524                      /usr/lib/x86_64-linux-gnu/libnss_dns-2.31.so
7f1495c4e000-7f1495c4f000 r--p 00005000 08:10 40524                      /usr/lib/x86_64-linux-gnu/libnss_dns-2.31.so
7f1495c4f000-7f1495c50000 r--p 00005000 08:10 40524                      /usr/lib/x86_64-linux-gnu/libnss_dns-2.31.so
7f1495c50000-7f1495c51000 rw-p 00006000 08:10 40524                      /usr/lib/x86_64-linux-gnu/libnss_dns-2.31.so
7f1495c56000-7f1495c57000 r--p 00000000 08:10 248079                     /usr/lib/jvm/java-17-openjdk-amd64/lib/libextnet.so
7f1495c57000-7f1495c58000 r-xp 00001000 08:10 248079                     /usr/lib/jvm/java-17-openjdk-amd64/lib/libextnet.so
7f1495c58000-7f1495c59000 r--p 00002000 08:10 248079                     /usr/lib/jvm/java-17-openjdk-amd64/lib/libextnet.so
7f1495c59000-7f1495c5a000 r--p 00002000 08:10 248079                     /usr/lib/jvm/java-17-openjdk-amd64/lib/libextnet.so
7f1495c5a000-7f1495c5b000 rw-p 00003000 08:10 248079                     /usr/lib/jvm/java-17-openjdk-amd64/lib/libextnet.so
7f1495c5b000-7f1495c5f000 ---p 00000000 00:00 0 
7f1495c5f000-7f1495d5c000 rw-p 00000000 00:00 0 
7f1495d5c000-7f1495d60000 ---p 00000000 00:00 0 
7f1495d60000-7f1495e5d000 rw-p 00000000 00:00 0 
7f1495e5d000-7f1495e61000 ---p 00000000 00:00 0 
7f1495e61000-7f1495f5e000 rw-p 00000000 00:00 0 
7f1495f5e000-7f1495f5f000 ---p 00000000 00:00 0 
7f1495f5f000-7f1496060000 rw-p 00000000 00:00 0 
7f1496060000-7f1496064000 ---p 00000000 00:00 0 
7f1496064000-7f1496161000 rw-p 00000000 00:00 0 
7f1496161000-7f1496171000 r-xp 00000000 08:10 238302                     /home/aarav/.vscode-server/data/User/globalStorage/redhat.java/1.14.0/config_linux/org.eclipse.equinox.launcher/org.eclipse.equinox.launcher.gtk.linux.x86_64_1.2.700.v20221108-1024/eclipse_11801.so
7f1496171000-7f1496370000 ---p 00010000 08:10 238302                     /home/aarav/.vscode-server/data/User/globalStorage/redhat.java/1.14.0/config_linux/org.eclipse.equinox.launcher/org.eclipse.equinox.launcher.gtk.linux.x86_64_1.2.700.v20221108-1024/eclipse_11801.so
7f1496370000-7f1496371000 r--p 0000f000 08:10 238302                     /home/aarav/.vscode-server/data/User/globalStorage/redhat.java/1.14.0/config_linux/org.eclipse.equinox.launcher/org.eclipse.equinox.launcher.gtk.linux.x86_64_1.2.700.v20221108-1024/eclipse_11801.so
7f1496371000-7f1496372000 rw-p 00010000 08:10 238302                     /home/aarav/.vscode-server/data/User/globalStorage/redhat.java/1.14.0/config_linux/org.eclipse.equinox.launcher/org.eclipse.equinox.launcher.gtk.linux.x86_64_1.2.700.v20221108-1024/eclipse_11801.so
7f1496372000-7f1496373000 rw-p 00000000 00:00 0 
7f1496373000-7f1496377000 ---p 00000000 00:00 0 
7f1496377000-7f1496474000 rw-p 00000000 00:00 0 
7f1496474000-7f1496478000 ---p 00000000 00:00 0 
7f1496478000-7f1496575000 rw-p 00000000 00:00 0 
7f1496575000-7f1496576000 ---p 00000000 00:00 0 
7f1496576000-7f1496677000 rw-p 00000000 00:00 0 
7f1496677000-7f1496678000 ---p 00000000 00:00 0 
7f1496678000-7f1496779000 rw-p 00000000 00:00 0 
7f1496779000-7f149677a000 ---p 00000000 00:00 0 
7f149677a000-7f149687b000 rw-p 00000000 00:00 0 
7f149687b000-7f149687c000 ---p 00000000 00:00 0 
7f149687c000-7f149697d000 rw-p 00000000 00:00 0 
7f149697d000-7f149697e000 ---p 00000000 00:00 0 
7f149697e000-7f1496a7f000 rw-p 00000000 00:00 0 
7f1496a7f000-7f1496a80000 ---p 00000000 00:00 0 
7f1496a80000-7f1496b81000 rw-p 00000000 00:00 0 
7f1496b81000-7f1496b85000 ---p 00000000 00:00 0 
7f1496b85000-7f1496c82000 rw-p 00000000 00:00 0 
7f1496c82000-7f1496c86000 ---p 00000000 00:00 0 
7f1496c86000-7f1496d83000 rw-p 00000000 00:00 0 
7f1496d83000-7f1496d84000 ---p 00000000 00:00 0 
7f1496d84000-7f1496e85000 rw-p 00000000 00:00 0 
7f1496e85000-7f1496e89000 ---p 00000000 00:00 0 
7f1496e89000-7f1496f86000 rw-p 00000000 00:00 0 
7f1496f86000-7f1496f8a000 ---p 00000000 00:00 0 
7f1496f8a000-7f1497087000 rw-p 00000000 00:00 0 
7f1497087000-7f149708b000 ---p 00000000 00:00 0 
7f149708b000-7f1497188000 rw-p 00000000 00:00 0 
7f1497188000-7f149718c000 ---p 00000000 00:00 0 
7f149718c000-7f1497289000 rw-p 00000000 00:00 0 
7f1497289000-7f149728d000 ---p 00000000 00:00 0 
7f149728d000-7f149738a000 rw-p 00000000 00:00 0 
7f149738a000-7f149738e000 ---p 00000000 00:00 0 
7f149738e000-7f149748b000 rw-p 00000000 00:00 0 
7f149748b000-7f149748f000 ---p 00000000 00:00 0 
7f149748f000-7f149758c000 rw-p 00000000 00:00 0 
7f149758c000-7f1497590000 ---p 00000000 00:00 0 
7f1497590000-7f149768d000 rw-p 00000000 00:00 0 
7f149768d000-7f1497800000 r--p 00000000 08:10 20355                      /usr/lib/locale/C.UTF-8/LC_COLLATE
7f1497800000-7f1497c00000 rw-p 00000000 00:00 0 
7f1497c00000-7f1497f80000 rw-p 00000000 00:00 0 
7f1497f80000-7f1498000000 rw-p 00000000 00:00 0 
7f1498000000-7f1498021000 rw-p 00000000 00:00 0 
7f1498021000-7f149c000000 ---p 00000000 00:00 0 
7f149c003000-7f149c007000 ---p 00000000 00:00 0 
7f149c007000-7f149c025000 rw-p 00000000 00:00 0 
7f149c025000-7f149c029000 r--p 00000000 08:10 248108                     /usr/lib/jvm/java-17-openjdk-amd64/lib/libverify.so
7f149c029000-7f149c030000 r-xp 00004000 08:10 248108                     /usr/lib/jvm/java-17-openjdk-amd64/lib/libverify.so
7f149c030000-7f149c032000 r--p 0000b000 08:10 248108                     /usr/lib/jvm/java-17-openjdk-amd64/lib/libverify.so
7f149c032000-7f149c033000 ---p 0000d000 08:10 248108                     /usr/lib/jvm/java-17-openjdk-amd64/lib/libverify.so
7f149c033000-7f149c035000 r--p 0000d000 08:10 248108                     /usr/lib/jvm/java-17-openjdk-amd64/lib/libverify.so
7f149c035000-7f149c036000 rw-p 0000f000 08:10 248108                     /usr/lib/jvm/java-17-openjdk-amd64/lib/libverify.so
7f149c036000-7f149c03a000 r--p 00000000 08:10 248101                     /usr/lib/jvm/java-17-openjdk-amd64/lib/libnet.so
7f149c03a000-7f149c048000 r-xp 00004000 08:10 248101                     /usr/lib/jvm/java-17-openjdk-amd64/lib/libnet.so
7f149c048000-7f149c04c000 r--p 00012000 08:10 248101                     /usr/lib/jvm/java-17-openjdk-amd64/lib/libnet.so
7f149c04c000-7f149c04d000 r--p 00015000 08:10 248101                     /usr/lib/jvm/java-17-openjdk-amd64/lib/libnet.so
7f149c04d000-7f149c04e000 rw-p 00016000 08:10 248101                     /usr/lib/jvm/java-17-openjdk-amd64/lib/libnet.so
7f149c04e000-7f149c080000 r--p 00000000 08:10 20356                      /usr/lib/locale/C.UTF-8/LC_CTYPE
7f149c080000-7f149c366000 r--p 00000000 08:10 5804                       /usr/lib/locale/locale-archive
7f149c366000-7f149c36a000 ---p 00000000 00:00 0 
7f149c36a000-7f149c467000 rw-p 00000000 00:00 0 
7f149c467000-7f149c46b000 ---p 00000000 00:00 0 
7f149c46b000-7f149c568000 rw-p 00000000 00:00 0 
7f149c568000-7f149c569000 ---p 00000000 00:00 0 
7f149c569000-7f149c66a000 rw-p 00000000 00:00 0 
7f149c66a000-7f149c66f000 r--p 00000000 08:10 248095                     /usr/lib/jvm/java-17-openjdk-amd64/lib/libjsvml.so
7f149c66f000-7f149c6b0000 r-xp 00005000 08:10 248095                     /usr/lib/jvm/java-17-openjdk-amd64/lib/libjsvml.so
7f149c6b0000-7f149c739000 r--p 00046000 08:10 248095                     /usr/lib/jvm/java-17-openjdk-amd64/lib/libjsvml.so
7f149c739000-7f149c73a000 r--p 000ce000 08:10 248095                     /usr/lib/jvm/java-17-openjdk-amd64/lib/libjsvml.so
7f149c73a000-7f149c73b000 rw-p 000cf000 08:10 248095                     /usr/lib/jvm/java-17-openjdk-amd64/lib/libjsvml.so
7f149c73b000-7f149d145000 rw-p 00000000 00:00 0 
7f149d145000-7f149d3b5000 rwxp 00000000 00:00 0 
7f149d3b5000-7f149d6d7000 ---p 00000000 00:00 0 
7f149d6d7000-7f149eb47000 rwxp 00000000 00:00 0 
7f149eb47000-7f14a4c0e000 ---p 00000000 00:00 0 
7f14a4c0e000-7f14a513e000 rwxp 00000000 00:00 0 
7f14a513e000-7f14ac145000 ---p 00000000 00:00 0 
7f14ac145000-7f14b4000000 r--s 00000000 08:10 248110                     /usr/lib/jvm/java-17-openjdk-amd64/lib/modules
7f14b4000000-7f14b456f000 rw-p 00000000 00:00 0 
7f14b456f000-7f14b8000000 ---p 00000000 00:00 0 
7f14b8004000-7f14b800a000 r--p 00000000 08:10 248102                     /usr/lib/jvm/java-17-openjdk-amd64/lib/libnio.so
7f14b800a000-7f14b8013000 r-xp 00006000 08:10 248102                     /usr/lib/jvm/java-17-openjdk-amd64/lib/libnio.so
7f14b8013000-7f14b8017000 r--p 0000f000 08:10 248102                     /usr/lib/jvm/java-17-openjdk-amd64/lib/libnio.so
7f14b8017000-7f14b8018000 ---p 00013000 08:10 248102                     /usr/lib/jvm/java-17-openjdk-amd64/lib/libnio.so
7f14b8018000-7f14b8019000 r--p 00013000 08:10 248102                     /usr/lib/jvm/java-17-openjdk-amd64/lib/libnio.so
7f14b8019000-7f14b801a000 rw-p 00014000 08:10 248102                     /usr/lib/jvm/java-17-openjdk-amd64/lib/libnio.so
7f14b801a000-7f14b801b000 r--p 00000000 08:10 20362                      /usr/lib/locale/C.UTF-8/LC_NUMERIC
7f14b801b000-7f14b801c000 r--p 00000000 08:10 20365                      /usr/lib/locale/C.UTF-8/LC_TIME
7f14b801c000-7f14b801d000 r--p 00000000 08:10 20360                      /usr/lib/locale/C.UTF-8/LC_MONETARY
7f14b801d000-7f14b801e000 r--p 00000000 08:10 20359                      /usr/lib/locale/C.UTF-8/LC_MESSAGES/SYS_LC_MESSAGES
7f14b801e000-7f14b801f000 r--p 00000000 08:10 20363                      /usr/lib/locale/C.UTF-8/LC_PAPER
7f14b801f000-7f14b8020000 r--p 00000000 08:10 20361                      /usr/lib/locale/C.UTF-8/LC_NAME
7f14b8020000-7f14b8021000 r--p 00000000 08:10 20354                      /usr/lib/locale/C.UTF-8/LC_ADDRESS
7f14b8021000-7f14b8022000 r--p 00000000 08:10 20364                      /usr/lib/locale/C.UTF-8/LC_TELEPHONE
7f14b8022000-7f14b8023000 r--p 00000000 08:10 20358                      /usr/lib/locale/C.UTF-8/LC_MEASUREMENT
7f14b8023000-7f14b802a000 r--s 00000000 08:10 40797                      /usr/lib/x86_64-linux-gnu/gconv/gconv-modules.cache
7f14b802a000-7f14bb494000 rw-p 00000000 00:00 0 
7f14bb494000-7f14bb5c2000 ---p 00000000 00:00 0 
7f14bb5c2000-7f14bb5c3000 ---p 00000000 00:00 0 
7f14bb5c3000-7f14bb6ec000 rw-p 00000000 00:00 0 
7f14bb6ec000-7f14bb819000 ---p 00000000 00:00 0 
7f14bb819000-7f14bb825000 rw-p 00000000 00:00 0 
7f14bb825000-7f14bb8c4000 ---p 00000000 00:00 0 
7f14bb8c4000-7f14bb8d0000 rw-p 00000000 00:00 0 
7f14bb8d0000-7f14bb9b0000 ---p 00000000 00:00 0 
7f14bb9b0000-7f14bb9d9000 rw-p 00000000 00:00 0 
7f14bb9d9000-7f14bba9b000 ---p 00000000 00:00 0 
7f14bba9b000-7f14bbaa0000 rw-p 00000000 00:00 0 
7f14bbaa0000-7f14bbaa7000 ---p 00000000 00:00 0 
7f14bbaa7000-7f14bbaa9000 r--p 00000000 08:10 248109                     /usr/lib/jvm/java-17-openjdk-amd64/lib/libzip.so
7f14bbaa9000-7f14bbaae000 r-xp 00002000 08:10 248109                     /usr/lib/jvm/java-17-openjdk-amd64/lib/libzip.so
7f14bbaae000-7f14bbab0000 r--p 00007000 08:10 248109                     /usr/lib/jvm/java-17-openjdk-amd64/lib/libzip.so
7f14bbab0000-7f14bbab1000 r--p 00008000 08:10 248109                     /usr/lib/jvm/java-17-openjdk-amd64/lib/libzip.so
7f14bbab1000-7f14bbab2000 rw-p 00009000 08:10 248109                     /usr/lib/jvm/java-17-openjdk-amd64/lib/libzip.so
7f14bbab2000-7f14bbab5000 r--p 00000000 08:10 40525                      /usr/lib/x86_64-linux-gnu/libnss_files-2.31.so
7f14bbab5000-7f14bbabc000 r-xp 00003000 08:10 40525                      /usr/lib/x86_64-linux-gnu/libnss_files-2.31.so
7f14bbabc000-7f14bbabe000 r--p 0000a000 08:10 40525                      /usr/lib/x86_64-linux-gnu/libnss_files-2.31.so
7f14bbabe000-7f14bbabf000 r--p 0000b000 08:10 40525                      /usr/lib/x86_64-linux-gnu/libnss_files-2.31.so
7f14bbabf000-7f14bbac0000 rw-p 0000c000 08:10 40525                      /usr/lib/x86_64-linux-gnu/libnss_files-2.31.so
7f14bbac0000-7f14bbac6000 rw-p 00000000 00:00 0 
7f14bbac6000-7f14bbac8000 r--s 0000c000 08:10 229735                     /usr/share/java/java-atk-wrapper.jar
7f14bbac8000-7f14bbad0000 rw-s 00000000 08:10 236063                     /tmp/hsperfdata_aarav/327
7f14bbad0000-7f14bbadc000 r--p 00000000 08:10 248087                     /usr/lib/jvm/java-17-openjdk-amd64/lib/libjava.so
7f14bbadc000-7f14bbaef000 r-xp 0000c000 08:10 248087                     /usr/lib/jvm/java-17-openjdk-amd64/lib/libjava.so
7f14bbaef000-7f14bbaf5000 r--p 0001f000 08:10 248087                     /usr/lib/jvm/java-17-openjdk-amd64/lib/libjava.so
7f14bbaf5000-7f14bbaf6000 ---p 00025000 08:10 248087                     /usr/lib/jvm/java-17-openjdk-amd64/lib/libjava.so
7f14bbaf6000-7f14bbaf7000 r--p 00025000 08:10 248087                     /usr/lib/jvm/java-17-openjdk-amd64/lib/libjava.so
7f14bbaf7000-7f14bbaf8000 rw-p 00026000 08:10 248087                     /usr/lib/jvm/java-17-openjdk-amd64/lib/libjava.so
7f14bbaf8000-7f14bbaf9000 rw-p 00000000 00:00 0 
7f14bbaf9000-7f14bbafa000 r--p 00000000 08:10 248081                     /usr/lib/jvm/java-17-openjdk-amd64/lib/libinstrument.so
7f14bbafa000-7f14bbb00000 r-xp 00001000 08:10 248081                     /usr/lib/jvm/java-17-openjdk-amd64/lib/libinstrument.so
7f14bbb00000-7f14bbb03000 r--p 00007000 08:10 248081                     /usr/lib/jvm/java-17-openjdk-amd64/lib/libinstrument.so
7f14bbb03000-7f14bbb04000 r--p 00009000 08:10 248081                     /usr/lib/jvm/java-17-openjdk-amd64/lib/libinstrument.so
7f14bbb04000-7f14bbb05000 rw-p 0000a000 08:10 248081                     /usr/lib/jvm/java-17-openjdk-amd64/lib/libinstrument.so
7f14bbb05000-7f14bbb06000 ---p 00000000 00:00 0 
7f14bbb06000-7f14bbb07000 r--p 00000000 00:00 0 
7f14bbb07000-7f14bbb0b000 ---p 00000000 00:00 0 
7f14bbb0b000-7f14bbc08000 rw-p 00000000 00:00 0 
7f14bbc08000-7f14bbc0b000 r--p 00000000 08:10 49031                      /usr/lib/x86_64-linux-gnu/libgcc_s.so.1
7f14bbc0b000-7f14bbc1d000 r-xp 00003000 08:10 49031                      /usr/lib/x86_64-linux-gnu/libgcc_s.so.1
7f14bbc1d000-7f14bbc21000 r--p 00015000 08:10 49031                      /usr/lib/x86_64-linux-gnu/libgcc_s.so.1
7f14bbc21000-7f14bbc22000 r--p 00018000 08:10 49031                      /usr/lib/x86_64-linux-gnu/libgcc_s.so.1
7f14bbc22000-7f14bbc23000 rw-p 00019000 08:10 49031                      /usr/lib/x86_64-linux-gnu/libgcc_s.so.1
7f14bbc23000-7f14bbc30000 r--p 00000000 08:10 40519                      /usr/lib/x86_64-linux-gnu/libm-2.31.so
7f14bbc30000-7f14bbcd7000 r-xp 0000d000 08:10 40519                      /usr/lib/x86_64-linux-gnu/libm-2.31.so
7f14bbcd7000-7f14bbd70000 r--p 000b4000 08:10 40519                      /usr/lib/x86_64-linux-gnu/libm-2.31.so
7f14bbd70000-7f14bbd71000 r--p 0014c000 08:10 40519                      /usr/lib/x86_64-linux-gnu/libm-2.31.so
7f14bbd71000-7f14bbd72000 rw-p 0014d000 08:10 40519                      /usr/lib/x86_64-linux-gnu/libm-2.31.so
7f14bbd72000-7f14bbe08000 r--p 00000000 08:10 42212                      /usr/lib/x86_64-linux-gnu/libstdc++.so.6.0.28
7f14bbe08000-7f14bbef9000 r-xp 00096000 08:10 42212                      /usr/lib/x86_64-linux-gnu/libstdc++.so.6.0.28
7f14bbef9000-7f14bbf42000 r--p 00187000 08:10 42212                      /usr/lib/x86_64-linux-gnu/libstdc++.so.6.0.28
7f14bbf42000-7f14bbf43000 ---p 001d0000 08:10 42212                      /usr/lib/x86_64-linux-gnu/libstdc++.so.6.0.28
7f14bbf43000-7f14bbf4e000 r--p 001d0000 08:10 42212                      /usr/lib/x86_64-linux-gnu/libstdc++.so.6.0.28
7f14bbf4e000-7f14bbf51000 rw-p 001db000 08:10 42212                      /usr/lib/x86_64-linux-gnu/libstdc++.so.6.0.28
7f14bbf51000-7f14bbf54000 rw-p 00000000 00:00 0 
7f14bbf54000-7f14bc1a4000 r--p 00000000 08:10 248116                     /usr/lib/jvm/java-17-openjdk-amd64/lib/server/libjvm.so
7f14bc1a4000-7f14bcf31000 r-xp 00250000 08:10 248116                     /usr/lib/jvm/java-17-openjdk-amd64/lib/server/libjvm.so
7f14bcf31000-7f14bd1b7000 r--p 00fdd000 08:10 248116                     /usr/lib/jvm/java-17-openjdk-amd64/lib/server/libjvm.so
7f14bd1b7000-7f14bd26f000 r--p 01262000 08:10 248116                     /usr/lib/jvm/java-17-openjdk-amd64/lib/server/libjvm.so
7f14bd26f000-7f14bd2a4000 rw-p 0131a000 08:10 248116                     /usr/lib/jvm/java-17-openjdk-amd64/lib/server/libjvm.so
7f14bd2a4000-7f14bd2ff000 rw-p 00000000 00:00 0 
7f14bd2ff000-7f14bd305000 r--p 00000000 08:10 40530                      /usr/lib/x86_64-linux-gnu/libpthread-2.31.so
7f14bd305000-7f14bd316000 r-xp 00006000 08:10 40530                      /usr/lib/x86_64-linux-gnu/libpthread-2.31.so
7f14bd316000-7f14bd31c000 r--p 00017000 08:10 40530                      /usr/lib/x86_64-linux-gnu/libpthread-2.31.so
7f14bd31c000-7f14bd31d000 r--p 0001c000 08:10 40530                      /usr/lib/x86_64-linux-gnu/libpthread-2.31.so
7f14bd31d000-7f14bd31e000 rw-p 0001d000 08:10 40530                      /usr/lib/x86_64-linux-gnu/libpthread-2.31.so
7f14bd31e000-7f14bd322000 rw-p 00000000 00:00 0 
7f14bd322000-7f14bd323000 r--p 00000000 08:10 40518                      /usr/lib/x86_64-linux-gnu/libdl-2.31.so
7f14bd323000-7f14bd325000 r-xp 00001000 08:10 40518                      /usr/lib/x86_64-linux-gnu/libdl-2.31.so
7f14bd325000-7f14bd326000 r--p 00003000 08:10 40518                      /usr/lib/x86_64-linux-gnu/libdl-2.31.so
7f14bd326000-7f14bd327000 r--p 00003000 08:10 40518                      /usr/lib/x86_64-linux-gnu/libdl-2.31.so
7f14bd327000-7f14bd328000 rw-p 00004000 08:10 40518                      /usr/lib/x86_64-linux-gnu/libdl-2.31.so
7f14bd328000-7f14bd32a000 r--p 00000000 08:10 24278                      /usr/lib/x86_64-linux-gnu/libz.so.1.2.11
7f14bd32a000-7f14bd33b000 r-xp 00002000 08:10 24278                      /usr/lib/x86_64-linux-gnu/libz.so.1.2.11
7f14bd33b000-7f14bd341000 r--p 00013000 08:10 24278                      /usr/lib/x86_64-linux-gnu/libz.so.1.2.11
7f14bd341000-7f14bd342000 ---p 00019000 08:10 24278                      /usr/lib/x86_64-linux-gnu/libz.so.1.2.11
7f14bd342000-7f14bd343000 r--p 00019000 08:10 24278                      /usr/lib/x86_64-linux-gnu/libz.so.1.2.11
7f14bd343000-7f14bd344000 rw-p 0001a000 08:10 24278                      /usr/lib/x86_64-linux-gnu/libz.so.1.2.11
7f14bd344000-7f14bd366000 r--p 00000000 08:10 40517                      /usr/lib/x86_64-linux-gnu/libc-2.31.so
7f14bd366000-7f14bd4de000 r-xp 00022000 08:10 40517                      /usr/lib/x86_64-linux-gnu/libc-2.31.so
7f14bd4de000-7f14bd52c000 r--p 0019a000 08:10 40517                      /usr/lib/x86_64-linux-gnu/libc-2.31.so
7f14bd52c000-7f14bd530000 r--p 001e7000 08:10 40517                      /usr/lib/x86_64-linux-gnu/libc-2.31.so
7f14bd530000-7f14bd532000 rw-p 001eb000 08:10 40517                      /usr/lib/x86_64-linux-gnu/libc-2.31.so
7f14bd532000-7f14bd536000 rw-p 00000000 00:00 0 
7f14bd536000-7f14bd537000 r--p 00000000 08:10 20357                      /usr/lib/locale/C.UTF-8/LC_IDENTIFICATION
7f14bd537000-7f14bd539000 r--p 00000000 08:10 248091                     /usr/lib/jvm/java-17-openjdk-amd64/lib/libjimage.so
7f14bd539000-7f14bd53c000 r-xp 00002000 08:10 248091                     /usr/lib/jvm/java-17-openjdk-amd64/lib/libjimage.so
7f14bd53c000-7f14bd53d000 r--p 00005000 08:10 248091                     /usr/lib/jvm/java-17-openjdk-amd64/lib/libjimage.so
7f14bd53d000-7f14bd53e000 ---p 00006000 08:10 248091                     /usr/lib/jvm/java-17-openjdk-amd64/lib/libjimage.so
7f14bd53e000-7f14bd53f000 r--p 00006000 08:10 248091                     /usr/lib/jvm/java-17-openjdk-amd64/lib/libjimage.so
7f14bd53f000-7f14bd540000 rw-p 00007000 08:10 248091                     /usr/lib/jvm/java-17-openjdk-amd64/lib/libjimage.so
7f14bd540000-7f14bd542000 r--p 00000000 08:10 248092                     /usr/lib/jvm/java-17-openjdk-amd64/lib/libjli.so
7f14bd542000-7f14bd54c000 r-xp 00002000 08:10 248092                     /usr/lib/jvm/java-17-openjdk-amd64/lib/libjli.so
7f14bd54c000-7f14bd54f000 r--p 0000c000 08:10 248092                     /usr/lib/jvm/java-17-openjdk-amd64/lib/libjli.so
7f14bd54f000-7f14bd550000 ---p 0000f000 08:10 248092                     /usr/lib/jvm/java-17-openjdk-amd64/lib/libjli.so
7f14bd550000-7f14bd551000 r--p 0000f000 08:10 248092                     /usr/lib/jvm/java-17-openjdk-amd64/lib/libjli.so
7f14bd551000-7f14bd552000 rw-p 00010000 08:10 248092                     /usr/lib/jvm/java-17-openjdk-amd64/lib/libjli.so
7f14bd552000-7f14bd554000 rw-p 00000000 00:00 0 
7f14bd554000-7f14bd555000 r--p 00000000 08:10 40513                      /usr/lib/x86_64-linux-gnu/ld-2.31.so
7f14bd555000-7f14bd578000 r-xp 00001000 08:10 40513                      /usr/lib/x86_64-linux-gnu/ld-2.31.so
7f14bd578000-7f14bd580000 r--p 00024000 08:10 40513                      /usr/lib/x86_64-linux-gnu/ld-2.31.so
7f14bd580000-7f14bd581000 ---p 00000000 00:00 0 
7f14bd581000-7f14bd582000 r--p 0002c000 08:10 40513                      /usr/lib/x86_64-linux-gnu/ld-2.31.so
7f14bd582000-7f14bd583000 rw-p 0002d000 08:10 40513                      /usr/lib/x86_64-linux-gnu/ld-2.31.so
7f14bd583000-7f14bd584000 rw-p 00000000 00:00 0 
7fffc8378000-7fffc839a000 rw-p 00000000 00:00 0                          [stack]
7fffc83bd000-7fffc83c1000 r--p 00000000 00:00 0                          [vvar]
7fffc83c1000-7fffc83c2000 r-xp 00000000 00:00 0                          [vdso]


VM Arguments:
jvm_args: --add-modules=ALL-SYSTEM --add-opens=java.base/java.util=ALL-UNNAMED --add-opens=java.base/java.lang=ALL-UNNAMED --add-opens=java.base/sun.nio.fs=ALL-UNNAMED -Declipse.application=org.eclipse.jdt.ls.core.id1 -Dosgi.bundles.defaultStartLevel=4 -Declipse.product=org.eclipse.jdt.ls.core.product -Djava.import.generatesMetadataFilesAtProjectRoot=false -Dfile.encoding=utf8 -XX:+UseParallelGC -XX:GCTimeRatio=4 -XX:AdaptiveSizePolicyWeight=90 -Dsun.zip.disableMemoryMapping=true -Xmx1G -Xms100m -Xlog:disable -javaagent:/home/aarav/.vscode-server/extensions/redhat.java-1.14.0-linux-x64/lombok/lombok-1.18.24.jar -XX:+HeapDumpOnOutOfMemoryError -XX:HeapDumpPath=/home/aarav/.vscode-server/data/User/workspaceStorage/dc847fc27a6d2243d3dbbbd772239ca1/redhat.java 
java_command: /home/aarav/.vscode-server/extensions/redhat.java-1.14.0-linux-x64/server/plugins/org.eclipse.equinox.launcher_1.6.400.v20210924-0641.jar -configuration /home/aarav/.vscode-server/data/User/globalStorage/redhat.java/1.14.0/config_linux -data /home/aarav/.vscode-server/data/User/workspaceStorage/dc847fc27a6d2243d3dbbbd772239ca1/redhat.java/jdt_ws
java_class_path (initial): /home/aarav/.vscode-server/extensions/redhat.java-1.14.0-linux-x64/server/plugins/org.eclipse.equinox.launcher_1.6.400.v20210924-0641.jar
Launcher Type: SUN_STANDARD

[Global flags]
    uintx AdaptiveSizePolicyWeight                 = 90                                        {product} {command line}
     intx CICompilerCount                          = 4                                         {product} {ergonomic}
    uintx GCTimeRatio                              = 4                                         {product} {command line}
     bool HeapDumpOnOutOfMemoryError               = true                                   {manageable} {command line}
    ccstr HeapDumpPath                             = /home/aarav/.vscode-server/data/User/workspaceStorage/dc847fc27a6d2243d3dbbbd772239ca1/redhat.java         {manageable} {command line}
   size_t InitialHeapSize                          = 104857600                                 {product} {command line}
   size_t MaxHeapSize                              = 1073741824                                {product} {command line}
   size_t MaxNewSize                               = 357564416                                 {product} {ergonomic}
   size_t MinHeapDeltaBytes                        = 524288                                    {product} {ergonomic}
   size_t MinHeapSize                              = 104857600                                 {product} {command line}
   size_t NewSize                                  = 34603008                                  {product} {ergonomic}
    uintx NonNMethodCodeHeapSize                   = 5839372                                {pd product} {ergonomic}
    uintx NonProfiledCodeHeapSize                  = 122909434                              {pd product} {ergonomic}
   size_t OldSize                                  = 70254592                                  {product} {ergonomic}
    uintx ProfiledCodeHeapSize                     = 122909434                              {pd product} {ergonomic}
    uintx ReservedCodeCacheSize                    = 251658240                              {pd product} {ergonomic}
     bool SegmentedCodeCache                       = true                                      {product} {ergonomic}
   size_t SoftMaxHeapSize                          = 1073741824                             {manageable} {ergonomic}
     bool UseCompressedClassPointers               = true                           {product lp64_product} {ergonomic}
     bool UseCompressedOops                        = true                           {product lp64_product} {ergonomic}
     bool UseParallelGC                            = true                                      {product} {command line}

Logging:
Log output configuration:
 #0: stdout all=off uptime,level,tags
 #1: stderr all=off uptime,level,tags

Environment Variables:
PATH=/home/aarav/.vscode-server/bin/97dec172d3256f8ca4bfb2143f3f76b503ca0534/bin/remote-cli:/home/aarav/anaconda3/bin:/home/aarav/anaconda3/condabin:/usr/local/sbin:/usr/local/bin:/usr/sbin:/usr/bin:/sbin:/bin:/usr/games:/usr/local/games:/usr/lib/wsl/lib:/mnt/c/Program Files/Common Files/Oracle/Java/javapath:/mnt/c/Program Files/Eclipse Adoptium/jdk-17.0.4.8-hotspot/bin:/mnt/c/Program Files (x86)/VMware/VMware Player/bin:/mnt/c/Program Files (x86)/Intel/Intel(R) Management Engine Components/iCLS:/mnt/c/Program Files/Intel/Intel(R) Management Engine Components/iCLS:/mnt/c/Windows/system32:/mnt/c/Windows:/mnt/c/Windows/System32/Wbem:/mnt/c/Windows/System32/WindowsPowerShell/v1.0:/mnt/c/Windows/System32/OpenSSH:/mnt/c/Program Files (x86)/Intel/Intel(R) Management Engine Components/DAL:/mnt/c/Program Files/Intel/Intel(R) Management Engine Components/DAL:/mnt/c/Program Files (x86)/Intel/Intel(R) Management Engine Components/IPT:/mnt/c/Program Files/Intel/Intel(R) Management Engine Components/IPT:/mnt/c/Program Files (x86)/NVIDIA Corporation/PhysX/Common:/mnt/c/WINDOWS/system32:/mnt/c/WINDOWS:/mnt/c/WINDOWS/System32/Wbem:/mnt/c/WINDOWS/System32/WindowsPowerShell/v1.0:/mnt/c/WINDOWS/System32/OpenSSH:/mnt/c/Users/aarav/AppData/Local/Programs/Python/Python310/python.exe:/mnt/c/Program Files/Git/cmd:/mnt/c/Users/aarav/AppData/Local/Microsoft/WindowsApps:/mnt/c/Users/aarav/AppData/Local/Programs/Microsoft VS Code/bin:/mnt/c/Users/aarav/AppData/Local/GitHubDesktop/bin:/snap/bin
SHELL=/bin/bash
HOSTTYPE=x86_64
LANG=C.UTF-8
TERM=xterm-256color

Signal Handlers:
   SIGSEGV: 0x00007f14bceafd60 in libjvm.so+16104800, mask=11100100010111111101111111111110, flags=SA_RESTART|SA_SIGINFO
    SIGBUS: 0x00007f14bceafd60 in libjvm.so+16104800, mask=11100100010111111101111111111110, flags=SA_RESTART|SA_SIGINFO
    SIGFPE: 0x00007f14bceafd60 in libjvm.so+16104800, mask=11100100010111111101111111111110, flags=SA_RESTART|SA_SIGINFO
   SIGPIPE: 0x00007f14bcd51b30 in libjvm.so+14670640, mask=11100100010111111101111111111110, flags=SA_RESTART|SA_SIGINFO
   SIGXFSZ: 0x00007f14bcd51b30 in libjvm.so+14670640, mask=11100100010111111101111111111110, flags=SA_RESTART|SA_SIGINFO
    SIGILL: 0x00007f14bceafd60 in libjvm.so+16104800, mask=11100100010111111101111111111110, flags=SA_RESTART|SA_SIGINFO
   SIGUSR2: 0x00007f14bcd511a0 in libjvm.so+14668192, mask=00000000000000000000000000000000, flags=SA_RESTART|SA_SIGINFO
    SIGHUP: 0x00007f14bcd510e0 in libjvm.so+14668000, mask=11100100010111111101111111111110, flags=SA_RESTART|SA_SIGINFO
    SIGINT: 0x00007f14bcd510e0 in libjvm.so+14668000, mask=11100100010111111101111111111110, flags=SA_RESTART|SA_SIGINFO
   SIGTERM: 0x00007f14bcd510e0 in libjvm.so+14668000, mask=11100100010111111101111111111110, flags=SA_RESTART|SA_SIGINFO
   SIGQUIT: 0x00007f14bcd510e0 in libjvm.so+14668000, mask=11100100010111111101111111111110, flags=SA_RESTART|SA_SIGINFO
  *** Handler was modified!
  *** Expected: 0x00007f14bcd51b30 in libjvm.so+14670640, mask=11100100110111111111111111111110, flags=SA_RESTART|SA_SIGINFO
   SIGTRAP: 0x00007f14bceafd60 in libjvm.so+16104800, mask=11100100010111111101111111111110, flags=SA_RESTART|SA_SIGINFO


---------------  S Y S T E M  ---------------

OS:
DISTRIB_ID=Ubuntu
DISTRIB_RELEASE=20.04
DISTRIB_CODENAME=focal
DISTRIB_DESCRIPTION="Ubuntu 20.04.5 LTS"
uname: Linux 5.10.16.3-microsoft-standard-WSL2 #1 SMP Fri Apr 2 22:23:49 UTC 2021 x86_64
OS uptime: 0 days 0:02 hours
libc: glibc 2.31 NPTL 2.31 
rlimit (soft/hard): STACK 8192k/infinity , CORE 0k/infinity , NPROC 50721/50721 , NOFILE 4096/4096 , AS infinity/infinity , CPU infinity/infinity , DATA infinity/infinity , FSIZE infinity/infinity , MEMLOCK 64k/64k
load average: 0.35 0.30 0.12

/proc/meminfo:
MemTotal:       12988920 kB
MemFree:        12009584 kB
MemAvailable:   12099892 kB
Buffers:           44776 kB
Cached:           267624 kB
SwapCached:            0 kB
Active:           153068 kB
Inactive:         692804 kB
Active(anon):        140 kB
Inactive(anon):   533392 kB
Active(file):     152928 kB
Inactive(file):   159412 kB
Unevictable:           0 kB
Mlocked:               0 kB
SwapTotal:       4194304 kB
SwapFree:        4194304 kB
Dirty:              1112 kB
Writeback:             0 kB
AnonPages:        531024 kB
Mapped:            75140 kB
Shmem:                68 kB
KReclaimable:      27592 kB
Slab:              54004 kB
SReclaimable:      27592 kB
SUnreclaim:        26412 kB
KernelStack:        3856 kB
PageTables:         8340 kB
NFS_Unstable:          0 kB
Bounce:                0 kB
WritebackTmp:          0 kB
CommitLimit:    10688764 kB
Committed_AS:     807832 kB
VmallocTotal:   34359738367 kB
VmallocUsed:       23996 kB
VmallocChunk:          0 kB
Percpu:             2432 kB
AnonHugePages:    126976 kB
ShmemHugePages:        0 kB
ShmemPmdMapped:        0 kB
FileHugePages:         0 kB
FilePmdMapped:         0 kB
HugePages_Total:       0
HugePages_Free:        0
HugePages_Rsvd:        0
HugePages_Surp:        0
Hugepagesize:       2048 kB
Hugetlb:               0 kB
DirectMap4k:       17408 kB
DirectMap2M:     3864576 kB
DirectMap1G:     9437184 kB

/sys/kernel/mm/transparent_hugepage/enabled: [always] madvise never
/sys/kernel/mm/transparent_hugepage/defrag (defrag/compaction efforts parameter): always defer defer+madvise [madvise] never

Process Memory:
Virtual Size: 6170168K (peak: 6178520K)
Resident Set Size: 362864K (peak: 362864K) (anon: 327676K, file: 35188K, shmem: 0K)
Swapped out: 0K
C-Heap outstanding allocations: 69450K, retained: 102741K
glibc malloc tunables: (default)

/proc/sys/kernel/threads-max (system-wide limit on the number of threads): 101442
/proc/sys/vm/max_map_count (maximum number of memory map areas a process may have): 65530
/proc/sys/kernel/pid_max (system-wide limit on number of process identifiers): 32768

container (cgroup) information:
container_type: cgroupv1
cpu_cpuset_cpus: 0-7
cpu_memory_nodes: 0
active_processor_count: 8
cpu_quota: no quota
cpu_period: 100000
cpu_shares: no shares
memory_limit_in_bytes: unlimited
memory_and_swap_limit_in_bytes: unlimited
memory_soft_limit_in_bytes: unlimited
memory_usage_in_bytes: 843052 k
memory_max_usage_in_bytes: 108956 k
maximum number of tasks: not supported
current number of tasks: not supported

Hyper-V virtualization detected
Steal ticks since vm start: 0
Steal ticks percentage since vm start:  0.000

CPU: total 8 (initial active 8) (4 cores per cpu, 2 threads per core) family 6 model 142 stepping 10 microcode 0xffffffff, cx8, cmov, fxsr, ht, mmx, 3dnowpref, sse, sse2, sse3, ssse3, sse4.1, sse4.2, popcnt, lzcnt, tsc, avx, avx2, aes, erms, clmul, bmi1, bmi2, adx, fma, vzeroupper, clflush, clflushopt, hv
CPU Model and flags from /proc/cpuinfo:
model name	: Intel(R) Core(TM) i7-8550U CPU @ 1.80GHz
flags		: fpu vme de pse tsc msr pae mce cx8 apic sep mtrr pge mca cmov pat pse36 clflush mmx fxsr sse sse2 ss ht syscall nx pdpe1gb rdtscp lm constant_tsc rep_good nopl xtopology cpuid pni pclmulqdq ssse3 fma cx16 pcid sse4_1 sse4_2 movbe popcnt aes xsave avx f16c rdrand hypervisor lahf_lm abm 3dnowprefetch invpcid_single pti ssbd ibrs ibpb stibp fsgsbase bmi1 avx2 smep bmi2 erms invpcid rdseed adx smap clflushopt xsaveopt xsavec xgetbv1 xsaves flush_l1d arch_capabilities

Online cpus: 0-7
Offline cpus: 
BIOS frequency limitation: <Not Available>
Frequency switch latency (ns): <Not Available>
Available cpu frequencies: <Not Available>
Current governor: <Not Available>
Core performance/turbo boost: <Not Available>

Memory: 4k page, physical 12988920k(12009584k free), swap 4194304k(4194304k free)
Page Sizes: 4k

vm_info: OpenJDK 64-Bit Server VM (17.0.5+8-Ubuntu-2ubuntu120.04) for linux-amd64 JRE (17.0.5+8-Ubuntu-2ubuntu120.04), built on Oct 25 2022 13:05:40 by "buildd" with gcc 9.4.0

END.
